{"timestamp":"2026-06-29T22:41:16.696612Z","level":"info","event":"::group::Pre Execute","logger":"task","filename":"task_runner.py","lineno":1926}
{"timestamp":"2026-06-29T22:41:16.761240Z","level":"info","event":"DAG bundles loaded: dags-folder","run_id":"manual__2026-06-29T22:41:11.009191+00:00","try_number":1,"map_index":-1,"ti_id":"019f158b-2f82-7694-9103-c3539c9cd4c8","dag_id":"dag01","task_id":"PRELOAD01","logger":"airflow.dag_processing.bundles.manager.DagBundlesManager","filename":"manager.py","lineno":209}
{"timestamp":"2026-06-29T22:41:16.764934Z","level":"info","event":"Filling up the DagBag from /opt/airflow/dags/dag01.py","run_id":"manual__2026-06-29T22:41:11.009191+00:00","try_number":1,"map_index":-1,"ti_id":"019f158b-2f82-7694-9103-c3539c9cd4c8","dag_id":"dag01","task_id":"PRELOAD01","logger":"airflow.dag_processing.dagbag.BundleDagBag","filename":"dagbag.py","lineno":469}
{"timestamp":"2026-06-29T22:41:17.415856Z","level":"info","event":"::endgroup::","run_id":"manual__2026-06-29T22:41:11.009191+00:00","try_number":1,"map_index":-1,"ti_id":"019f158b-2f82-7694-9103-c3539c9cd4c8","dag_id":"dag01","task_id":"PRELOAD01","logger":"task","filename":"task_runner.py","lineno":1727}
{"timestamp":"2026-06-29T22:41:17.477891Z","level":"info","event":"Database connection established successfully.","logger":"src.database.connection","run_id":"manual__2026-06-29T22:41:11.009191+00:00","try_number":1,"map_index":-1,"ti_id":"019f158b-2f82-7694-9103-c3539c9cd4c8","dag_id":"dag01","task_id":"PRELOAD01","filename":"connection.py","lineno":35}
{"timestamp":"2026-06-29T22:41:17.481599Z","level":"info","event":"Comparing 168 new rows against weather_forecasts for (lat=52.52000, lon=13.42000) from 2026-06-30 00:00:00+00:00 to 2026-07-06 23:00:00+00:00","logger":"src.etl.compare","run_id":"manual__2026-06-29T22:41:11.009191+00:00","try_number":1,"map_index":-1,"ti_id":"019f158b-2f82-7694-9103-c3539c9cd4c8","dag_id":"dag01","task_id":"PRELOAD01","filename":"compare.py","lineno":240}
{"timestamp":"2026-06-29T22:41:17.554577Z","level":"info","event":"Compare complete: 0 new | 50 existing | 118 changed | 0 stale","logger":"src.etl.compare","run_id":"manual__2026-06-29T22:41:11.009191+00:00","try_number":1,"map_index":-1,"ti_id":"019f158b-2f82-7694-9103-c3539c9cd4c8","dag_id":"dag01","task_id":"PRELOAD01","filename":"compare.py","lineno":315}
{"timestamp":"2026-06-29T22:41:17.555833Z","level":"info","event":"","logger":"task.stdout"}
{"timestamp":"2026-06-29T22:41:17.556224Z","level":"info","event":"============================================================","logger":"task.stdout"}
{"timestamp":"2026-06-29T22:41:17.556681Z","level":"info","event":"  WEATHER_FORECASTS — COMPARE REPORT","logger":"task.stdout"}
{"timestamp":"2026-06-29T22:41:17.557205Z","level":"info","event":"============================================================","logger":"task.stdout"}
{"timestamp":"2026-06-29T22:41:17.557613Z","level":"info","event":"  New batch rows   :    168","logger":"task.stdout"}
{"timestamp":"2026-06-29T22:41:17.558082Z","level":"info","event":"  DB rows (window) :    168","logger":"task.stdout"}
{"timestamp":"2026-06-29T22:41:17.558487Z","level":"info","event":"============================================================","logger":"task.stdout"}
{"timestamp":"2026-06-29T22:41:17.558861Z","level":"info","event":"  🟢 New (to insert)  :      0","logger":"task.stdout"}
{"timestamp":"2026-06-29T22:41:17.559428Z","level":"info","event":"  ✅ Existing (match) :     50","logger":"task.stdout"}
{"timestamp":"2026-06-29T22:41:17.559833Z","level":"info","event":"  🟡 Changed (drift)  :    118","logger":"task.stdout"}
{"timestamp":"2026-06-29T22:41:17.560202Z","level":"info","event":"  🔴 Stale (DB only)  :      0","logger":"task.stdout"}
{"timestamp":"2026-06-29T22:41:17.560708Z","level":"info","event":"============================================================","logger":"task.stdout"}
{"timestamp":"2026-06-29T22:41:17.561104Z","level":"info","event":"","logger":"task.stdout"}
{"timestamp":"2026-06-29T22:41:17.561593Z","level":"info","event":"── Changed rows (first 5) ──","logger":"task.stdout"}
{"timestamp":"2026-06-29T22:41:17.569213Z","level":"info","event":" latitude  longitude             forecast_time  rain_new  is_day_new  uv_index_new  visibility_new  cloud_cover_new  dew_point_2m_new  temperature_2m_new  wind_gusts_10m_new  wind_speed_10m_new  surface_pressure_new  sunshine_duration_new  wind_direction_10m_new  apparent_temperature_new  relative_humidity_2m_new  precipitation_probability_new timezone_new  elevation_new model_used_new  rain_db  is_day_db  uv_index_db  visibility_db  cloud_cover_db  dew_point_2m_db  temperature_2m_db  wind_gusts_10m_db  wind_speed_10m_db  surface_pressure_db  sunshine_duration_db  wind_direction_10m_db  apparent_temperature_db  relative_humidity_2m_db  precipitation_probability_db  timezone_db  elevation_db model_used_db","logger":"task.stdout"}
{"timestamp":"2026-06-29T22:41:17.569872Z","level":"info","event":"    52.52      13.42 2026-06-30 00:00:00+00:00       0.0       False           0.0           33540              100              16.7                21.0                22.0                 7.9                1019.6                    0.0                       3                      22.2                        76                              0 Africa/Cairo             38     best_match      0.0      False          0.0          33540             100             16.4               21.0               22.0                7.9               1020.2                   0.0                      3                     22.1                       75                             0 Africa/Cairo            38    best_match","logger":"task.stdout"}
{"timestamp":"2026-06-29T22:41:17.570372Z","level":"info","event":"    52.52      13.42 2026-06-30 01:00:00+00:00       0.0       False           0.0           35660              100              15.7                20.7                18.7                 8.8                1020.2                    0.0                     348                      21.4                        73                              0 Africa/Cairo             38     best_match      0.0      False          0.0          35660              84             15.5               20.7               18.7                8.8               1020.6                   0.0                    348                     21.3                       72                             0 Africa/Cairo            38    best_match","logger":"task.stdout"}
{"timestamp":"2026-06-29T22:41:17.570835Z","level":"info","event":"    52.52      13.42 2026-06-30 02:00:00+00:00       0.0       False           0.0           32640              100              15.9                20.1                20.5                 7.7                1020.4                    0.0                      11                      21.0                        77                              0 Africa/Cairo             38     best_match      0.0      False          0.0          32640             100             15.7               20.1               20.5                7.7               1020.5                   0.0                     11                     20.9                       76                             0 Africa/Cairo            38    best_match","logger":"task.stdout"}
{"timestamp":"2026-06-29T22:41:17.571408Z","level":"info","event":"    52.52      13.42 2026-06-30 03:00:00+00:00       0.0       False           0.0           30860              100              16.4                19.7                16.6                 6.8                1020.3                    0.0                     360                      21.0                        81                              0 Africa/Cairo             38     best_match      0.0      False          0.0          30860              77             16.0               19.7               16.6                6.8               1020.4                   0.0                    360                     20.8                       79                             0 Africa/Cairo            38    best_match","logger":"task.stdout"}
{"timestamp":"2026-06-29T22:41:17.572043Z","level":"info","event":"    52.52      13.42 2026-06-30 04:00:00+00:00       0.0       False           0.0           27500              100              16.5                19.2                15.5                 5.9                1020.9                    0.0                      11                      20.6                        84                              0 Africa/Cairo             38     best_match      0.0      False          0.0          27500             100             16.1               19.2               15.5                5.9               1020.9                   0.0                     11                     20.5                       82                             0 Africa/Cairo            38    best_match","logger":"task.stdout"}
{"timestamp":"2026-06-29T22:41:17.572525Z","level":"info","event":"","logger":"task.stdout"}
{"timestamp":"2026-06-29T22:41:17.573055Z","level":"info","event":"── Column drift summary ──","logger":"task.stdout"}
{"timestamp":"2026-06-29T22:41:17.573558Z","level":"info","event":"  apparent_temperature           rows=  96  mean_Δ= 0.5271  max_Δ=    2.6","logger":"task.stdout"}
{"timestamp":"2026-06-29T22:41:17.574171Z","level":"info","event":"  dew_point_2m                   rows= 102  mean_Δ= 1.5147  max_Δ=    7.5","logger":"task.stdout"}
{"timestamp":"2026-06-29T22:41:17.574617Z","level":"info","event":"  relative_humidity_2m           rows= 103  mean_Δ= 5.3981  max_Δ=   24.0","logger":"task.stdout"}
{"timestamp":"2026-06-29T22:41:17.575101Z","level":"info","event":"  rain                           rows=  15  mean_Δ=  0.352  max_Δ=    1.8","logger":"task.stdout"}
{"timestamp":"2026-06-29T22:41:17.575627Z","level":"info","event":"  surface_pressure               rows= 106  mean_Δ=  0.617  max_Δ=    2.9","logger":"task.stdout"}
{"timestamp":"2026-06-29T22:41:17.576116Z","level":"info","event":"  cloud_cover                    rows=  93  mean_Δ=20.5699  max_Δ=  100.0","logger":"task.stdout"}
{"timestamp":"2026-06-29T22:41:17.576556Z","level":"info","event":"  sunshine_duration              rows=  25  mean_Δ=1501.5784  max_Δ= 3600.0","logger":"task.stdout"}
{"timestamp":"2026-06-29T22:41:17.577051Z","level":"info","event":"","logger":"task.stdout"}
{"timestamp":"2026-06-29T22:41:17.577642Z","level":"info","event":"============================================================","logger":"task.stdout"}
{"timestamp":"2026-06-29T22:41:17.578087Z","level":"info","event":"","logger":"task.stdout"}
{"timestamp":"2026-06-29T22:41:17.620387Z","level":"info","event":"Done. Returned value was: None","run_id":"manual__2026-06-29T22:41:11.009191+00:00","try_number":1,"map_index":-1,"ti_id":"019f158b-2f82-7694-9103-c3539c9cd4c8","dag_id":"dag01","task_id":"PRELOAD01","logger":"airflow.task.operators.airflow.providers.standard.operators.python.PythonOperator","filename":"python.py","lineno":233}
{"timestamp":"2026-06-29T22:41:17.620635Z","level":"info","event":"::group::Post Execute","run_id":"manual__2026-06-29T22:41:11.009191+00:00","try_number":1,"map_index":-1,"ti_id":"019f158b-2f82-7694-9103-c3539c9cd4c8","dag_id":"dag01","task_id":"PRELOAD01","logger":"task","filename":"task_runner.py","lineno":1288}
{"timestamp":"2026-06-29T22:41:17.665754Z","level":"info","event":"::endgroup::","run_id":"manual__2026-06-29T22:41:11.009191+00:00","try_number":1,"map_index":-1,"ti_id":"019f158b-2f82-7694-9103-c3539c9cd4c8","dag_id":"dag01","task_id":"PRELOAD01","logger":"task","filename":"task_runner.py","lineno":1896}
