{"timestamp":"2026-06-29T22:21:08.557585Z","level":"info","event":"::group::Pre Execute","logger":"task","filename":"task_runner.py","lineno":1926}
{"timestamp":"2026-06-29T22:21:08.588443Z","level":"info","event":"DAG bundles loaded: dags-folder","run_id":"manual__2026-06-29T22:20:55.598659+00:00","try_number":1,"map_index":-1,"ti_id":"019f1578-a40d-7a19-81c3-a0dd4490d5d5","dag_id":"dag01","task_id":"PRELOAD01","logger":"airflow.dag_processing.bundles.manager.DagBundlesManager","filename":"manager.py","lineno":209}
{"timestamp":"2026-06-29T22:21:08.590921Z","level":"info","event":"Filling up the DagBag from /opt/airflow/dags/dag01.py","run_id":"manual__2026-06-29T22:20:55.598659+00:00","try_number":1,"map_index":-1,"ti_id":"019f1578-a40d-7a19-81c3-a0dd4490d5d5","dag_id":"dag01","task_id":"PRELOAD01","logger":"airflow.dag_processing.dagbag.BundleDagBag","filename":"dagbag.py","lineno":469}
{"timestamp":"2026-06-29T22:21:09.373307Z","level":"info","event":"::endgroup::","run_id":"manual__2026-06-29T22:20:55.598659+00:00","try_number":1,"map_index":-1,"ti_id":"019f1578-a40d-7a19-81c3-a0dd4490d5d5","dag_id":"dag01","task_id":"PRELOAD01","logger":"task","filename":"task_runner.py","lineno":1727}
{"timestamp":"2026-06-29T22:21:09.750227Z","level":"info","event":"Database connection established successfully.","logger":"src.database.connection","run_id":"manual__2026-06-29T22:20:55.598659+00:00","try_number":1,"map_index":-1,"ti_id":"019f1578-a40d-7a19-81c3-a0dd4490d5d5","dag_id":"dag01","task_id":"PRELOAD01","filename":"connection.py","lineno":35}
{"timestamp":"2026-06-29T22:21:09.829486Z","level":"info","event":"Comparing 168 new rows against weather_forecasts for (lat=52.52000, lon=13.42000) from 2026-06-30 00:00:00+00:00 to 2026-07-06 23:00:00+00:00","logger":"src.etl.compare","run_id":"manual__2026-06-29T22:20:55.598659+00:00","try_number":1,"map_index":-1,"ti_id":"019f1578-a40d-7a19-81c3-a0dd4490d5d5","dag_id":"dag01","task_id":"PRELOAD01","filename":"compare.py","lineno":240}
{"timestamp":"2026-06-29T22:21:10.299348Z","level":"info","event":"Compare complete: 0 new | 110 existing | 58 changed | 0 stale","logger":"src.etl.compare","run_id":"manual__2026-06-29T22:20:55.598659+00:00","try_number":1,"map_index":-1,"ti_id":"019f1578-a40d-7a19-81c3-a0dd4490d5d5","dag_id":"dag01","task_id":"PRELOAD01","filename":"compare.py","lineno":315}
{"timestamp":"2026-06-29T22:21:10.300700Z","level":"info","event":"","logger":"task.stdout"}
{"timestamp":"2026-06-29T22:21:10.301090Z","level":"info","event":"============================================================","logger":"task.stdout"}
{"timestamp":"2026-06-29T22:21:10.301558Z","level":"info","event":"  WEATHER_FORECASTS — COMPARE REPORT","logger":"task.stdout"}
{"timestamp":"2026-06-29T22:21:10.301942Z","level":"info","event":"============================================================","logger":"task.stdout"}
{"timestamp":"2026-06-29T22:21:10.302371Z","level":"info","event":"  New batch rows   :    168","logger":"task.stdout"}
{"timestamp":"2026-06-29T22:21:10.302760Z","level":"info","event":"  DB rows (window) :    168","logger":"task.stdout"}
{"timestamp":"2026-06-29T22:21:10.303161Z","level":"info","event":"============================================================","logger":"task.stdout"}
{"timestamp":"2026-06-29T22:21:10.303512Z","level":"info","event":"  🟢 New (to insert)  :      0","logger":"task.stdout"}
{"timestamp":"2026-06-29T22:21:10.303886Z","level":"info","event":"  ✅ Existing (match) :    110","logger":"task.stdout"}
{"timestamp":"2026-06-29T22:21:10.304333Z","level":"info","event":"  🟡 Changed (drift)  :     58","logger":"task.stdout"}
{"timestamp":"2026-06-29T22:21:10.304741Z","level":"info","event":"  🔴 Stale (DB only)  :      0","logger":"task.stdout"}
{"timestamp":"2026-06-29T22:21:10.305135Z","level":"info","event":"============================================================","logger":"task.stdout"}
{"timestamp":"2026-06-29T22:21:10.305541Z","level":"info","event":"","logger":"task.stdout"}
{"timestamp":"2026-06-29T22:21:10.306047Z","level":"info","event":"── Changed rows (first 5) ──","logger":"task.stdout"}
{"timestamp":"2026-06-29T22:21:10.329373Z","level":"info","event":" latitude  longitude             forecast_time  rain_new  is_day_new  uv_index_new  visibility_new  cloud_cover_new  dew_point_2m_new  temperature_2m_new  wind_gusts_10m_new  wind_speed_10m_new  surface_pressure_new  sunshine_duration_new  wind_direction_10m_new  apparent_temperature_new  relative_humidity_2m_new  precipitation_probability_new timezone_new  elevation_new model_used_new  rain_db  is_day_db  uv_index_db  visibility_db  cloud_cover_db  dew_point_2m_db  temperature_2m_db  wind_gusts_10m_db  wind_speed_10m_db  surface_pressure_db  sunshine_duration_db  wind_direction_10m_db  apparent_temperature_db  relative_humidity_2m_db  precipitation_probability_db  timezone_db  elevation_db model_used_db","logger":"task.stdout"}
{"timestamp":"2026-06-29T22:21:10.330223Z","level":"info","event":"    52.52      13.42 2026-07-04 13:00:00+00:00      0.08        True          5.20           29605               98              11.1                18.0                37.1                12.8                1016.1                1373.31                     241                      16.4                        64                              5 Africa/Cairo             38     best_match     0.08       True         5.20          28865             100             11.3               17.5               36.0               12.3               1015.2                797.09                    240                     16.1                       67                             5 Africa/Cairo            38    best_match","logger":"task.stdout"}
{"timestamp":"2026-06-29T22:21:10.330793Z","level":"info","event":"    52.52      13.42 2026-07-04 14:00:00+00:00      0.05        True          4.55           37740               97              10.8                19.3                40.3                15.0                1016.3                1800.00                     244                      17.4                        59                              5 Africa/Cairo             38     best_match     0.05       True         4.55          37010             100             12.0               18.2               40.1               15.1               1014.4                445.21                    245                     16.6                       68                             5 Africa/Cairo            38    best_match","logger":"task.stdout"}
{"timestamp":"2026-06-29T22:21:10.331330Z","level":"info","event":"    52.52      13.42 2026-07-04 15:00:00+00:00      0.03        True          4.95           42605               96               9.6                20.6                42.0                15.9                1016.9                2700.00                     246                      18.4                        50                              5 Africa/Cairo             38     best_match     0.03       True         4.95          42605             100             12.5               18.8               43.9               17.1               1013.7                469.74                    248                     17.1                       67                             5 Africa/Cairo            38    best_match","logger":"task.stdout"}
{"timestamp":"2026-06-29T22:21:10.331965Z","level":"info","event":"    52.52      13.42 2026-07-04 16:00:00+00:00      0.00        True          4.60           44180               94               8.5                22.0                42.5                15.3                1017.6                3600.00                     255                      19.5                        42                              6 Africa/Cairo             38     best_match     0.00       True         4.60          44180              90             13.0               19.8               44.6               17.4               1013.1                213.35                    257                     18.3                       65                             6 Africa/Cairo            38    best_match","logger":"task.stdout"}
{"timestamp":"2026-06-29T22:21:10.332592Z","level":"info","event":"    52.52      13.42 2026-07-04 17:00:00+00:00      0.00        True          4.20           44180               95               9.0                22.5                42.5                14.8                1017.2                3600.00                     269                      20.1                        42                              6 Africa/Cairo             38     best_match     0.00       True         4.20          44180              81             13.4               20.7               42.8               16.6               1012.6                  0.00                    269                     19.4                       63                             6 Africa/Cairo            38    best_match","logger":"task.stdout"}
{"timestamp":"2026-06-29T22:21:10.333044Z","level":"info","event":"","logger":"task.stdout"}
{"timestamp":"2026-06-29T22:21:10.333618Z","level":"info","event":"── Column drift summary ──","logger":"task.stdout"}
{"timestamp":"2026-06-29T22:21:10.334135Z","level":"info","event":"  temperature_2m                 rows=   9  mean_Δ= 1.0889  max_Δ=    2.2","logger":"task.stdout"}
{"timestamp":"2026-06-29T22:21:10.334637Z","level":"info","event":"  apparent_temperature           rows=   9  mean_Δ= 0.6222  max_Δ=    1.3","logger":"task.stdout"}
{"timestamp":"2026-06-29T22:21:10.335117Z","level":"info","event":"  dew_point_2m                   rows=   9  mean_Δ= 3.0889  max_Δ=    4.5","logger":"task.stdout"}
{"timestamp":"2026-06-29T22:21:10.335632Z","level":"info","event":"  relative_humidity_2m           rows=   9  mean_Δ=14.4444  max_Δ=   23.0","logger":"task.stdout"}
{"timestamp":"2026-06-29T22:21:10.336492Z","level":"info","event":"  surface_pressure               rows=   9  mean_Δ=    3.6  max_Δ=    4.6","logger":"task.stdout"}
{"timestamp":"2026-06-29T22:21:10.336896Z","level":"info","event":"  cloud_cover                    rows=   9  mean_Δ=12.3333  max_Δ=   24.0","logger":"task.stdout"}
{"timestamp":"2026-06-29T22:21:10.337295Z","level":"info","event":"  visibility                     rows=  54  mean_Δ=6702.4074  max_Δ=26220.0","logger":"task.stdout"}
{"timestamp":"2026-06-29T22:21:10.337797Z","level":"info","event":"  wind_speed_10m                 rows=   9  mean_Δ= 2.5222  max_Δ=    6.0","logger":"task.stdout"}
{"timestamp":"2026-06-29T22:21:10.338211Z","level":"info","event":"  wind_direction_10m             rows=   8  mean_Δ=   5.25  max_Δ=   19.0","logger":"task.stdout"}
{"timestamp":"2026-06-29T22:21:10.338741Z","level":"info","event":"  wind_gusts_10m                 rows=   9  mean_Δ= 5.2222  max_Δ=   19.1","logger":"task.stdout"}
{"timestamp":"2026-06-29T22:21:10.339203Z","level":"info","event":"  sunshine_duration              rows=   9  mean_Δ=2101.0356  max_Δ= 3600.0","logger":"task.stdout"}
{"timestamp":"2026-06-29T22:21:10.339601Z","level":"info","event":"","logger":"task.stdout"}
{"timestamp":"2026-06-29T22:21:10.339998Z","level":"info","event":"============================================================","logger":"task.stdout"}
{"timestamp":"2026-06-29T22:21:10.340377Z","level":"info","event":"","logger":"task.stdout"}
{"timestamp":"2026-06-29T22:21:10.383169Z","level":"info","event":"Done. Returned value was: None","run_id":"manual__2026-06-29T22:20:55.598659+00:00","try_number":1,"map_index":-1,"ti_id":"019f1578-a40d-7a19-81c3-a0dd4490d5d5","dag_id":"dag01","task_id":"PRELOAD01","logger":"airflow.task.operators.airflow.providers.standard.operators.python.PythonOperator","filename":"python.py","lineno":233}
{"timestamp":"2026-06-29T22:21:10.383377Z","level":"info","event":"::group::Post Execute","run_id":"manual__2026-06-29T22:20:55.598659+00:00","try_number":1,"map_index":-1,"ti_id":"019f1578-a40d-7a19-81c3-a0dd4490d5d5","dag_id":"dag01","task_id":"PRELOAD01","logger":"task","filename":"task_runner.py","lineno":1288}
{"timestamp":"2026-06-29T22:21:10.422343Z","level":"info","event":"::endgroup::","run_id":"manual__2026-06-29T22:20:55.598659+00:00","try_number":1,"map_index":-1,"ti_id":"019f1578-a40d-7a19-81c3-a0dd4490d5d5","dag_id":"dag01","task_id":"PRELOAD01","logger":"task","filename":"task_runner.py","lineno":1896}
