{"timestamp":"2026-06-28T14:55:35.154917Z","level":"info","event":"::group::Pre Execute","logger":"task","filename":"task_runner.py","lineno":1926}
{"timestamp":"2026-06-28T14:55:35.297691Z","level":"info","event":"DAG bundles loaded: dags-folder","task_id":"PRELOAD01","map_index":-1,"run_id":"manual__2026-06-28T14:55:30.734525+00:00","ti_id":"019f0eba-7dc2-7c4f-8fe6-c383fd65ae57","dag_id":"dag01","try_number":1,"logger":"airflow.dag_processing.bundles.manager.DagBundlesManager","filename":"manager.py","lineno":209}
{"timestamp":"2026-06-28T14:55:35.300385Z","level":"info","event":"Filling up the DagBag from /opt/airflow/dags/dag01.py","task_id":"PRELOAD01","map_index":-1,"run_id":"manual__2026-06-28T14:55:30.734525+00:00","ti_id":"019f0eba-7dc2-7c4f-8fe6-c383fd65ae57","dag_id":"dag01","try_number":1,"logger":"airflow.dag_processing.dagbag.BundleDagBag","filename":"dagbag.py","lineno":469}
{"timestamp":"2026-06-28T14:55:36.080083Z","level":"info","event":"::endgroup::","task_id":"PRELOAD01","map_index":-1,"run_id":"manual__2026-06-28T14:55:30.734525+00:00","ti_id":"019f0eba-7dc2-7c4f-8fe6-c383fd65ae57","dag_id":"dag01","try_number":1,"logger":"task","filename":"task_runner.py","lineno":1727}
{"timestamp":"2026-06-28T14:55:36.148694Z","level":"info","event":"Database connection established successfully.","logger":"src.database.connection","task_id":"PRELOAD01","map_index":-1,"run_id":"manual__2026-06-28T14:55:30.734525+00:00","ti_id":"019f0eba-7dc2-7c4f-8fe6-c383fd65ae57","dag_id":"dag01","try_number":1,"filename":"connection.py","lineno":35}
{"timestamp":"2026-06-28T14:55:36.152247Z","level":"info","event":"Comparing 168 new rows against weather_forecasts for (lat=52.52000, lon=13.42000) from 2026-06-28 00:00:00+00:00 to 2026-07-04 23:00:00+00:00","logger":"src.etl.compare","task_id":"PRELOAD01","map_index":-1,"run_id":"manual__2026-06-28T14:55:30.734525+00:00","ti_id":"019f0eba-7dc2-7c4f-8fe6-c383fd65ae57","dag_id":"dag01","try_number":1,"filename":"compare.py","lineno":240}
{"timestamp":"2026-06-28T14:55:36.211539Z","level":"info","event":"Compare complete: 0 new | 151 existing | 17 changed | 0 stale","logger":"src.etl.compare","task_id":"PRELOAD01","map_index":-1,"run_id":"manual__2026-06-28T14:55:30.734525+00:00","ti_id":"019f0eba-7dc2-7c4f-8fe6-c383fd65ae57","dag_id":"dag01","try_number":1,"filename":"compare.py","lineno":315}
{"timestamp":"2026-06-28T14:55:36.212582Z","level":"info","event":"","logger":"task.stdout"}
{"timestamp":"2026-06-28T14:55:36.213067Z","level":"info","event":"============================================================","logger":"task.stdout"}
{"timestamp":"2026-06-28T14:55:36.213497Z","level":"info","event":"  WEATHER_FORECASTS — COMPARE REPORT","logger":"task.stdout"}
{"timestamp":"2026-06-28T14:55:36.213846Z","level":"info","event":"============================================================","logger":"task.stdout"}
{"timestamp":"2026-06-28T14:55:36.214348Z","level":"info","event":"  New batch rows   :    168","logger":"task.stdout"}
{"timestamp":"2026-06-28T14:55:36.214739Z","level":"info","event":"  DB rows (window) :    168","logger":"task.stdout"}
{"timestamp":"2026-06-28T14:55:36.215177Z","level":"info","event":"============================================================","logger":"task.stdout"}
{"timestamp":"2026-06-28T14:55:36.215580Z","level":"info","event":"  🟢 New (to insert)  :      0","logger":"task.stdout"}
{"timestamp":"2026-06-28T14:55:36.215965Z","level":"info","event":"  ✅ Existing (match) :    151","logger":"task.stdout"}
{"timestamp":"2026-06-28T14:55:36.216349Z","level":"info","event":"  🟡 Changed (drift)  :     17","logger":"task.stdout"}
{"timestamp":"2026-06-28T14:55:36.216731Z","level":"info","event":"  🔴 Stale (DB only)  :      0","logger":"task.stdout"}
{"timestamp":"2026-06-28T14:55:36.217112Z","level":"info","event":"============================================================","logger":"task.stdout"}
{"timestamp":"2026-06-28T14:55:36.217487Z","level":"info","event":"","logger":"task.stdout"}
{"timestamp":"2026-06-28T14:55:36.217864Z","level":"info","event":"── Changed rows (first 5) ──","logger":"task.stdout"}
{"timestamp":"2026-06-28T14:55:36.225203Z","level":"info","event":" latitude  longitude             forecast_time  rain_new  is_day_new  uv_index_new  visibility_new  cloud_cover_new  dew_point_2m_new  temperature_2m_new  wind_gusts_10m_new  wind_speed_10m_new  surface_pressure_new  sunshine_duration_new  wind_direction_10m_new  apparent_temperature_new  relative_humidity_2m_new  precipitation_probability_new timezone_new  elevation_new model_used_new  timezone_db  elevation_db  temperature_2m_db  apparent_temperature_db  dew_point_2m_db  relative_humidity_2m_db  rain_db  precipitation_probability_db  surface_pressure_db  cloud_cover_db  visibility_db  uv_index_db  wind_speed_10m_db  wind_direction_10m_db  wind_gusts_10m_db  sunshine_duration_db  is_day_db model_used_db","logger":"task.stdout"}
{"timestamp":"2026-06-28T14:55:36.225783Z","level":"info","event":"    52.52      13.42 2026-06-28 09:00:00+00:00       0.0        True          1.75           25580              100              18.5                28.1                16.9                 6.6                1010.0                3600.00                     171                      30.3                        56                              0 Africa/Cairo             38     best_match Africa/Cairo          38.0               28.1                     30.3             18.5                       56      0.0                             0               1010.0             100        25580.0          1.8                6.6                    171               16.9                3600.0       True    best_match","logger":"task.stdout"}
{"timestamp":"2026-06-28T14:55:36.226208Z","level":"info","event":"    52.52      13.42 2026-06-29 09:00:00+00:00       0.0        True          1.05           39320               59              17.5                25.5                 8.6                 3.3                1016.4                3600.00                     103                      27.7                        61                              0 Africa/Cairo             38     best_match Africa/Cairo          38.0               25.5                     27.7             17.5                       61      0.0                             0               1016.4              59        39320.0          1.1                3.3                    103                8.6                3600.0       True    best_match","logger":"task.stdout"}
{"timestamp":"2026-06-28T14:55:36.226624Z","level":"info","event":"    52.52      13.42 2026-06-29 13:00:00+00:00       0.0        True          1.30           41840              100              16.2                29.3                 5.8                 3.3                1017.2                 436.25                     174                      31.0                        45                             25 Africa/Cairo             38     best_match Africa/Cairo          38.0               29.3                     31.0             16.2                       45      0.0                            25               1017.2             100        41840.0          1.3                3.3                    174                5.8                 436.3       True    best_match","logger":"task.stdout"}
{"timestamp":"2026-06-28T14:55:36.227017Z","level":"info","event":"    52.52      13.42 2026-06-30 09:00:00+00:00       0.0        True          1.55           24880              100              17.0                19.9                13.0                 5.5                1020.4                   0.00                     113                      21.6                        83                              5 Africa/Cairo             38     best_match Africa/Cairo          38.0               19.9                     21.6             17.0                       83      0.0                             5               1020.4             100        24880.0          1.6                5.5                    113               13.0                   0.0       True    best_match","logger":"task.stdout"}
{"timestamp":"2026-06-28T14:55:36.227649Z","level":"info","event":"    52.52      13.42 2026-06-30 14:00:00+00:00       0.0        True          2.55           40710               76              14.9                25.6                22.7                 8.5                1019.3                3600.00                      73                      27.1                        52                              1 Africa/Cairo             38     best_match Africa/Cairo          38.0               25.6                     27.1             14.9                       52      0.0                             1               1019.3              76        40710.0          2.6                8.5                     73               22.7                3600.0       True    best_match","logger":"task.stdout"}
{"timestamp":"2026-06-28T14:55:36.228013Z","level":"info","event":"","logger":"task.stdout"}
{"timestamp":"2026-06-28T14:55:36.228384Z","level":"info","event":"── Column drift summary ──","logger":"task.stdout"}
{"timestamp":"2026-06-28T14:55:36.228707Z","level":"info","event":"  uv_index                       rows=  16  mean_Δ=   0.05  max_Δ=   0.05","logger":"task.stdout"}
{"timestamp":"2026-06-28T14:55:36.228992Z","level":"info","event":"  sunshine_duration              rows=   1  mean_Δ=   0.05  max_Δ=   0.05","logger":"task.stdout"}
{"timestamp":"2026-06-28T14:55:36.229334Z","level":"info","event":"","logger":"task.stdout"}
{"timestamp":"2026-06-28T14:55:36.229682Z","level":"info","event":"============================================================","logger":"task.stdout"}
{"timestamp":"2026-06-28T14:55:36.230038Z","level":"info","event":"","logger":"task.stdout"}
{"timestamp":"2026-06-28T14:55:36.263385Z","level":"info","event":"Done. Returned value was: None","task_id":"PRELOAD01","map_index":-1,"run_id":"manual__2026-06-28T14:55:30.734525+00:00","ti_id":"019f0eba-7dc2-7c4f-8fe6-c383fd65ae57","dag_id":"dag01","try_number":1,"logger":"airflow.task.operators.airflow.providers.standard.operators.python.PythonOperator","filename":"python.py","lineno":233}
{"timestamp":"2026-06-28T14:55:36.263648Z","level":"info","event":"::group::Post Execute","task_id":"PRELOAD01","map_index":-1,"run_id":"manual__2026-06-28T14:55:30.734525+00:00","ti_id":"019f0eba-7dc2-7c4f-8fe6-c383fd65ae57","dag_id":"dag01","try_number":1,"logger":"task","filename":"task_runner.py","lineno":1288}
{"timestamp":"2026-06-28T14:55:36.301690Z","level":"info","event":"::endgroup::","task_id":"PRELOAD01","map_index":-1,"run_id":"manual__2026-06-28T14:55:30.734525+00:00","ti_id":"019f0eba-7dc2-7c4f-8fe6-c383fd65ae57","dag_id":"dag01","try_number":1,"logger":"task","filename":"task_runner.py","lineno":1896}
