{"timestamp":"2026-06-28T14:13:43.595821Z","level":"info","event":"::group::Pre Execute","logger":"task","filename":"task_runner.py","lineno":1926}
{"timestamp":"2026-06-28T14:13:43.631082Z","level":"info","event":"DAG bundles loaded: dags-folder","try_number":3,"map_index":-1,"run_id":"manual__2026-06-28T14:12:20.580159+00:00","task_id":"PRELOAD01","ti_id":"019f0e94-3878-7851-aefd-3159dc31c721","dag_id":"dag01","logger":"airflow.dag_processing.bundles.manager.DagBundlesManager","filename":"manager.py","lineno":209}
{"timestamp":"2026-06-28T14:13:43.632922Z","level":"info","event":"Filling up the DagBag from /opt/airflow/dags/dag01.py","try_number":3,"map_index":-1,"run_id":"manual__2026-06-28T14:12:20.580159+00:00","task_id":"PRELOAD01","ti_id":"019f0e94-3878-7851-aefd-3159dc31c721","dag_id":"dag01","logger":"airflow.dag_processing.dagbag.BundleDagBag","filename":"dagbag.py","lineno":469}
{"timestamp":"2026-06-28T14:13:44.191026Z","level":"info","event":"::endgroup::","try_number":3,"map_index":-1,"run_id":"manual__2026-06-28T14:12:20.580159+00:00","task_id":"PRELOAD01","ti_id":"019f0e94-3878-7851-aefd-3159dc31c721","dag_id":"dag01","logger":"task","filename":"task_runner.py","lineno":1727}
{"timestamp":"2026-06-28T14:13:44.246447Z","level":"info","event":"Database connection established successfully.","logger":"src.database.connection","try_number":3,"map_index":-1,"run_id":"manual__2026-06-28T14:12:20.580159+00:00","task_id":"PRELOAD01","ti_id":"019f0e94-3878-7851-aefd-3159dc31c721","dag_id":"dag01","filename":"connection.py","lineno":35}
{"timestamp":"2026-06-28T14:13:44.249377Z","level":"info","event":"Comparing 168 new rows against DB for (lat=52.52000, lon=13.42000) from 2026-06-28 00:00:00+00:00 to 2026-07-04 23:00:00+00:00","logger":"src.etl.compare","try_number":3,"map_index":-1,"run_id":"manual__2026-06-28T14:12:20.580159+00:00","task_id":"PRELOAD01","ti_id":"019f0e94-3878-7851-aefd-3159dc31c721","dag_id":"dag01","filename":"compare.py","lineno":200}
{"timestamp":"2026-06-28T14:13:44.255830Z","level":"warning","event":"weather_forecasts table not found — creating it now from schema.sql.","logger":"src.etl.compare","try_number":3,"map_index":-1,"run_id":"manual__2026-06-28T14:12:20.580159+00:00","task_id":"PRELOAD01","ti_id":"019f0e94-3878-7851-aefd-3159dc31c721","dag_id":"dag01","filename":"compare.py","lineno":111}
{"timestamp":"2026-06-28T14:13:44.263174Z","level":"info","event":"weather_data table created from schema.sql.","logger":"src.etl.compare","try_number":3,"map_index":-1,"run_id":"manual__2026-06-28T14:12:20.580159+00:00","task_id":"PRELOAD01","ti_id":"019f0e94-3878-7851-aefd-3159dc31c721","dag_id":"dag01","filename":"compare.py","lineno":99}
{"timestamp":"2026-06-28T14:13:44.264115Z","level":"info","event":"No existing rows in DB for this window — all 168 rows are new.","logger":"src.etl.compare","try_number":3,"map_index":-1,"run_id":"manual__2026-06-28T14:12:20.580159+00:00","task_id":"PRELOAD01","ti_id":"019f0e94-3878-7851-aefd-3159dc31c721","dag_id":"dag01","filename":"compare.py","lineno":214}
{"timestamp":"2026-06-28T14:13:44.264669Z","level":"info","event":"","logger":"task.stdout"}
{"timestamp":"2026-06-28T14:13:44.264883Z","level":"info","event":"============================================================","logger":"task.stdout"}
{"timestamp":"2026-06-28T14:13:44.265148Z","level":"info","event":"  WEATHER DATA — COMPARE REPORT","logger":"task.stdout"}
{"timestamp":"2026-06-28T14:13:44.265447Z","level":"info","event":"============================================================","logger":"task.stdout"}
{"timestamp":"2026-06-28T14:13:44.265694Z","level":"info","event":"  New batch rows   :    168","logger":"task.stdout"}
{"timestamp":"2026-06-28T14:13:44.265904Z","level":"info","event":"  DB rows (window) :      0","logger":"task.stdout"}
{"timestamp":"2026-06-28T14:13:44.266108Z","level":"info","event":"============================================================","logger":"task.stdout"}
{"timestamp":"2026-06-28T14:13:44.266308Z","level":"info","event":"  🟢 New (to insert)  :    168","logger":"task.stdout"}
{"timestamp":"2026-06-28T14:13:44.266616Z","level":"info","event":"  ✅ Existing (match) :      0","logger":"task.stdout"}
{"timestamp":"2026-06-28T14:13:44.266818Z","level":"info","event":"  🟡 Changed (drift)  :      0","logger":"task.stdout"}
{"timestamp":"2026-06-28T14:13:44.267036Z","level":"info","event":"  🔴 Stale (DB only)  :      0","logger":"task.stdout"}
{"timestamp":"2026-06-28T14:13:44.267249Z","level":"info","event":"============================================================","logger":"task.stdout"}
{"timestamp":"2026-06-28T14:13:44.267535Z","level":"info","event":"","logger":"task.stdout"}
{"timestamp":"2026-06-28T14:13:44.267748Z","level":"info","event":"── New rows (first 100) ──","logger":"task.stdout"}
{"timestamp":"2026-06-28T14:13:44.277064Z","level":"info","event":" latitude  longitude             forecast_time  temperature_2m  rain  uv_index","logger":"task.stdout"}
{"timestamp":"2026-06-28T14:13:44.277619Z","level":"info","event":"    52.52      13.42 2026-06-28 00:00:00+00:00            29.2   0.0      0.00","logger":"task.stdout"}
{"timestamp":"2026-06-28T14:13:44.277950Z","level":"info","event":"    52.52      13.42 2026-06-28 01:00:00+00:00            29.9   0.0      0.00","logger":"task.stdout"}
{"timestamp":"2026-06-28T14:13:44.278245Z","level":"info","event":"    52.52      13.42 2026-06-28 02:00:00+00:00            29.7   0.0      0.00","logger":"task.stdout"}
{"timestamp":"2026-06-28T14:13:44.278547Z","level":"info","event":"    52.52      13.42 2026-06-28 03:00:00+00:00            29.4   0.0      0.00","logger":"task.stdout"}
{"timestamp":"2026-06-28T14:13:44.278841Z","level":"info","event":"    52.52      13.42 2026-06-28 04:00:00+00:00            28.4   0.0      0.00","logger":"task.stdout"}
{"timestamp":"2026-06-28T14:13:44.279138Z","level":"info","event":"    52.52      13.42 2026-06-28 05:00:00+00:00            27.9   0.0      0.00","logger":"task.stdout"}
{"timestamp":"2026-06-28T14:13:44.279380Z","level":"info","event":"    52.52      13.42 2026-06-28 06:00:00+00:00            27.0   0.0      0.00","logger":"task.stdout"}
{"timestamp":"2026-06-28T14:13:44.279657Z","level":"info","event":"    52.52      13.42 2026-06-28 07:00:00+00:00            26.6   0.0      0.20","logger":"task.stdout"}
{"timestamp":"2026-06-28T14:13:44.279940Z","level":"info","event":"    52.52      13.42 2026-06-28 08:00:00+00:00            27.1   0.0      0.80","logger":"task.stdout"}
{"timestamp":"2026-06-28T14:13:44.280159Z","level":"info","event":"    52.52      13.42 2026-06-28 09:00:00+00:00            28.1   0.0      1.75","logger":"task.stdout"}
{"timestamp":"2026-06-28T14:13:44.280372Z","level":"info","event":"    52.52      13.42 2026-06-28 10:00:00+00:00            29.8   0.0      2.75","logger":"task.stdout"}
{"timestamp":"2026-06-28T14:13:44.280648Z","level":"info","event":"    52.52      13.42 2026-06-28 11:00:00+00:00            30.8   0.0      3.75","logger":"task.stdout"}
{"timestamp":"2026-06-28T14:13:44.280846Z","level":"info","event":"    52.52      13.42 2026-06-28 12:00:00+00:00            32.7   0.0      5.20","logger":"task.stdout"}
{"timestamp":"2026-06-28T14:13:44.281056Z","level":"info","event":"    52.52      13.42 2026-06-28 13:00:00+00:00            34.4   0.0      5.00","logger":"task.stdout"}
{"timestamp":"2026-06-28T14:13:44.281268Z","level":"info","event":"    52.52      13.42 2026-06-28 14:00:00+00:00            36.0   0.0      3.90","logger":"task.stdout"}
{"timestamp":"2026-06-28T14:13:44.281467Z","level":"info","event":"    52.52      13.42 2026-06-28 15:00:00+00:00            37.2   0.0      6.50","logger":"task.stdout"}
{"timestamp":"2026-06-28T14:13:44.281671Z","level":"info","event":"    52.52      13.42 2026-06-28 16:00:00+00:00            38.1   0.0      6.20","logger":"task.stdout"}
{"timestamp":"2026-06-28T14:13:44.281867Z","level":"info","event":"    52.52      13.42 2026-06-28 17:00:00+00:00            38.4   0.0      5.75","logger":"task.stdout"}
{"timestamp":"2026-06-28T14:13:44.282065Z","level":"info","event":"    52.52      13.42 2026-06-28 18:00:00+00:00            37.9   0.0      4.65","logger":"task.stdout"}
{"timestamp":"2026-06-28T14:13:44.282297Z","level":"info","event":"    52.52      13.42 2026-06-28 19:00:00+00:00            37.5   0.0      3.35","logger":"task.stdout"}
{"timestamp":"2026-06-28T14:13:44.282500Z","level":"info","event":"    52.52      13.42 2026-06-28 20:00:00+00:00            36.3   0.0      2.10","logger":"task.stdout"}
{"timestamp":"2026-06-28T14:13:44.282707Z","level":"info","event":"    52.52      13.42 2026-06-28 21:00:00+00:00            35.1   0.0      1.00","logger":"task.stdout"}
{"timestamp":"2026-06-28T14:13:44.282901Z","level":"info","event":"    52.52      13.42 2026-06-28 22:00:00+00:00            33.3   0.0      0.35","logger":"task.stdout"}
{"timestamp":"2026-06-28T14:13:44.283093Z","level":"info","event":"    52.52      13.42 2026-06-28 23:00:00+00:00            30.1   0.0      0.00","logger":"task.stdout"}
{"timestamp":"2026-06-28T14:13:44.283289Z","level":"info","event":"    52.52      13.42 2026-06-29 00:00:00+00:00            28.3   0.0      0.00","logger":"task.stdout"}
{"timestamp":"2026-06-28T14:13:44.283484Z","level":"info","event":"    52.52      13.42 2026-06-29 01:00:00+00:00            26.7   0.0      0.00","logger":"task.stdout"}
{"timestamp":"2026-06-28T14:13:44.283676Z","level":"info","event":"    52.52      13.42 2026-06-29 02:00:00+00:00            25.3   0.0      0.00","logger":"task.stdout"}
{"timestamp":"2026-06-28T14:13:44.283866Z","level":"info","event":"    52.52      13.42 2026-06-29 03:00:00+00:00            24.5   0.0      0.00","logger":"task.stdout"}
{"timestamp":"2026-06-28T14:13:44.284095Z","level":"info","event":"    52.52      13.42 2026-06-29 04:00:00+00:00            24.1   0.0      0.00","logger":"task.stdout"}
{"timestamp":"2026-06-28T14:13:44.284333Z","level":"info","event":"    52.52      13.42 2026-06-29 05:00:00+00:00            24.1   0.0      0.00","logger":"task.stdout"}
{"timestamp":"2026-06-28T14:13:44.284550Z","level":"info","event":"    52.52      13.42 2026-06-29 06:00:00+00:00            24.2   0.0      0.00","logger":"task.stdout"}
{"timestamp":"2026-06-28T14:13:44.284762Z","level":"info","event":"    52.52      13.42 2026-06-29 07:00:00+00:00            24.3   0.0      0.20","logger":"task.stdout"}
{"timestamp":"2026-06-28T14:13:44.285021Z","level":"info","event":"    52.52      13.42 2026-06-29 08:00:00+00:00            24.7   0.0      0.80","logger":"task.stdout"}
{"timestamp":"2026-06-28T14:13:44.285223Z","level":"info","event":"    52.52      13.42 2026-06-29 09:00:00+00:00            25.5   0.0      1.05","logger":"task.stdout"}
{"timestamp":"2026-06-28T14:13:44.285416Z","level":"info","event":"    52.52      13.42 2026-06-29 10:00:00+00:00            26.7   0.0      2.30","logger":"task.stdout"}
{"timestamp":"2026-06-28T14:13:44.285615Z","level":"info","event":"    52.52      13.42 2026-06-29 11:00:00+00:00            28.0   0.0      3.70","logger":"task.stdout"}
{"timestamp":"2026-06-28T14:13:44.285823Z","level":"info","event":"    52.52      13.42 2026-06-29 12:00:00+00:00            28.8   0.0      3.25","logger":"task.stdout"}
{"timestamp":"2026-06-28T14:13:44.286017Z","level":"info","event":"    52.52      13.42 2026-06-29 13:00:00+00:00            29.3   0.0      1.30","logger":"task.stdout"}
{"timestamp":"2026-06-28T14:13:44.286222Z","level":"info","event":"    52.52      13.42 2026-06-29 14:00:00+00:00            29.9   0.0      3.75","logger":"task.stdout"}
{"timestamp":"2026-06-28T14:13:44.286414Z","level":"info","event":"    52.52      13.42 2026-06-29 15:00:00+00:00            25.7   0.0      2.85","logger":"task.stdout"}
{"timestamp":"2026-06-28T14:13:44.286602Z","level":"info","event":"    52.52      13.42 2026-06-29 16:00:00+00:00            25.9   0.0      1.00","logger":"task.stdout"}
{"timestamp":"2026-06-28T14:13:44.286789Z","level":"info","event":"    52.52      13.42 2026-06-29 17:00:00+00:00            25.1   0.0      0.55","logger":"task.stdout"}
{"timestamp":"2026-06-28T14:13:44.286990Z","level":"info","event":"    52.52      13.42 2026-06-29 18:00:00+00:00            23.7   0.0      0.50","logger":"task.stdout"}
{"timestamp":"2026-06-28T14:13:44.287189Z","level":"info","event":"    52.52      13.42 2026-06-29 19:00:00+00:00            21.6   0.1      0.30","logger":"task.stdout"}
{"timestamp":"2026-06-28T14:13:44.287392Z","level":"info","event":"    52.52      13.42 2026-06-29 20:00:00+00:00            21.3   0.0      0.55","logger":"task.stdout"}
{"timestamp":"2026-06-28T14:13:44.287680Z","level":"info","event":"    52.52      13.42 2026-06-29 21:00:00+00:00            20.9   0.0      0.80","logger":"task.stdout"}
{"timestamp":"2026-06-28T14:13:44.287958Z","level":"info","event":"    52.52      13.42 2026-06-29 22:00:00+00:00            20.4  10.6      0.20","logger":"task.stdout"}
{"timestamp":"2026-06-28T14:13:44.288272Z","level":"info","event":"    52.52      13.42 2026-06-29 23:00:00+00:00            20.5   1.1      0.00","logger":"task.stdout"}
{"timestamp":"2026-06-28T14:13:44.288537Z","level":"info","event":"    52.52      13.42 2026-06-30 00:00:00+00:00            20.3   0.7      0.00","logger":"task.stdout"}
{"timestamp":"2026-06-28T14:13:44.288773Z","level":"info","event":"    52.52      13.42 2026-06-30 01:00:00+00:00            19.9   0.0      0.00","logger":"task.stdout"}
{"timestamp":"2026-06-28T14:13:44.289113Z","level":"info","event":"    52.52      13.42 2026-06-30 02:00:00+00:00            19.8   0.0      0.00","logger":"task.stdout"}
{"timestamp":"2026-06-28T14:13:44.289350Z","level":"info","event":"    52.52      13.42 2026-06-30 03:00:00+00:00            19.6   0.0      0.00","logger":"task.stdout"}
{"timestamp":"2026-06-28T14:13:44.289554Z","level":"info","event":"    52.52      13.42 2026-06-30 04:00:00+00:00            19.5   0.0      0.00","logger":"task.stdout"}
{"timestamp":"2026-06-28T14:13:44.289753Z","level":"info","event":"    52.52      13.42 2026-06-30 05:00:00+00:00            19.6   0.0      0.00","logger":"task.stdout"}
{"timestamp":"2026-06-28T14:13:44.289961Z","level":"info","event":"    52.52      13.42 2026-06-30 06:00:00+00:00            19.5   0.0      0.00","logger":"task.stdout"}
{"timestamp":"2026-06-28T14:13:44.290157Z","level":"info","event":"    52.52      13.42 2026-06-30 07:00:00+00:00            19.4   0.0      0.10","logger":"task.stdout"}
{"timestamp":"2026-06-28T14:13:44.290364Z","level":"info","event":"    52.52      13.42 2026-06-30 08:00:00+00:00            19.4   0.0      0.65","logger":"task.stdout"}
{"timestamp":"2026-06-28T14:13:44.290553Z","level":"info","event":"    52.52      13.42 2026-06-30 09:00:00+00:00            19.9   0.0      1.55","logger":"task.stdout"}
{"timestamp":"2026-06-28T14:13:44.290757Z","level":"info","event":"    52.52      13.42 2026-06-30 10:00:00+00:00            20.4   0.0      2.60","logger":"task.stdout"}
{"timestamp":"2026-06-28T14:13:44.290951Z","level":"info","event":"    52.52      13.42 2026-06-30 11:00:00+00:00            21.4   0.0      3.30","logger":"task.stdout"}
{"timestamp":"2026-06-28T14:13:44.291141Z","level":"info","event":"    52.52      13.42 2026-06-30 12:00:00+00:00            22.6   0.0      4.40","logger":"task.stdout"}
{"timestamp":"2026-06-28T14:13:44.291331Z","level":"info","event":"    52.52      13.42 2026-06-30 13:00:00+00:00            24.2   0.0      5.30","logger":"task.stdout"}
{"timestamp":"2026-06-28T14:13:44.291535Z","level":"info","event":"    52.52      13.42 2026-06-30 14:00:00+00:00            25.6   0.0      2.55","logger":"task.stdout"}
{"timestamp":"2026-06-28T14:13:44.291726Z","level":"info","event":"    52.52      13.42 2026-06-30 15:00:00+00:00            26.9   0.0      4.80","logger":"task.stdout"}
{"timestamp":"2026-06-28T14:13:44.291913Z","level":"info","event":"    52.52      13.42 2026-06-30 16:00:00+00:00            27.6   0.0      3.20","logger":"task.stdout"}
{"timestamp":"2026-06-28T14:13:44.292103Z","level":"info","event":"    52.52      13.42 2026-06-30 17:00:00+00:00            27.8   0.0      0.70","logger":"task.stdout"}
{"timestamp":"2026-06-28T14:13:44.292338Z","level":"info","event":"    52.52      13.42 2026-06-30 18:00:00+00:00            27.3   0.0      1.90","logger":"task.stdout"}
{"timestamp":"2026-06-28T14:13:44.292697Z","level":"info","event":"    52.52      13.42 2026-06-30 19:00:00+00:00            26.9   0.0      1.25","logger":"task.stdout"}
{"timestamp":"2026-06-28T14:13:44.292931Z","level":"info","event":"    52.52      13.42 2026-06-30 20:00:00+00:00            26.5   0.0      0.30","logger":"task.stdout"}
{"timestamp":"2026-06-28T14:13:44.293146Z","level":"info","event":"    52.52      13.42 2026-06-30 21:00:00+00:00            25.9   0.0      0.30","logger":"task.stdout"}
{"timestamp":"2026-06-28T14:13:44.293358Z","level":"info","event":"    52.52      13.42 2026-06-30 22:00:00+00:00            24.7   0.0      0.05","logger":"task.stdout"}
{"timestamp":"2026-06-28T14:13:44.293583Z","level":"info","event":"    52.52      13.42 2026-06-30 23:00:00+00:00            23.5   0.0      0.00","logger":"task.stdout"}
{"timestamp":"2026-06-28T14:13:44.293788Z","level":"info","event":"    52.52      13.42 2026-07-01 00:00:00+00:00            22.7   0.0      0.00","logger":"task.stdout"}
{"timestamp":"2026-06-28T14:13:44.294002Z","level":"info","event":"    52.52      13.42 2026-07-01 01:00:00+00:00            22.2   0.0      0.00","logger":"task.stdout"}
{"timestamp":"2026-06-28T14:13:44.294186Z","level":"info","event":"    52.52      13.42 2026-07-01 02:00:00+00:00            21.8   0.0      0.00","logger":"task.stdout"}
{"timestamp":"2026-06-28T14:13:44.294380Z","level":"info","event":"    52.52      13.42 2026-07-01 03:00:00+00:00            21.1   0.0      0.00","logger":"task.stdout"}
{"timestamp":"2026-06-28T14:13:44.294560Z","level":"info","event":"    52.52      13.42 2026-07-01 04:00:00+00:00            20.8   0.0      0.00","logger":"task.stdout"}
{"timestamp":"2026-06-28T14:13:44.294757Z","level":"info","event":"    52.52      13.42 2026-07-01 05:00:00+00:00            20.7   0.0      0.00","logger":"task.stdout"}
{"timestamp":"2026-06-28T14:13:44.294945Z","level":"info","event":"    52.52      13.42 2026-07-01 06:00:00+00:00            20.5   0.0      0.00","logger":"task.stdout"}
{"timestamp":"2026-06-28T14:13:44.295131Z","level":"info","event":"    52.52      13.42 2026-07-01 07:00:00+00:00            20.3   0.0      0.05","logger":"task.stdout"}
{"timestamp":"2026-06-28T14:13:44.295310Z","level":"info","event":"    52.52      13.42 2026-07-01 08:00:00+00:00            19.0   0.0      0.15","logger":"task.stdout"}
{"timestamp":"2026-06-28T14:13:44.295503Z","level":"info","event":"    52.52      13.42 2026-07-01 09:00:00+00:00            19.3   0.0      0.70","logger":"task.stdout"}
{"timestamp":"2026-06-28T14:13:44.295682Z","level":"info","event":"    52.52      13.42 2026-07-01 10:00:00+00:00            20.2   0.0      1.00","logger":"task.stdout"}
{"timestamp":"2026-06-28T14:13:44.295869Z","level":"info","event":"    52.52      13.42 2026-07-01 11:00:00+00:00            20.9   0.0      1.85","logger":"task.stdout"}
{"timestamp":"2026-06-28T14:13:44.296101Z","level":"info","event":"    52.52      13.42 2026-07-01 12:00:00+00:00            21.3   0.0      3.00","logger":"task.stdout"}
{"timestamp":"2026-06-28T14:13:44.296319Z","level":"info","event":"    52.52      13.42 2026-07-01 13:00:00+00:00            21.6   0.0      2.80","logger":"task.stdout"}
{"timestamp":"2026-06-28T14:13:44.296554Z","level":"info","event":"    52.52      13.42 2026-07-01 14:00:00+00:00            22.5   0.0      4.65","logger":"task.stdout"}
{"timestamp":"2026-06-28T14:13:44.296767Z","level":"info","event":"    52.52      13.42 2026-07-01 15:00:00+00:00            23.2   0.0      5.10","logger":"task.stdout"}
{"timestamp":"2026-06-28T14:13:44.296954Z","level":"info","event":"    52.52      13.42 2026-07-01 16:00:00+00:00            23.7   0.0      5.95","logger":"task.stdout"}
{"timestamp":"2026-06-28T14:13:44.297147Z","level":"info","event":"    52.52      13.42 2026-07-01 17:00:00+00:00            24.0   0.0      4.05","logger":"task.stdout"}
{"timestamp":"2026-06-28T14:13:44.297329Z","level":"info","event":"    52.52      13.42 2026-07-01 18:00:00+00:00            24.1   0.0      2.35","logger":"task.stdout"}
{"timestamp":"2026-06-28T14:13:44.297525Z","level":"info","event":"    52.52      13.42 2026-07-01 19:00:00+00:00            23.8   0.0      1.20","logger":"task.stdout"}
{"timestamp":"2026-06-28T14:13:44.297716Z","level":"info","event":"    52.52      13.42 2026-07-01 20:00:00+00:00            23.2   0.0      0.50","logger":"task.stdout"}
{"timestamp":"2026-06-28T14:13:44.297901Z","level":"info","event":"    52.52      13.42 2026-07-01 21:00:00+00:00            22.5   0.0      0.25","logger":"task.stdout"}
{"timestamp":"2026-06-28T14:13:44.298087Z","level":"info","event":"    52.52      13.42 2026-07-01 22:00:00+00:00            21.5   0.0      0.25","logger":"task.stdout"}
{"timestamp":"2026-06-28T14:13:44.298271Z","level":"info","event":"    52.52      13.42 2026-07-01 23:00:00+00:00            20.5   0.0      0.00","logger":"task.stdout"}
{"timestamp":"2026-06-28T14:13:44.298450Z","level":"info","event":"    52.52      13.42 2026-07-02 00:00:00+00:00            19.5   0.0      0.00","logger":"task.stdout"}
{"timestamp":"2026-06-28T14:13:44.298637Z","level":"info","event":"    52.52      13.42 2026-07-02 01:00:00+00:00            18.7   0.0      0.00","logger":"task.stdout"}
{"timestamp":"2026-06-28T14:13:44.298813Z","level":"info","event":"    52.52      13.42 2026-07-02 02:00:00+00:00            18.0   0.0      0.00","logger":"task.stdout"}
{"timestamp":"2026-06-28T14:13:44.299005Z","level":"info","event":"    52.52      13.42 2026-07-02 03:00:00+00:00            17.5   0.0      0.00","logger":"task.stdout"}
{"timestamp":"2026-06-28T14:13:44.299187Z","level":"info","event":"","logger":"task.stdout"}
{"timestamp":"2026-06-28T14:13:44.299385Z","level":"info","event":"============================================================","logger":"task.stdout"}
{"timestamp":"2026-06-28T14:13:44.299567Z","level":"info","event":"","logger":"task.stdout"}
{"timestamp":"2026-06-28T14:13:44.277133Z","level":"info","event":"Done. Returned value was: None","try_number":3,"map_index":-1,"run_id":"manual__2026-06-28T14:12:20.580159+00:00","task_id":"PRELOAD01","ti_id":"019f0e94-3878-7851-aefd-3159dc31c721","dag_id":"dag01","logger":"airflow.task.operators.airflow.providers.standard.operators.python.PythonOperator","filename":"python.py","lineno":233}
{"timestamp":"2026-06-28T14:13:44.277387Z","level":"info","event":"::group::Post Execute","try_number":3,"map_index":-1,"run_id":"manual__2026-06-28T14:12:20.580159+00:00","task_id":"PRELOAD01","ti_id":"019f0e94-3878-7851-aefd-3159dc31c721","dag_id":"dag01","logger":"task","filename":"task_runner.py","lineno":1288}
{"timestamp":"2026-06-28T14:13:44.369932Z","level":"info","event":"::endgroup::","try_number":3,"map_index":-1,"run_id":"manual__2026-06-28T14:12:20.580159+00:00","task_id":"PRELOAD01","ti_id":"019f0e94-3878-7851-aefd-3159dc31c721","dag_id":"dag01","logger":"task","filename":"task_runner.py","lineno":1896}
