{"timestamp":"2026-06-28T14:25:44.353614Z","level":"info","event":"::group::Pre Execute","logger":"task","filename":"task_runner.py","lineno":1926}
{"timestamp":"2026-06-28T14:25:44.387002Z","level":"info","event":"DAG bundles loaded: dags-folder","task_id":"PRELOAD01","try_number":1,"ti_id":"019f0e9f-298b-75c0-a547-805aaf9bc614","map_index":-1,"run_id":"manual__2026-06-28T14:25:39.698358+00:00","dag_id":"dag01","logger":"airflow.dag_processing.bundles.manager.DagBundlesManager","filename":"manager.py","lineno":209}
{"timestamp":"2026-06-28T14:25:44.389782Z","level":"info","event":"Filling up the DagBag from /opt/airflow/dags/dag01.py","task_id":"PRELOAD01","try_number":1,"ti_id":"019f0e9f-298b-75c0-a547-805aaf9bc614","map_index":-1,"run_id":"manual__2026-06-28T14:25:39.698358+00:00","dag_id":"dag01","logger":"airflow.dag_processing.dagbag.BundleDagBag","filename":"dagbag.py","lineno":469}
{"timestamp":"2026-06-28T14:25:45.151525Z","level":"info","event":"::endgroup::","task_id":"PRELOAD01","try_number":1,"ti_id":"019f0e9f-298b-75c0-a547-805aaf9bc614","map_index":-1,"run_id":"manual__2026-06-28T14:25:39.698358+00:00","dag_id":"dag01","logger":"task","filename":"task_runner.py","lineno":1727}
{"timestamp":"2026-06-28T14:25:45.217384Z","level":"info","event":"Database connection established successfully.","logger":"src.database.connection","task_id":"PRELOAD01","try_number":1,"ti_id":"019f0e9f-298b-75c0-a547-805aaf9bc614","map_index":-1,"run_id":"manual__2026-06-28T14:25:39.698358+00:00","dag_id":"dag01","filename":"connection.py","lineno":35}
{"timestamp":"2026-06-28T14:25:45.220393Z","level":"info","event":"Comparing 168 new rows against weather_forecasts for (lat=52.52000, lon=13.42000) from 2026-06-28 00:00:00+00:00 to 2026-07-04 23:00:00+00:00","logger":"src.etl.compare","task_id":"PRELOAD01","try_number":1,"ti_id":"019f0e9f-298b-75c0-a547-805aaf9bc614","map_index":-1,"run_id":"manual__2026-06-28T14:25:39.698358+00:00","dag_id":"dag01","filename":"compare.py","lineno":222}
{"timestamp":"2026-06-28T14:25:45.230208Z","level":"warning","event":"weather_forecasts table not found — creating it now from schema.sql.","logger":"src.etl.compare","task_id":"PRELOAD01","try_number":1,"ti_id":"019f0e9f-298b-75c0-a547-805aaf9bc614","map_index":-1,"run_id":"manual__2026-06-28T14:25:39.698358+00:00","dag_id":"dag01","filename":"compare.py","lineno":133}
{"timestamp":"2026-06-28T14:25:45.598810Z","level":"info","event":"weather_forecasts table created from schema.sql.","logger":"src.etl.compare","task_id":"PRELOAD01","try_number":1,"ti_id":"019f0e9f-298b-75c0-a547-805aaf9bc614","map_index":-1,"run_id":"manual__2026-06-28T14:25:39.698358+00:00","dag_id":"dag01","filename":"compare.py","lineno":121}
{"timestamp":"2026-06-28T14:25:45.600391Z","level":"info","event":"No existing rows in DB for this window — all 168 rows are new.","logger":"src.etl.compare","task_id":"PRELOAD01","try_number":1,"ti_id":"019f0e9f-298b-75c0-a547-805aaf9bc614","map_index":-1,"run_id":"manual__2026-06-28T14:25:39.698358+00:00","dag_id":"dag01","filename":"compare.py","lineno":237}
{"timestamp":"2026-06-28T14:25:45.601380Z","level":"info","event":"","logger":"task.stdout"}
{"timestamp":"2026-06-28T14:25:45.601696Z","level":"info","event":"============================================================","logger":"task.stdout"}
{"timestamp":"2026-06-28T14:25:45.602180Z","level":"info","event":"  WEATHER_FORECASTS — COMPARE REPORT","logger":"task.stdout"}
{"timestamp":"2026-06-28T14:25:45.602691Z","level":"info","event":"============================================================","logger":"task.stdout"}
{"timestamp":"2026-06-28T14:25:45.603050Z","level":"info","event":"  New batch rows   :    168","logger":"task.stdout"}
{"timestamp":"2026-06-28T14:25:45.603440Z","level":"info","event":"  DB rows (window) :      0","logger":"task.stdout"}
{"timestamp":"2026-06-28T14:25:45.603840Z","level":"info","event":"============================================================","logger":"task.stdout"}
{"timestamp":"2026-06-28T14:25:45.604139Z","level":"info","event":"  🟢 New (to insert)  :    168","logger":"task.stdout"}
{"timestamp":"2026-06-28T14:25:45.604493Z","level":"info","event":"  ✅ Existing (match) :      0","logger":"task.stdout"}
{"timestamp":"2026-06-28T14:25:45.604814Z","level":"info","event":"  🟡 Changed (drift)  :      0","logger":"task.stdout"}
{"timestamp":"2026-06-28T14:25:45.605136Z","level":"info","event":"  🔴 Stale (DB only)  :      0","logger":"task.stdout"}
{"timestamp":"2026-06-28T14:25:45.605458Z","level":"info","event":"============================================================","logger":"task.stdout"}
{"timestamp":"2026-06-28T14:25:45.605966Z","level":"info","event":"","logger":"task.stdout"}
{"timestamp":"2026-06-28T14:25:45.606296Z","level":"info","event":"── New rows (first 100) ──","logger":"task.stdout"}
{"timestamp":"2026-06-28T14:25:45.622197Z","level":"info","event":" latitude  longitude             forecast_time  temperature_2m  rain  uv_index","logger":"task.stdout"}
{"timestamp":"2026-06-28T14:25:45.622932Z","level":"info","event":"    52.52      13.42 2026-06-28 00:00:00+00:00            29.2   0.0      0.00","logger":"task.stdout"}
{"timestamp":"2026-06-28T14:25:45.623550Z","level":"info","event":"    52.52      13.42 2026-06-28 01:00:00+00:00            29.9   0.0      0.00","logger":"task.stdout"}
{"timestamp":"2026-06-28T14:25:45.624096Z","level":"info","event":"    52.52      13.42 2026-06-28 02:00:00+00:00            29.7   0.0      0.00","logger":"task.stdout"}
{"timestamp":"2026-06-28T14:25:45.624576Z","level":"info","event":"    52.52      13.42 2026-06-28 03:00:00+00:00            29.4   0.0      0.00","logger":"task.stdout"}
{"timestamp":"2026-06-28T14:25:45.624988Z","level":"info","event":"    52.52      13.42 2026-06-28 04:00:00+00:00            28.4   0.0      0.00","logger":"task.stdout"}
{"timestamp":"2026-06-28T14:25:45.625448Z","level":"info","event":"    52.52      13.42 2026-06-28 05:00:00+00:00            27.9   0.0      0.00","logger":"task.stdout"}
{"timestamp":"2026-06-28T14:25:45.625937Z","level":"info","event":"    52.52      13.42 2026-06-28 06:00:00+00:00            27.0   0.0      0.00","logger":"task.stdout"}
{"timestamp":"2026-06-28T14:25:45.626469Z","level":"info","event":"    52.52      13.42 2026-06-28 07:00:00+00:00            26.6   0.0      0.20","logger":"task.stdout"}
{"timestamp":"2026-06-28T14:25:45.626958Z","level":"info","event":"    52.52      13.42 2026-06-28 08:00:00+00:00            27.1   0.0      0.80","logger":"task.stdout"}
{"timestamp":"2026-06-28T14:25:45.627588Z","level":"info","event":"    52.52      13.42 2026-06-28 09:00:00+00:00            28.1   0.0      1.75","logger":"task.stdout"}
{"timestamp":"2026-06-28T14:25:45.628429Z","level":"info","event":"    52.52      13.42 2026-06-28 10:00:00+00:00            29.8   0.0      2.75","logger":"task.stdout"}
{"timestamp":"2026-06-28T14:25:45.628885Z","level":"info","event":"    52.52      13.42 2026-06-28 11:00:00+00:00            30.8   0.0      3.75","logger":"task.stdout"}
{"timestamp":"2026-06-28T14:25:45.629466Z","level":"info","event":"    52.52      13.42 2026-06-28 12:00:00+00:00            32.7   0.0      5.20","logger":"task.stdout"}
{"timestamp":"2026-06-28T14:25:45.630096Z","level":"info","event":"    52.52      13.42 2026-06-28 13:00:00+00:00            34.4   0.0      5.00","logger":"task.stdout"}
{"timestamp":"2026-06-28T14:25:45.630537Z","level":"info","event":"    52.52      13.42 2026-06-28 14:00:00+00:00            36.0   0.0      3.90","logger":"task.stdout"}
{"timestamp":"2026-06-28T14:25:45.630995Z","level":"info","event":"    52.52      13.42 2026-06-28 15:00:00+00:00            37.2   0.0      6.50","logger":"task.stdout"}
{"timestamp":"2026-06-28T14:25:45.631428Z","level":"info","event":"    52.52      13.42 2026-06-28 16:00:00+00:00            38.1   0.0      6.20","logger":"task.stdout"}
{"timestamp":"2026-06-28T14:25:45.631828Z","level":"info","event":"    52.52      13.42 2026-06-28 17:00:00+00:00            38.4   0.0      5.75","logger":"task.stdout"}
{"timestamp":"2026-06-28T14:25:45.632192Z","level":"info","event":"    52.52      13.42 2026-06-28 18:00:00+00:00            37.9   0.0      4.65","logger":"task.stdout"}
{"timestamp":"2026-06-28T14:25:45.632702Z","level":"info","event":"    52.52      13.42 2026-06-28 19:00:00+00:00            37.5   0.0      3.35","logger":"task.stdout"}
{"timestamp":"2026-06-28T14:25:45.633226Z","level":"info","event":"    52.52      13.42 2026-06-28 20:00:00+00:00            36.3   0.0      2.10","logger":"task.stdout"}
{"timestamp":"2026-06-28T14:25:45.633621Z","level":"info","event":"    52.52      13.42 2026-06-28 21:00:00+00:00            35.1   0.0      1.00","logger":"task.stdout"}
{"timestamp":"2026-06-28T14:25:45.633903Z","level":"info","event":"    52.52      13.42 2026-06-28 22:00:00+00:00            33.3   0.0      0.35","logger":"task.stdout"}
{"timestamp":"2026-06-28T14:25:45.634337Z","level":"info","event":"    52.52      13.42 2026-06-28 23:00:00+00:00            30.1   0.0      0.00","logger":"task.stdout"}
{"timestamp":"2026-06-28T14:25:45.634623Z","level":"info","event":"    52.52      13.42 2026-06-29 00:00:00+00:00            28.3   0.0      0.00","logger":"task.stdout"}
{"timestamp":"2026-06-28T14:25:45.635154Z","level":"info","event":"    52.52      13.42 2026-06-29 01:00:00+00:00            26.7   0.0      0.00","logger":"task.stdout"}
{"timestamp":"2026-06-28T14:25:45.635738Z","level":"info","event":"    52.52      13.42 2026-06-29 02:00:00+00:00            25.3   0.0      0.00","logger":"task.stdout"}
{"timestamp":"2026-06-28T14:25:45.636070Z","level":"info","event":"    52.52      13.42 2026-06-29 03:00:00+00:00            24.5   0.0      0.00","logger":"task.stdout"}
{"timestamp":"2026-06-28T14:25:45.636583Z","level":"info","event":"    52.52      13.42 2026-06-29 04:00:00+00:00            24.1   0.0      0.00","logger":"task.stdout"}
{"timestamp":"2026-06-28T14:25:45.637082Z","level":"info","event":"    52.52      13.42 2026-06-29 05:00:00+00:00            24.1   0.0      0.00","logger":"task.stdout"}
{"timestamp":"2026-06-28T14:25:45.637558Z","level":"info","event":"    52.52      13.42 2026-06-29 06:00:00+00:00            24.2   0.0      0.00","logger":"task.stdout"}
{"timestamp":"2026-06-28T14:25:45.638115Z","level":"info","event":"    52.52      13.42 2026-06-29 07:00:00+00:00            24.3   0.0      0.20","logger":"task.stdout"}
{"timestamp":"2026-06-28T14:25:45.638606Z","level":"info","event":"    52.52      13.42 2026-06-29 08:00:00+00:00            24.7   0.0      0.80","logger":"task.stdout"}
{"timestamp":"2026-06-28T14:25:45.639064Z","level":"info","event":"    52.52      13.42 2026-06-29 09:00:00+00:00            25.5   0.0      1.05","logger":"task.stdout"}
{"timestamp":"2026-06-28T14:25:45.639429Z","level":"info","event":"    52.52      13.42 2026-06-29 10:00:00+00:00            26.7   0.0      2.30","logger":"task.stdout"}
{"timestamp":"2026-06-28T14:25:45.639734Z","level":"info","event":"    52.52      13.42 2026-06-29 11:00:00+00:00            28.0   0.0      3.70","logger":"task.stdout"}
{"timestamp":"2026-06-28T14:25:45.640269Z","level":"info","event":"    52.52      13.42 2026-06-29 12:00:00+00:00            28.8   0.0      3.25","logger":"task.stdout"}
{"timestamp":"2026-06-28T14:25:45.640674Z","level":"info","event":"    52.52      13.42 2026-06-29 13:00:00+00:00            29.3   0.0      1.30","logger":"task.stdout"}
{"timestamp":"2026-06-28T14:25:45.641054Z","level":"info","event":"    52.52      13.42 2026-06-29 14:00:00+00:00            29.9   0.0      3.75","logger":"task.stdout"}
{"timestamp":"2026-06-28T14:25:45.641497Z","level":"info","event":"    52.52      13.42 2026-06-29 15:00:00+00:00            25.7   0.0      2.85","logger":"task.stdout"}
{"timestamp":"2026-06-28T14:25:45.641944Z","level":"info","event":"    52.52      13.42 2026-06-29 16:00:00+00:00            25.9   0.0      1.00","logger":"task.stdout"}
{"timestamp":"2026-06-28T14:25:45.642492Z","level":"info","event":"    52.52      13.42 2026-06-29 17:00:00+00:00            25.1   0.0      0.55","logger":"task.stdout"}
{"timestamp":"2026-06-28T14:25:45.643273Z","level":"info","event":"    52.52      13.42 2026-06-29 18:00:00+00:00            23.7   0.0      0.50","logger":"task.stdout"}
{"timestamp":"2026-06-28T14:25:45.643838Z","level":"info","event":"    52.52      13.42 2026-06-29 19:00:00+00:00            21.6   0.1      0.30","logger":"task.stdout"}
{"timestamp":"2026-06-28T14:25:45.644459Z","level":"info","event":"    52.52      13.42 2026-06-29 20:00:00+00:00            21.3   0.0      0.55","logger":"task.stdout"}
{"timestamp":"2026-06-28T14:25:45.644943Z","level":"info","event":"    52.52      13.42 2026-06-29 21:00:00+00:00            20.9   0.0      0.80","logger":"task.stdout"}
{"timestamp":"2026-06-28T14:25:45.645585Z","level":"info","event":"    52.52      13.42 2026-06-29 22:00:00+00:00            20.4  10.6      0.20","logger":"task.stdout"}
{"timestamp":"2026-06-28T14:25:45.646164Z","level":"info","event":"    52.52      13.42 2026-06-29 23:00:00+00:00            20.5   1.1      0.00","logger":"task.stdout"}
{"timestamp":"2026-06-28T14:25:45.646756Z","level":"info","event":"    52.52      13.42 2026-06-30 00:00:00+00:00            20.3   0.7      0.00","logger":"task.stdout"}
{"timestamp":"2026-06-28T14:25:45.647262Z","level":"info","event":"    52.52      13.42 2026-06-30 01:00:00+00:00            19.9   0.0      0.00","logger":"task.stdout"}
{"timestamp":"2026-06-28T14:25:45.648001Z","level":"info","event":"    52.52      13.42 2026-06-30 02:00:00+00:00            19.8   0.0      0.00","logger":"task.stdout"}
{"timestamp":"2026-06-28T14:25:45.648517Z","level":"info","event":"    52.52      13.42 2026-06-30 03:00:00+00:00            19.6   0.0      0.00","logger":"task.stdout"}
{"timestamp":"2026-06-28T14:25:45.649038Z","level":"info","event":"    52.52      13.42 2026-06-30 04:00:00+00:00            19.5   0.0      0.00","logger":"task.stdout"}
{"timestamp":"2026-06-28T14:25:45.649614Z","level":"info","event":"    52.52      13.42 2026-06-30 05:00:00+00:00            19.6   0.0      0.00","logger":"task.stdout"}
{"timestamp":"2026-06-28T14:25:45.650477Z","level":"info","event":"    52.52      13.42 2026-06-30 06:00:00+00:00            19.5   0.0      0.00","logger":"task.stdout"}
{"timestamp":"2026-06-28T14:25:45.650903Z","level":"info","event":"    52.52      13.42 2026-06-30 07:00:00+00:00            19.4   0.0      0.10","logger":"task.stdout"}
{"timestamp":"2026-06-28T14:25:45.651334Z","level":"info","event":"    52.52      13.42 2026-06-30 08:00:00+00:00            19.4   0.0      0.65","logger":"task.stdout"}
{"timestamp":"2026-06-28T14:25:45.651923Z","level":"info","event":"    52.52      13.42 2026-06-30 09:00:00+00:00            19.9   0.0      1.55","logger":"task.stdout"}
{"timestamp":"2026-06-28T14:25:45.652477Z","level":"info","event":"    52.52      13.42 2026-06-30 10:00:00+00:00            20.4   0.0      2.60","logger":"task.stdout"}
{"timestamp":"2026-06-28T14:25:45.652878Z","level":"info","event":"    52.52      13.42 2026-06-30 11:00:00+00:00            21.4   0.0      3.30","logger":"task.stdout"}
{"timestamp":"2026-06-28T14:25:45.653171Z","level":"info","event":"    52.52      13.42 2026-06-30 12:00:00+00:00            22.6   0.0      4.40","logger":"task.stdout"}
{"timestamp":"2026-06-28T14:25:45.653502Z","level":"info","event":"    52.52      13.42 2026-06-30 13:00:00+00:00            24.2   0.0      5.30","logger":"task.stdout"}
{"timestamp":"2026-06-28T14:25:45.653871Z","level":"info","event":"    52.52      13.42 2026-06-30 14:00:00+00:00            25.6   0.0      2.55","logger":"task.stdout"}
{"timestamp":"2026-06-28T14:25:45.654247Z","level":"info","event":"    52.52      13.42 2026-06-30 15:00:00+00:00            26.9   0.0      4.80","logger":"task.stdout"}
{"timestamp":"2026-06-28T14:25:45.654606Z","level":"info","event":"    52.52      13.42 2026-06-30 16:00:00+00:00            27.6   0.0      3.20","logger":"task.stdout"}
{"timestamp":"2026-06-28T14:25:45.655044Z","level":"info","event":"    52.52      13.42 2026-06-30 17:00:00+00:00            27.8   0.0      0.70","logger":"task.stdout"}
{"timestamp":"2026-06-28T14:25:45.655323Z","level":"info","event":"    52.52      13.42 2026-06-30 18:00:00+00:00            27.3   0.0      1.90","logger":"task.stdout"}
{"timestamp":"2026-06-28T14:25:45.655767Z","level":"info","event":"    52.52      13.42 2026-06-30 19:00:00+00:00            26.9   0.0      1.25","logger":"task.stdout"}
{"timestamp":"2026-06-28T14:25:45.656054Z","level":"info","event":"    52.52      13.42 2026-06-30 20:00:00+00:00            26.5   0.0      0.30","logger":"task.stdout"}
{"timestamp":"2026-06-28T14:25:45.656392Z","level":"info","event":"    52.52      13.42 2026-06-30 21:00:00+00:00            25.9   0.0      0.30","logger":"task.stdout"}
{"timestamp":"2026-06-28T14:25:45.656720Z","level":"info","event":"    52.52      13.42 2026-06-30 22:00:00+00:00            24.7   0.0      0.05","logger":"task.stdout"}
{"timestamp":"2026-06-28T14:25:45.657042Z","level":"info","event":"    52.52      13.42 2026-06-30 23:00:00+00:00            23.5   0.0      0.00","logger":"task.stdout"}
{"timestamp":"2026-06-28T14:25:45.657644Z","level":"info","event":"    52.52      13.42 2026-07-01 00:00:00+00:00            22.7   0.0      0.00","logger":"task.stdout"}
{"timestamp":"2026-06-28T14:25:45.658009Z","level":"info","event":"    52.52      13.42 2026-07-01 01:00:00+00:00            22.2   0.0      0.00","logger":"task.stdout"}
{"timestamp":"2026-06-28T14:25:45.658890Z","level":"info","event":"    52.52      13.42 2026-07-01 02:00:00+00:00            21.8   0.0      0.00","logger":"task.stdout"}
{"timestamp":"2026-06-28T14:25:45.659463Z","level":"info","event":"    52.52      13.42 2026-07-01 03:00:00+00:00            21.1   0.0      0.00","logger":"task.stdout"}
{"timestamp":"2026-06-28T14:25:45.660136Z","level":"info","event":"    52.52      13.42 2026-07-01 04:00:00+00:00            20.8   0.0      0.00","logger":"task.stdout"}
{"timestamp":"2026-06-28T14:25:45.660691Z","level":"info","event":"    52.52      13.42 2026-07-01 05:00:00+00:00            20.7   0.0      0.00","logger":"task.stdout"}
{"timestamp":"2026-06-28T14:25:45.661271Z","level":"info","event":"    52.52      13.42 2026-07-01 06:00:00+00:00            20.5   0.0      0.00","logger":"task.stdout"}
{"timestamp":"2026-06-28T14:25:45.662185Z","level":"info","event":"    52.52      13.42 2026-07-01 07:00:00+00:00            20.3   0.0      0.05","logger":"task.stdout"}
{"timestamp":"2026-06-28T14:25:45.662753Z","level":"info","event":"    52.52      13.42 2026-07-01 08:00:00+00:00            19.0   0.0      0.15","logger":"task.stdout"}
{"timestamp":"2026-06-28T14:25:45.663300Z","level":"info","event":"    52.52      13.42 2026-07-01 09:00:00+00:00            19.3   0.0      0.70","logger":"task.stdout"}
{"timestamp":"2026-06-28T14:25:45.663767Z","level":"info","event":"    52.52      13.42 2026-07-01 10:00:00+00:00            20.2   0.0      1.00","logger":"task.stdout"}
{"timestamp":"2026-06-28T14:25:45.664252Z","level":"info","event":"    52.52      13.42 2026-07-01 11:00:00+00:00            20.9   0.0      1.85","logger":"task.stdout"}
{"timestamp":"2026-06-28T14:25:45.664760Z","level":"info","event":"    52.52      13.42 2026-07-01 12:00:00+00:00            21.3   0.0      3.00","logger":"task.stdout"}
{"timestamp":"2026-06-28T14:25:45.665397Z","level":"info","event":"    52.52      13.42 2026-07-01 13:00:00+00:00            21.6   0.0      2.80","logger":"task.stdout"}
{"timestamp":"2026-06-28T14:25:45.665773Z","level":"info","event":"    52.52      13.42 2026-07-01 14:00:00+00:00            22.5   0.0      4.65","logger":"task.stdout"}
{"timestamp":"2026-06-28T14:25:45.666409Z","level":"info","event":"    52.52      13.42 2026-07-01 15:00:00+00:00            23.2   0.0      5.10","logger":"task.stdout"}
{"timestamp":"2026-06-28T14:25:45.666986Z","level":"info","event":"    52.52      13.42 2026-07-01 16:00:00+00:00            23.7   0.0      5.95","logger":"task.stdout"}
{"timestamp":"2026-06-28T14:25:45.667584Z","level":"info","event":"    52.52      13.42 2026-07-01 17:00:00+00:00            24.0   0.0      4.05","logger":"task.stdout"}
{"timestamp":"2026-06-28T14:25:45.668126Z","level":"info","event":"    52.52      13.42 2026-07-01 18:00:00+00:00            24.1   0.0      2.35","logger":"task.stdout"}
{"timestamp":"2026-06-28T14:25:45.668590Z","level":"info","event":"    52.52      13.42 2026-07-01 19:00:00+00:00            23.8   0.0      1.20","logger":"task.stdout"}
{"timestamp":"2026-06-28T14:25:45.669077Z","level":"info","event":"    52.52      13.42 2026-07-01 20:00:00+00:00            23.2   0.0      0.50","logger":"task.stdout"}
{"timestamp":"2026-06-28T14:25:45.669531Z","level":"info","event":"    52.52      13.42 2026-07-01 21:00:00+00:00            22.5   0.0      0.25","logger":"task.stdout"}
{"timestamp":"2026-06-28T14:25:45.670092Z","level":"info","event":"    52.52      13.42 2026-07-01 22:00:00+00:00            21.5   0.0      0.25","logger":"task.stdout"}
{"timestamp":"2026-06-28T14:25:45.670661Z","level":"info","event":"    52.52      13.42 2026-07-01 23:00:00+00:00            20.5   0.0      0.00","logger":"task.stdout"}
{"timestamp":"2026-06-28T14:25:45.671081Z","level":"info","event":"    52.52      13.42 2026-07-02 00:00:00+00:00            19.5   0.0      0.00","logger":"task.stdout"}
{"timestamp":"2026-06-28T14:25:45.671531Z","level":"info","event":"    52.52      13.42 2026-07-02 01:00:00+00:00            18.7   0.0      0.00","logger":"task.stdout"}
{"timestamp":"2026-06-28T14:25:45.672029Z","level":"info","event":"    52.52      13.42 2026-07-02 02:00:00+00:00            18.0   0.0      0.00","logger":"task.stdout"}
{"timestamp":"2026-06-28T14:25:45.672636Z","level":"info","event":"    52.52      13.42 2026-07-02 03:00:00+00:00            17.5   0.0      0.00","logger":"task.stdout"}
{"timestamp":"2026-06-28T14:25:45.673025Z","level":"info","event":"","logger":"task.stdout"}
{"timestamp":"2026-06-28T14:25:45.673404Z","level":"info","event":"============================================================","logger":"task.stdout"}
{"timestamp":"2026-06-28T14:25:45.673795Z","level":"info","event":"","logger":"task.stdout"}
{"timestamp":"2026-06-28T14:25:46.201315Z","level":"info","event":"Done. Returned value was: None","task_id":"PRELOAD01","try_number":1,"ti_id":"019f0e9f-298b-75c0-a547-805aaf9bc614","map_index":-1,"run_id":"manual__2026-06-28T14:25:39.698358+00:00","dag_id":"dag01","logger":"airflow.task.operators.airflow.providers.standard.operators.python.PythonOperator","filename":"python.py","lineno":233}
{"timestamp":"2026-06-28T14:25:46.201578Z","level":"info","event":"::group::Post Execute","task_id":"PRELOAD01","try_number":1,"ti_id":"019f0e9f-298b-75c0-a547-805aaf9bc614","map_index":-1,"run_id":"manual__2026-06-28T14:25:39.698358+00:00","dag_id":"dag01","logger":"task","filename":"task_runner.py","lineno":1288}
{"timestamp":"2026-06-28T14:25:46.232568Z","level":"info","event":"::endgroup::","task_id":"PRELOAD01","try_number":1,"ti_id":"019f0e9f-298b-75c0-a547-805aaf9bc614","map_index":-1,"run_id":"manual__2026-06-28T14:25:39.698358+00:00","dag_id":"dag01","logger":"task","filename":"task_runner.py","lineno":1896}
