{"timestamp":"2026-06-29T23:04:23.503260Z","level":"info","event":"::group::Pre Execute","logger":"task","filename":"task_runner.py","lineno":1926}
{"timestamp":"2026-06-29T23:04:23.537176Z","level":"info","event":"DAG bundles loaded: dags-folder","task_id":"PRELOAD01","map_index":-1,"try_number":1,"ti_id":"019f15a0-5e5e-790d-b03d-0c4d514fcbd2","run_id":"manual__2026-06-29T23:04:19.264400+00:00","dag_id":"dag01","logger":"airflow.dag_processing.bundles.manager.DagBundlesManager","filename":"manager.py","lineno":209}
{"timestamp":"2026-06-29T23:04:23.539503Z","level":"info","event":"Filling up the DagBag from /opt/airflow/dags/dag01.py","task_id":"PRELOAD01","map_index":-1,"try_number":1,"ti_id":"019f15a0-5e5e-790d-b03d-0c4d514fcbd2","run_id":"manual__2026-06-29T23:04:19.264400+00:00","dag_id":"dag01","logger":"airflow.dag_processing.dagbag.BundleDagBag","filename":"dagbag.py","lineno":469}
{"timestamp":"2026-06-29T23:04:24.274535Z","level":"info","event":"::endgroup::","task_id":"PRELOAD01","map_index":-1,"try_number":1,"ti_id":"019f15a0-5e5e-790d-b03d-0c4d514fcbd2","run_id":"manual__2026-06-29T23:04:19.264400+00:00","dag_id":"dag01","logger":"task","filename":"task_runner.py","lineno":1727}
{"timestamp":"2026-06-29T23:04:24.348896Z","level":"info","event":"Database connection established successfully.","logger":"src.database.connection","task_id":"PRELOAD01","map_index":-1,"try_number":1,"ti_id":"019f15a0-5e5e-790d-b03d-0c4d514fcbd2","run_id":"manual__2026-06-29T23:04:19.264400+00:00","dag_id":"dag01","filename":"connection.py","lineno":35}
{"timestamp":"2026-06-29T23:04:24.354051Z","level":"info","event":"Comparing 168 new rows against weather_forecasts for (lat=27.02988, lon=30.00000) from 2026-06-30 00:00:00+00:00 to 2026-07-06 23:00:00+00:00","logger":"src.etl.compare","task_id":"PRELOAD01","map_index":-1,"try_number":1,"ti_id":"019f15a0-5e5e-790d-b03d-0c4d514fcbd2","run_id":"manual__2026-06-29T23:04:19.264400+00:00","dag_id":"dag01","filename":"compare.py","lineno":240}
{"timestamp":"2026-06-29T23:04:24.421502Z","level":"info","event":"Compare complete: 0 new | 168 existing | 0 changed | 0 stale","logger":"src.etl.compare","task_id":"PRELOAD01","map_index":-1,"try_number":1,"ti_id":"019f15a0-5e5e-790d-b03d-0c4d514fcbd2","run_id":"manual__2026-06-29T23:04:19.264400+00:00","dag_id":"dag01","filename":"compare.py","lineno":315}
{"timestamp":"2026-06-29T23:04:24.422687Z","level":"info","event":"","logger":"task.stdout"}
{"timestamp":"2026-06-29T23:04:24.423246Z","level":"info","event":"============================================================","logger":"task.stdout"}
{"timestamp":"2026-06-29T23:04:24.423793Z","level":"info","event":"  WEATHER_FORECASTS — COMPARE REPORT","logger":"task.stdout"}
{"timestamp":"2026-06-29T23:04:24.424325Z","level":"info","event":"============================================================","logger":"task.stdout"}
{"timestamp":"2026-06-29T23:04:24.424849Z","level":"info","event":"  New batch rows   :    168","logger":"task.stdout"}
{"timestamp":"2026-06-29T23:04:24.425190Z","level":"info","event":"  DB rows (window) :    168","logger":"task.stdout"}
{"timestamp":"2026-06-29T23:04:24.425657Z","level":"info","event":"============================================================","logger":"task.stdout"}
{"timestamp":"2026-06-29T23:04:24.426187Z","level":"info","event":"  🟢 New (to insert)  :      0","logger":"task.stdout"}
{"timestamp":"2026-06-29T23:04:24.426751Z","level":"info","event":"  ✅ Existing (match) :    168","logger":"task.stdout"}
{"timestamp":"2026-06-29T23:04:24.427237Z","level":"info","event":"  🟡 Changed (drift)  :      0","logger":"task.stdout"}
{"timestamp":"2026-06-29T23:04:24.427773Z","level":"info","event":"  🔴 Stale (DB only)  :      0","logger":"task.stdout"}
{"timestamp":"2026-06-29T23:04:24.428296Z","level":"info","event":"============================================================","logger":"task.stdout"}
{"timestamp":"2026-06-29T23:04:24.428843Z","level":"info","event":"","logger":"task.stdout"}
{"timestamp":"2026-06-29T23:04:24.429370Z","level":"info","event":"============================================================","logger":"task.stdout"}
{"timestamp":"2026-06-29T23:04:24.429903Z","level":"info","event":"","logger":"task.stdout"}
{"timestamp":"2026-06-29T23:04:24.474111Z","level":"info","event":"Done. Returned value was: None","task_id":"PRELOAD01","map_index":-1,"try_number":1,"ti_id":"019f15a0-5e5e-790d-b03d-0c4d514fcbd2","run_id":"manual__2026-06-29T23:04:19.264400+00:00","dag_id":"dag01","logger":"airflow.task.operators.airflow.providers.standard.operators.python.PythonOperator","filename":"python.py","lineno":233}
{"timestamp":"2026-06-29T23:04:24.474378Z","level":"info","event":"::group::Post Execute","task_id":"PRELOAD01","map_index":-1,"try_number":1,"ti_id":"019f15a0-5e5e-790d-b03d-0c4d514fcbd2","run_id":"manual__2026-06-29T23:04:19.264400+00:00","dag_id":"dag01","logger":"task","filename":"task_runner.py","lineno":1288}
{"timestamp":"2026-06-29T23:04:24.524405Z","level":"info","event":"::endgroup::","task_id":"PRELOAD01","map_index":-1,"try_number":1,"ti_id":"019f15a0-5e5e-790d-b03d-0c4d514fcbd2","run_id":"manual__2026-06-29T23:04:19.264400+00:00","dag_id":"dag01","logger":"task","filename":"task_runner.py","lineno":1896}
