{"timestamp":"2026-06-30T20:00:15.095295Z","level":"info","event":"::group::Pre Execute","logger":"task","filename":"task_runner.py","lineno":1926}
{"timestamp":"2026-06-30T20:00:15.139477Z","level":"info","event":"DAG bundles loaded: dags-folder","map_index":-1,"try_number":1,"task_id":"PRELOAD01","ti_id":"019f1a1d-fd37-764a-a3e3-e51aa1b30cbd","dag_id":"dag01","run_id":"scheduled__2026-06-30T20:00:00+00:00","logger":"airflow.dag_processing.bundles.manager.DagBundlesManager","filename":"manager.py","lineno":209}
{"timestamp":"2026-06-30T20:00:15.141225Z","level":"info","event":"Filling up the DagBag from /opt/airflow/dags/dag01.py","map_index":-1,"try_number":1,"task_id":"PRELOAD01","ti_id":"019f1a1d-fd37-764a-a3e3-e51aa1b30cbd","dag_id":"dag01","run_id":"scheduled__2026-06-30T20:00:00+00:00","logger":"airflow.dag_processing.dagbag.BundleDagBag","filename":"dagbag.py","lineno":469}
{"timestamp":"2026-06-30T20:00:16.163376Z","level":"info","event":"::endgroup::","map_index":-1,"try_number":1,"task_id":"PRELOAD01","ti_id":"019f1a1d-fd37-764a-a3e3-e51aa1b30cbd","dag_id":"dag01","run_id":"scheduled__2026-06-30T20:00:00+00:00","logger":"task","filename":"task_runner.py","lineno":1727}
{"timestamp":"2026-06-30T20:00:16.242624Z","level":"info","event":"Database connection established successfully.","logger":"src.database.connection","map_index":-1,"try_number":1,"task_id":"PRELOAD01","ti_id":"019f1a1d-fd37-764a-a3e3-e51aa1b30cbd","dag_id":"dag01","run_id":"scheduled__2026-06-30T20:00:00+00:00","filename":"connection.py","lineno":35}
{"timestamp":"2026-06-30T20:00:16.245946Z","level":"info","event":"Comparing 168 new rows against weather_forecasts for (lat=27.02988, lon=30.00000) from 2026-06-30 00:00:00+00:00 to 2026-07-06 23:00:00+00:00","logger":"src.etl.compare","map_index":-1,"try_number":1,"task_id":"PRELOAD01","ti_id":"019f1a1d-fd37-764a-a3e3-e51aa1b30cbd","dag_id":"dag01","run_id":"scheduled__2026-06-30T20:00:00+00:00","filename":"compare.py","lineno":240}
{"timestamp":"2026-06-30T20:00:16.378623Z","level":"info","event":"Compare complete: 0 new | 16 existing | 152 changed | 0 stale","logger":"src.etl.compare","map_index":-1,"try_number":1,"task_id":"PRELOAD01","ti_id":"019f1a1d-fd37-764a-a3e3-e51aa1b30cbd","dag_id":"dag01","run_id":"scheduled__2026-06-30T20:00:00+00:00","filename":"compare.py","lineno":315}
{"timestamp":"2026-06-30T20:00:16.380734Z","level":"info","event":"","logger":"task.stdout"}
{"timestamp":"2026-06-30T20:00:16.381803Z","level":"info","event":"============================================================","logger":"task.stdout"}
{"timestamp":"2026-06-30T20:00:16.382500Z","level":"info","event":"  WEATHER_FORECASTS — COMPARE REPORT","logger":"task.stdout"}
{"timestamp":"2026-06-30T20:00:16.382940Z","level":"info","event":"============================================================","logger":"task.stdout"}
{"timestamp":"2026-06-30T20:00:16.383271Z","level":"info","event":"  New batch rows   :    168","logger":"task.stdout"}
{"timestamp":"2026-06-30T20:00:16.383631Z","level":"info","event":"  DB rows (window) :    168","logger":"task.stdout"}
{"timestamp":"2026-06-30T20:00:16.384272Z","level":"info","event":"============================================================","logger":"task.stdout"}
{"timestamp":"2026-06-30T20:00:16.384635Z","level":"info","event":"  🟢 New (to insert)  :      0","logger":"task.stdout"}
{"timestamp":"2026-06-30T20:00:16.384950Z","level":"info","event":"  ✅ Existing (match) :     16","logger":"task.stdout"}
{"timestamp":"2026-06-30T20:00:16.385302Z","level":"info","event":"  🟡 Changed (drift)  :    152","logger":"task.stdout"}
{"timestamp":"2026-06-30T20:00:16.385605Z","level":"info","event":"  🔴 Stale (DB only)  :      0","logger":"task.stdout"}
{"timestamp":"2026-06-30T20:00:16.385935Z","level":"info","event":"============================================================","logger":"task.stdout"}
{"timestamp":"2026-06-30T20:00:16.386202Z","level":"info","event":"","logger":"task.stdout"}
{"timestamp":"2026-06-30T20:00:16.386473Z","level":"info","event":"── Changed rows (first 5) ──","logger":"task.stdout"}
{"timestamp":"2026-06-30T20:00:16.395227Z","level":"info","event":" latitude  longitude             forecast_time  rain_new  is_day_new  uv_index_new  visibility_new  cloud_cover_new  dew_point_2m_new  temperature_2m_new  wind_gusts_10m_new  wind_speed_10m_new  surface_pressure_new  sunshine_duration_new  wind_direction_10m_new  apparent_temperature_new  relative_humidity_2m_new  precipitation_probability_new timezone_new  elevation_new model_used_new  rain_db  is_day_db  uv_index_db  visibility_db  cloud_cover_db  dew_point_2m_db  temperature_2m_db  wind_gusts_10m_db  wind_speed_10m_db  surface_pressure_db  sunshine_duration_db  wind_direction_10m_db  apparent_temperature_db  relative_humidity_2m_db  precipitation_probability_db  timezone_db  elevation_db model_used_db","logger":"task.stdout"}
{"timestamp":"2026-06-30T20:00:16.395686Z","level":"info","event":" 27.02988       30.0 2026-06-30 15:00:00+00:00         0        True          7.10           12220                0               6.4                37.3                37.8                23.1                 987.5                 3600.0                     347                      34.8                        15                              0 Africa/Cairo            198     best_match        0       True         7.10          12220               0              6.6               37.3               37.8               23.1                987.5                3600.0                    347                     34.8                       15                             0 Africa/Cairo           198    best_match","logger":"task.stdout"}
{"timestamp":"2026-06-30T20:00:16.396063Z","level":"info","event":" 27.02988       30.0 2026-06-30 16:00:00+00:00         0        True          5.85           12220                0               6.0                37.6                39.6                24.8                 986.8                 3600.0                     342                      34.2                        14                              0 Africa/Cairo            198     best_match        0       True         5.85          12220               0              5.9               37.6               39.6               24.8                986.8                3600.0                    342                     34.2                       14                             0 Africa/Cairo           198    best_match","logger":"task.stdout"}
{"timestamp":"2026-06-30T20:00:16.396433Z","level":"info","event":" 27.02988       30.0 2026-06-30 17:00:00+00:00         0        True          4.20           12220                0               5.7                37.5                40.7                26.1                 986.2                 3600.0                     341                      33.0                        14                              0 Africa/Cairo            198     best_match        0       True         4.20          12220               0              5.7               37.5               40.7               26.1                986.2                3600.0                    341                     32.9                       14                             0 Africa/Cairo           198    best_match","logger":"task.stdout"}
{"timestamp":"2026-06-30T20:00:16.396958Z","level":"info","event":" 27.02988       30.0 2026-06-30 18:00:00+00:00         0        True          2.50           12220                0               5.4                37.2                40.7                25.6                 985.9                 3600.0                     347                      32.3                        14                              0 Africa/Cairo            198     best_match        0       True         2.50          12220               0              5.3               37.2               40.7               25.6                985.9                3600.0                    347                     32.2                       14                             0 Africa/Cairo           198    best_match","logger":"task.stdout"}
{"timestamp":"2026-06-30T20:00:16.397576Z","level":"info","event":" 27.02988       30.0 2026-06-30 19:00:00+00:00         0        True          1.05           12240                0               6.0                36.3                38.9                25.1                 986.1                 3600.0                     356                      31.6                        15                              0 Africa/Cairo            198     best_match        0       True         1.05          12240               0              5.6               36.3               38.9               25.1                986.1                3600.0                    356                     31.5                       15                             0 Africa/Cairo           198    best_match","logger":"task.stdout"}
{"timestamp":"2026-06-30T20:00:16.398004Z","level":"info","event":"","logger":"task.stdout"}
{"timestamp":"2026-06-30T20:00:16.398347Z","level":"info","event":"── Column drift summary ──","logger":"task.stdout"}
{"timestamp":"2026-06-30T20:00:16.398651Z","level":"info","event":"  apparent_temperature           rows= 136  mean_Δ= 0.3184  max_Δ=    1.6","logger":"task.stdout"}
{"timestamp":"2026-06-30T20:00:16.398983Z","level":"info","event":"  dew_point_2m                   rows= 151  mean_Δ=    1.0  max_Δ=    4.8","logger":"task.stdout"}
{"timestamp":"2026-06-30T20:00:16.399421Z","level":"info","event":"  relative_humidity_2m           rows= 120  mean_Δ= 2.4667  max_Δ=   13.0","logger":"task.stdout"}
{"timestamp":"2026-06-30T20:00:16.399921Z","level":"info","event":"  cloud_cover                    rows=  10  mean_Δ=    1.5  max_Δ=    2.0","logger":"task.stdout"}
{"timestamp":"2026-06-30T20:00:16.400382Z","level":"info","event":"","logger":"task.stdout"}
{"timestamp":"2026-06-30T20:00:16.401136Z","level":"info","event":"============================================================","logger":"task.stdout"}
{"timestamp":"2026-06-30T20:00:16.401946Z","level":"info","event":"","logger":"task.stdout"}
{"timestamp":"2026-06-30T20:00:16.448619Z","level":"info","event":"Done. Returned value was: None","map_index":-1,"try_number":1,"task_id":"PRELOAD01","ti_id":"019f1a1d-fd37-764a-a3e3-e51aa1b30cbd","dag_id":"dag01","run_id":"scheduled__2026-06-30T20:00:00+00:00","logger":"airflow.task.operators.airflow.providers.standard.operators.python.PythonOperator","filename":"python.py","lineno":233}
{"timestamp":"2026-06-30T20:00:16.448930Z","level":"info","event":"::group::Post Execute","map_index":-1,"try_number":1,"task_id":"PRELOAD01","ti_id":"019f1a1d-fd37-764a-a3e3-e51aa1b30cbd","dag_id":"dag01","run_id":"scheduled__2026-06-30T20:00:00+00:00","logger":"task","filename":"task_runner.py","lineno":1288}
{"timestamp":"2026-06-30T20:00:16.497015Z","level":"info","event":"::endgroup::","map_index":-1,"try_number":1,"task_id":"PRELOAD01","ti_id":"019f1a1d-fd37-764a-a3e3-e51aa1b30cbd","dag_id":"dag01","run_id":"scheduled__2026-06-30T20:00:00+00:00","logger":"task","filename":"task_runner.py","lineno":1896}
