{"timestamp":"2026-06-30T19:32:38.590969Z","level":"info","event":"::group::Pre Execute","logger":"task","filename":"task_runner.py","lineno":1926}
{"timestamp":"2026-06-30T19:32:38.665084Z","level":"info","event":"DAG bundles loaded: dags-folder","try_number":1,"task_id":"PRELOAD01","dag_id":"dag01","ti_id":"019f1a04-db45-7012-88c3-2a8d28cf82d6","run_id":"manual__2026-06-30T19:32:33.692048+00:00","map_index":-1,"logger":"airflow.dag_processing.bundles.manager.DagBundlesManager","filename":"manager.py","lineno":209}
{"timestamp":"2026-06-30T19:32:38.667660Z","level":"info","event":"Filling up the DagBag from /opt/airflow/dags/dag01.py","try_number":1,"task_id":"PRELOAD01","dag_id":"dag01","ti_id":"019f1a04-db45-7012-88c3-2a8d28cf82d6","run_id":"manual__2026-06-30T19:32:33.692048+00:00","map_index":-1,"logger":"airflow.dag_processing.dagbag.BundleDagBag","filename":"dagbag.py","lineno":469}
{"timestamp":"2026-06-30T19:32:39.698198Z","level":"info","event":"::endgroup::","try_number":1,"task_id":"PRELOAD01","dag_id":"dag01","ti_id":"019f1a04-db45-7012-88c3-2a8d28cf82d6","run_id":"manual__2026-06-30T19:32:33.692048+00:00","map_index":-1,"logger":"task","filename":"task_runner.py","lineno":1727}
{"timestamp":"2026-06-30T19:32:39.870790Z","level":"info","event":"Database connection established successfully.","logger":"src.database.connection","try_number":1,"task_id":"PRELOAD01","dag_id":"dag01","ti_id":"019f1a04-db45-7012-88c3-2a8d28cf82d6","run_id":"manual__2026-06-30T19:32:33.692048+00:00","map_index":-1,"filename":"connection.py","lineno":35}
{"timestamp":"2026-06-30T19:32:39.881164Z","level":"info","event":"Comparing 168 new rows against weather_forecasts for (lat=27.02988, lon=30.00000) from 2026-06-30 00:00:00+00:00 to 2026-07-06 23:00:00+00:00","logger":"src.etl.compare","try_number":1,"task_id":"PRELOAD01","dag_id":"dag01","ti_id":"019f1a04-db45-7012-88c3-2a8d28cf82d6","run_id":"manual__2026-06-30T19:32:33.692048+00:00","map_index":-1,"filename":"compare.py","lineno":240}
{"timestamp":"2026-06-30T19:32:40.093644Z","level":"info","event":"Compare complete: 0 new | 168 existing | 0 changed | 0 stale","logger":"src.etl.compare","try_number":1,"task_id":"PRELOAD01","dag_id":"dag01","ti_id":"019f1a04-db45-7012-88c3-2a8d28cf82d6","run_id":"manual__2026-06-30T19:32:33.692048+00:00","map_index":-1,"filename":"compare.py","lineno":315}
{"timestamp":"2026-06-30T19:32:40.095558Z","level":"info","event":"","logger":"task.stdout"}
{"timestamp":"2026-06-30T19:32:40.096277Z","level":"info","event":"============================================================","logger":"task.stdout"}
{"timestamp":"2026-06-30T19:32:40.097329Z","level":"info","event":"  WEATHER_FORECASTS — COMPARE REPORT","logger":"task.stdout"}
{"timestamp":"2026-06-30T19:32:40.099061Z","level":"info","event":"============================================================","logger":"task.stdout"}
{"timestamp":"2026-06-30T19:32:40.100138Z","level":"info","event":"  New batch rows   :    168","logger":"task.stdout"}
{"timestamp":"2026-06-30T19:32:40.100845Z","level":"info","event":"  DB rows (window) :    168","logger":"task.stdout"}
{"timestamp":"2026-06-30T19:32:40.101316Z","level":"info","event":"============================================================","logger":"task.stdout"}
{"timestamp":"2026-06-30T19:32:40.101807Z","level":"info","event":"  🟢 New (to insert)  :      0","logger":"task.stdout"}
{"timestamp":"2026-06-30T19:32:40.102331Z","level":"info","event":"  ✅ Existing (match) :    168","logger":"task.stdout"}
{"timestamp":"2026-06-30T19:32:40.103408Z","level":"info","event":"  🟡 Changed (drift)  :      0","logger":"task.stdout"}
{"timestamp":"2026-06-30T19:32:40.104126Z","level":"info","event":"  🔴 Stale (DB only)  :      0","logger":"task.stdout"}
{"timestamp":"2026-06-30T19:32:40.104692Z","level":"info","event":"============================================================","logger":"task.stdout"}
{"timestamp":"2026-06-30T19:32:40.105269Z","level":"info","event":"","logger":"task.stdout"}
{"timestamp":"2026-06-30T19:32:40.105847Z","level":"info","event":"============================================================","logger":"task.stdout"}
{"timestamp":"2026-06-30T19:32:40.106692Z","level":"info","event":"","logger":"task.stdout"}
{"timestamp":"2026-06-30T19:32:40.153555Z","level":"info","event":"Done. Returned value was: None","try_number":1,"task_id":"PRELOAD01","dag_id":"dag01","ti_id":"019f1a04-db45-7012-88c3-2a8d28cf82d6","run_id":"manual__2026-06-30T19:32:33.692048+00:00","map_index":-1,"logger":"airflow.task.operators.airflow.providers.standard.operators.python.PythonOperator","filename":"python.py","lineno":233}
{"timestamp":"2026-06-30T19:32:40.153926Z","level":"info","event":"::group::Post Execute","try_number":1,"task_id":"PRELOAD01","dag_id":"dag01","ti_id":"019f1a04-db45-7012-88c3-2a8d28cf82d6","run_id":"manual__2026-06-30T19:32:33.692048+00:00","map_index":-1,"logger":"task","filename":"task_runner.py","lineno":1288}
{"timestamp":"2026-06-30T19:32:40.210147Z","level":"info","event":"::endgroup::","try_number":1,"task_id":"PRELOAD01","dag_id":"dag01","ti_id":"019f1a04-db45-7012-88c3-2a8d28cf82d6","run_id":"manual__2026-06-30T19:32:33.692048+00:00","map_index":-1,"logger":"task","filename":"task_runner.py","lineno":1896}
