{"timestamp":"2026-06-28T15:13:09.040130Z","level":"info","event":"::group::Pre Execute","logger":"task","filename":"task_runner.py","lineno":1926}
{"timestamp":"2026-06-28T15:13:09.074323Z","level":"info","event":"DAG bundles loaded: dags-folder","task_id":"PRELOAD01","run_id":"manual__2026-06-28T15:13:04.122160+00:00","try_number":1,"ti_id":"019f0eca-9095-7d7a-acfb-7eadf74413b3","map_index":-1,"dag_id":"dag01","logger":"airflow.dag_processing.bundles.manager.DagBundlesManager","filename":"manager.py","lineno":209}
{"timestamp":"2026-06-28T15:13:09.077840Z","level":"info","event":"Filling up the DagBag from /opt/airflow/dags/dag01.py","task_id":"PRELOAD01","run_id":"manual__2026-06-28T15:13:04.122160+00:00","try_number":1,"ti_id":"019f0eca-9095-7d7a-acfb-7eadf74413b3","map_index":-1,"dag_id":"dag01","logger":"airflow.dag_processing.dagbag.BundleDagBag","filename":"dagbag.py","lineno":469}
{"timestamp":"2026-06-28T15:13:09.991516Z","level":"info","event":"::endgroup::","task_id":"PRELOAD01","run_id":"manual__2026-06-28T15:13:04.122160+00:00","try_number":1,"ti_id":"019f0eca-9095-7d7a-acfb-7eadf74413b3","map_index":-1,"dag_id":"dag01","logger":"task","filename":"task_runner.py","lineno":1727}
{"timestamp":"2026-06-28T15:13:10.055575Z","level":"info","event":"Database connection established successfully.","logger":"src.database.connection","task_id":"PRELOAD01","run_id":"manual__2026-06-28T15:13:04.122160+00:00","try_number":1,"ti_id":"019f0eca-9095-7d7a-acfb-7eadf74413b3","map_index":-1,"dag_id":"dag01","filename":"connection.py","lineno":35}
{"timestamp":"2026-06-28T15:13:10.059270Z","level":"info","event":"Comparing 168 new rows against weather_forecasts for (lat=52.52000, lon=13.42000) from 2026-06-28 00:00:00+00:00 to 2026-07-04 23:00:00+00:00","logger":"src.etl.compare","task_id":"PRELOAD01","run_id":"manual__2026-06-28T15:13:04.122160+00:00","try_number":1,"ti_id":"019f0eca-9095-7d7a-acfb-7eadf74413b3","map_index":-1,"dag_id":"dag01","filename":"compare.py","lineno":240}
{"timestamp":"2026-06-28T15:13:10.112188Z","level":"info","event":"Compare complete: 0 new | 168 existing | 0 changed | 0 stale","logger":"src.etl.compare","task_id":"PRELOAD01","run_id":"manual__2026-06-28T15:13:04.122160+00:00","try_number":1,"ti_id":"019f0eca-9095-7d7a-acfb-7eadf74413b3","map_index":-1,"dag_id":"dag01","filename":"compare.py","lineno":315}
{"timestamp":"2026-06-28T15:13:10.113121Z","level":"info","event":"","logger":"task.stdout"}
{"timestamp":"2026-06-28T15:13:10.113474Z","level":"info","event":"============================================================","logger":"task.stdout"}
{"timestamp":"2026-06-28T15:13:10.114207Z","level":"info","event":"  WEATHER_FORECASTS — COMPARE REPORT","logger":"task.stdout"}
{"timestamp":"2026-06-28T15:13:10.114574Z","level":"info","event":"============================================================","logger":"task.stdout"}
{"timestamp":"2026-06-28T15:13:10.114947Z","level":"info","event":"  New batch rows   :    168","logger":"task.stdout"}
{"timestamp":"2026-06-28T15:13:10.115257Z","level":"info","event":"  DB rows (window) :    168","logger":"task.stdout"}
{"timestamp":"2026-06-28T15:13:10.115589Z","level":"info","event":"============================================================","logger":"task.stdout"}
{"timestamp":"2026-06-28T15:13:10.115997Z","level":"info","event":"  🟢 New (to insert)  :      0","logger":"task.stdout"}
{"timestamp":"2026-06-28T15:13:10.116315Z","level":"info","event":"  ✅ Existing (match) :    168","logger":"task.stdout"}
{"timestamp":"2026-06-28T15:13:10.116660Z","level":"info","event":"  🟡 Changed (drift)  :      0","logger":"task.stdout"}
{"timestamp":"2026-06-28T15:13:10.116973Z","level":"info","event":"  🔴 Stale (DB only)  :      0","logger":"task.stdout"}
{"timestamp":"2026-06-28T15:13:10.117263Z","level":"info","event":"============================================================","logger":"task.stdout"}
{"timestamp":"2026-06-28T15:13:10.117557Z","level":"info","event":"","logger":"task.stdout"}
{"timestamp":"2026-06-28T15:13:10.117926Z","level":"info","event":"============================================================","logger":"task.stdout"}
{"timestamp":"2026-06-28T15:13:10.118358Z","level":"info","event":"","logger":"task.stdout"}
{"timestamp":"2026-06-28T15:13:10.148611Z","level":"info","event":"Done. Returned value was: None","task_id":"PRELOAD01","run_id":"manual__2026-06-28T15:13:04.122160+00:00","try_number":1,"ti_id":"019f0eca-9095-7d7a-acfb-7eadf74413b3","map_index":-1,"dag_id":"dag01","logger":"airflow.task.operators.airflow.providers.standard.operators.python.PythonOperator","filename":"python.py","lineno":233}
{"timestamp":"2026-06-28T15:13:10.148817Z","level":"info","event":"::group::Post Execute","task_id":"PRELOAD01","run_id":"manual__2026-06-28T15:13:04.122160+00:00","try_number":1,"ti_id":"019f0eca-9095-7d7a-acfb-7eadf74413b3","map_index":-1,"dag_id":"dag01","logger":"task","filename":"task_runner.py","lineno":1288}
{"timestamp":"2026-06-28T15:13:10.182743Z","level":"info","event":"::endgroup::","task_id":"PRELOAD01","run_id":"manual__2026-06-28T15:13:04.122160+00:00","try_number":1,"ti_id":"019f0eca-9095-7d7a-acfb-7eadf74413b3","map_index":-1,"dag_id":"dag01","logger":"task","filename":"task_runner.py","lineno":1896}
