{"timestamp":"2026-06-28T14:10:09.384908Z","level":"info","event":"::group::Pre Execute","logger":"task","filename":"task_runner.py","lineno":1926}
{"timestamp":"2026-06-28T14:10:09.425622Z","level":"info","event":"DAG bundles loaded: dags-folder","task_id":"PRELOAD01","try_number":1,"ti_id":"019f0e90-d3fe-7edc-8139-91e44fe98362","map_index":-1,"run_id":"scheduled__2026-06-28T14:10:00+00:00","dag_id":"dag01","logger":"airflow.dag_processing.bundles.manager.DagBundlesManager","filename":"manager.py","lineno":209}
{"timestamp":"2026-06-28T14:10:09.427680Z","level":"info","event":"Filling up the DagBag from /opt/airflow/dags/dag01.py","task_id":"PRELOAD01","try_number":1,"ti_id":"019f0e90-d3fe-7edc-8139-91e44fe98362","map_index":-1,"run_id":"scheduled__2026-06-28T14:10:00+00:00","dag_id":"dag01","logger":"airflow.dag_processing.dagbag.BundleDagBag","filename":"dagbag.py","lineno":469}
{"timestamp":"2026-06-28T14:10:09.998778Z","level":"info","event":"::endgroup::","task_id":"PRELOAD01","try_number":1,"ti_id":"019f0e90-d3fe-7edc-8139-91e44fe98362","map_index":-1,"run_id":"scheduled__2026-06-28T14:10:00+00:00","dag_id":"dag01","logger":"task","filename":"task_runner.py","lineno":1727}
{"timestamp":"2026-06-28T14:10:10.050294Z","level":"info","event":"Database connection established successfully.","logger":"src.database.connection","task_id":"PRELOAD01","try_number":1,"ti_id":"019f0e90-d3fe-7edc-8139-91e44fe98362","map_index":-1,"run_id":"scheduled__2026-06-28T14:10:00+00:00","dag_id":"dag01","filename":"connection.py","lineno":35}
{"timestamp":"2026-06-28T14:10:10.052981Z","level":"info","event":"Comparing 168 new rows against DB for (lat=52.52000, lon=13.42000) from 2026-06-28 00:00:00+00:00 to 2026-07-04 23:00:00+00:00","logger":"src.etl.compare","task_id":"PRELOAD01","try_number":1,"ti_id":"019f0e90-d3fe-7edc-8139-91e44fe98362","map_index":-1,"run_id":"scheduled__2026-06-28T14:10:00+00:00","dag_id":"dag01","filename":"compare.py","lineno":200}
{"timestamp":"2026-06-28T14:10:10.059662Z","level":"warning","event":"weather_data table not found — creating it now from schema.sql.","logger":"src.etl.compare","task_id":"PRELOAD01","try_number":1,"ti_id":"019f0e90-d3fe-7edc-8139-91e44fe98362","map_index":-1,"run_id":"scheduled__2026-06-28T14:10:00+00:00","dag_id":"dag01","filename":"compare.py","lineno":111}
{"timestamp":"2026-06-28T14:10:10.067018Z","level":"error","event":"Task failed with exception","task_id":"PRELOAD01","try_number":1,"ti_id":"019f0e90-d3fe-7edc-8139-91e44fe98362","map_index":-1,"run_id":"scheduled__2026-06-28T14:10:00+00:00","dag_id":"dag01","logger":"task","filename":"task_runner.py","lineno":1381,"error_detail":[{"exc_type":"ProgrammingError","exc_value":"(psycopg2.errors.DuplicateTable) relation \"weather_forecasts\" already exists\n\n[SQL: CREATE TABLE weather_forecasts (\n    forecast_id BIGSERIAL PRIMARY KEY,\n    \n    -- Location Metadata (Repeated per row in a single table)\n    latitude NUMERIC(8, 5) NOT NULL,\n    longitude NUMERIC(8, 5) NOT NULL,\n    timezone VARCHAR(50) NOT NULL,\n    elevation NUMERIC(5, 1),                 -- Optional, often provided by Open-Meteo\n    \n    -- Timestamp\n    forecast_time TIMESTAMP WITH TIME ZONE NOT NULL,\n    \n    -- Temperature Fields\n    temperature_2m NUMERIC(4, 1),           -- °C or °F\n    apparent_temperature NUMERIC(4, 1),     -- \"Feels like\"\n    dew_point_2m NUMERIC(4, 1),\n    \n    -- Moisture & Precipitation\n    relative_humidity_2m SMALLINT,          -- Percentage (0-100)\n    rain NUMERIC(5, 2),                      -- mm\n    precipitation_probability SMALLINT,     -- Percentage (0-100)\n    \n    -- Atmosphere & Environment\n    surface_pressure NUMERIC(6, 1),          -- hPa\n    cloud_cover SMALLINT,                   -- Percentage (0-100)\n    visibility NUMERIC(7, 1),                -- meters\n    uv_index NUMERIC(3, 1),\n    \n    -- Wind Dynamics\n    wind_speed_10m NUMERIC(5, 1),            -- km/h or m/s\n    wind_direction_10m SMALLINT,            -- Degrees (0-360)\n    wind_gusts_10m NUMERIC(5, 1),\n    \n    -- Sun & Day Indicators\n    sunshine_duration NUMERIC(6, 1),         -- Seconds\n    is_day BOOLEAN,                          -- Converted from 1/0 to boolean\n    \n    -- Ingestion Metadata\n    model_used VARCHAR(50) DEFAULT 'best_match',\n    fetched_at TIMESTAMP WITH TIME ZONE DEFAULT CURRENT_TIMESTAMP,\n    \n    -- Constraint to prevent duplicate records for the same spot at the same time\n    CONSTRAINT unique_lat_lon_time UNIQUE (latitude, longitude, forecast_time)\n);\n\n-- Optimization Indexes for Single-Table Queries\nCREATE INDEX idx_weather_time ON weather_forecasts (forecast_time DESC);\nCREATE INDEX idx_weather_geo_time ON weather_forecasts (latitude, longitude, forecast_time DESC);]\n(Background on this error at: https://sqlalche.me/e/20/f405)","exc_notes":[],"syntax_error":null,"is_cause":false,"frames":[{"filename":"/home/airflow/.local/lib/python3.13/site-packages/airflow/sdk/execution_time/task_runner.py","lineno":1287,"name":"run"},{"filename":"/home/airflow/.local/lib/python3.13/site-packages/airflow/sdk/execution_time/task_runner.py","lineno":1745,"name":"_execute_task"},{"filename":"/home/airflow/.local/lib/python3.13/site-packages/airflow/sdk/bases/operator.py","lineno":443,"name":"wrapper"},{"filename":"/home/airflow/.local/lib/python3.13/site-packages/airflow/providers/standard/operators/python.py","lineno":231,"name":"execute"},{"filename":"/home/airflow/.local/lib/python3.13/site-packages/airflow/providers/standard/operators/python.py","lineno":254,"name":"execute_callable"},{"filename":"/home/airflow/.local/lib/python3.13/site-packages/airflow/sdk/execution_time/callback_runner.py","lineno":97,"name":"run"},{"filename":"/opt/airflow/dags/dag01.py","lineno":29,"name":"pre_load"},{"filename":"/opt/airflow/src/etl/compare.py","lineno":209,"name":"compare_with_db"},{"filename":"/opt/airflow/src/etl/compare.py","lineno":114,"name":"_load_db_slice"},{"filename":"/opt/airflow/src/etl/compare.py","lineno":97,"name":"_create_table"},{"filename":"/home/airflow/.local/lib/python3.13/site-packages/sqlalchemy/engine/base.py","lineno":1419,"name":"execute"},{"filename":"/home/airflow/.local/lib/python3.13/site-packages/sqlalchemy/sql/elements.py","lineno":527,"name":"_execute_on_connection"},{"filename":"/home/airflow/.local/lib/python3.13/site-packages/sqlalchemy/engine/base.py","lineno":1641,"name":"_execute_clauseelement"},{"filename":"/home/airflow/.local/lib/python3.13/site-packages/sqlalchemy/engine/base.py","lineno":1846,"name":"_execute_context"},{"filename":"/home/airflow/.local/lib/python3.13/site-packages/sqlalchemy/engine/base.py","lineno":1986,"name":"_exec_single_context"},{"filename":"/home/airflow/.local/lib/python3.13/site-packages/sqlalchemy/engine/base.py","lineno":2363,"name":"_handle_dbapi_exception"},{"filename":"/home/airflow/.local/lib/python3.13/site-packages/sqlalchemy/engine/base.py","lineno":1967,"name":"_exec_single_context"},{"filename":"/home/airflow/.local/lib/python3.13/site-packages/sqlalchemy/engine/default.py","lineno":952,"name":"do_execute"}],"is_group":false,"exceptions":[]},{"exc_type":"DuplicateTable","exc_value":"relation \"weather_forecasts\" already exists\n","exc_notes":[],"syntax_error":null,"is_cause":true,"frames":[{"filename":"/home/airflow/.local/lib/python3.13/site-packages/sqlalchemy/engine/base.py","lineno":1967,"name":"_exec_single_context"},{"filename":"/home/airflow/.local/lib/python3.13/site-packages/sqlalchemy/engine/default.py","lineno":952,"name":"do_execute"}],"is_group":false,"exceptions":[]}]}
{"timestamp":"2026-06-28T14:10:10.067620Z","level":"info","event":"::group::Post Execute","task_id":"PRELOAD01","try_number":1,"ti_id":"019f0e90-d3fe-7edc-8139-91e44fe98362","map_index":-1,"run_id":"scheduled__2026-06-28T14:10:00+00:00","dag_id":"dag01","logger":"task","filename":"task_runner.py","lineno":1382}
{"timestamp":"2026-06-28T14:10:10.069110Z","level":"info","event":"::endgroup::","task_id":"PRELOAD01","try_number":1,"ti_id":"019f0e90-d3fe-7edc-8139-91e44fe98362","map_index":-1,"run_id":"scheduled__2026-06-28T14:10:00+00:00","dag_id":"dag01","logger":"task","filename":"task_runner.py","lineno":1896}
{"timestamp":"2026-06-28T14:12:41.574151Z","level":"info","event":"::group::Pre Execute","logger":"task","filename":"task_runner.py","lineno":1926}
{"timestamp":"2026-06-28T14:12:41.615223Z","level":"info","event":"DAG bundles loaded: dags-folder","try_number":1,"ti_id":"019f0e93-3df4-7f8d-b3cf-9b2994a6af64","dag_id":"dag01","task_id":"PRELOAD01","map_index":-1,"run_id":"scheduled__2026-06-28T14:10:00+00:00","logger":"airflow.dag_processing.bundles.manager.DagBundlesManager","filename":"manager.py","lineno":209}
{"timestamp":"2026-06-28T14:12:41.618291Z","level":"info","event":"Filling up the DagBag from /opt/airflow/dags/dag01.py","try_number":1,"ti_id":"019f0e93-3df4-7f8d-b3cf-9b2994a6af64","dag_id":"dag01","task_id":"PRELOAD01","map_index":-1,"run_id":"scheduled__2026-06-28T14:10:00+00:00","logger":"airflow.dag_processing.dagbag.BundleDagBag","filename":"dagbag.py","lineno":469}
{"timestamp":"2026-06-28T14:12:42.119895Z","level":"info","event":"::endgroup::","try_number":1,"ti_id":"019f0e93-3df4-7f8d-b3cf-9b2994a6af64","dag_id":"dag01","task_id":"PRELOAD01","map_index":-1,"run_id":"scheduled__2026-06-28T14:10:00+00:00","logger":"task","filename":"task_runner.py","lineno":1727}
{"timestamp":"2026-06-28T14:12:42.176300Z","level":"info","event":"Database connection established successfully.","logger":"src.database.connection","try_number":1,"ti_id":"019f0e93-3df4-7f8d-b3cf-9b2994a6af64","dag_id":"dag01","task_id":"PRELOAD01","map_index":-1,"run_id":"scheduled__2026-06-28T14:10:00+00:00","filename":"connection.py","lineno":35}
{"timestamp":"2026-06-28T14:12:42.179272Z","level":"info","event":"Comparing 168 new rows against DB for (lat=52.52000, lon=13.42000) from 2026-06-28 00:00:00+00:00 to 2026-07-04 23:00:00+00:00","logger":"src.etl.compare","try_number":1,"ti_id":"019f0e93-3df4-7f8d-b3cf-9b2994a6af64","dag_id":"dag01","task_id":"PRELOAD01","map_index":-1,"run_id":"scheduled__2026-06-28T14:10:00+00:00","filename":"compare.py","lineno":200}
{"timestamp":"2026-06-28T14:12:42.185566Z","level":"warning","event":"weather_forecasts table not found — creating it now from schema.sql.","logger":"src.etl.compare","try_number":1,"ti_id":"019f0e93-3df4-7f8d-b3cf-9b2994a6af64","dag_id":"dag01","task_id":"PRELOAD01","map_index":-1,"run_id":"scheduled__2026-06-28T14:10:00+00:00","filename":"compare.py","lineno":111}
{"timestamp":"2026-06-28T14:12:42.192880Z","level":"error","event":"Task failed with exception","try_number":1,"ti_id":"019f0e93-3df4-7f8d-b3cf-9b2994a6af64","dag_id":"dag01","task_id":"PRELOAD01","map_index":-1,"run_id":"scheduled__2026-06-28T14:10:00+00:00","logger":"task","filename":"task_runner.py","lineno":1381,"error_detail":[{"exc_type":"ProgrammingError","exc_value":"(psycopg2.errors.DuplicateTable) relation \"weather_forecasts\" already exists\n\n[SQL: CREATE TABLE weather_forecasts (\n    forecast_id BIGSERIAL PRIMARY KEY,\n    \n    -- Location Metadata (Repeated per row in a single table)\n    latitude NUMERIC(8, 5) NOT NULL,\n    longitude NUMERIC(8, 5) NOT NULL,\n    timezone VARCHAR(50) NOT NULL,\n    elevation NUMERIC(5, 1),                 -- Optional, often provided by Open-Meteo\n    \n    -- Timestamp\n    forecast_time TIMESTAMP WITH TIME ZONE NOT NULL,\n    \n    -- Temperature Fields\n    temperature_2m NUMERIC(4, 1),           -- °C or °F\n    apparent_temperature NUMERIC(4, 1),     -- \"Feels like\"\n    dew_point_2m NUMERIC(4, 1),\n    \n    -- Moisture & Precipitation\n    relative_humidity_2m SMALLINT,          -- Percentage (0-100)\n    rain NUMERIC(5, 2),                      -- mm\n    precipitation_probability SMALLINT,     -- Percentage (0-100)\n    \n    -- Atmosphere & Environment\n    surface_pressure NUMERIC(6, 1),          -- hPa\n    cloud_cover SMALLINT,                   -- Percentage (0-100)\n    visibility NUMERIC(7, 1),                -- meters\n    uv_index NUMERIC(3, 1),\n    \n    -- Wind Dynamics\n    wind_speed_10m NUMERIC(5, 1),            -- km/h or m/s\n    wind_direction_10m SMALLINT,            -- Degrees (0-360)\n    wind_gusts_10m NUMERIC(5, 1),\n    \n    -- Sun & Day Indicators\n    sunshine_duration NUMERIC(6, 1),         -- Seconds\n    is_day BOOLEAN,                          -- Converted from 1/0 to boolean\n    \n    -- Ingestion Metadata\n    model_used VARCHAR(50) DEFAULT 'best_match',\n    fetched_at TIMESTAMP WITH TIME ZONE DEFAULT CURRENT_TIMESTAMP,\n    \n    -- Constraint to prevent duplicate records for the same spot at the same time\n    CONSTRAINT unique_lat_lon_time UNIQUE (latitude, longitude, forecast_time)\n);\n\n-- Optimization Indexes for Single-Table Queries\nCREATE INDEX idx_weather_time ON weather_forecasts (forecast_time DESC);\nCREATE INDEX idx_weather_geo_time ON weather_forecasts (latitude, longitude, forecast_time DESC);]\n(Background on this error at: https://sqlalche.me/e/20/f405)","exc_notes":[],"syntax_error":null,"is_cause":false,"frames":[{"filename":"/home/airflow/.local/lib/python3.13/site-packages/airflow/sdk/execution_time/task_runner.py","lineno":1287,"name":"run"},{"filename":"/home/airflow/.local/lib/python3.13/site-packages/airflow/sdk/execution_time/task_runner.py","lineno":1745,"name":"_execute_task"},{"filename":"/home/airflow/.local/lib/python3.13/site-packages/airflow/sdk/bases/operator.py","lineno":443,"name":"wrapper"},{"filename":"/home/airflow/.local/lib/python3.13/site-packages/airflow/providers/standard/operators/python.py","lineno":231,"name":"execute"},{"filename":"/home/airflow/.local/lib/python3.13/site-packages/airflow/providers/standard/operators/python.py","lineno":254,"name":"execute_callable"},{"filename":"/home/airflow/.local/lib/python3.13/site-packages/airflow/sdk/execution_time/callback_runner.py","lineno":97,"name":"run"},{"filename":"/opt/airflow/dags/dag01.py","lineno":29,"name":"pre_load"},{"filename":"/opt/airflow/src/etl/compare.py","lineno":209,"name":"compare_with_db"},{"filename":"/opt/airflow/src/etl/compare.py","lineno":114,"name":"_load_db_slice"},{"filename":"/opt/airflow/src/etl/compare.py","lineno":97,"name":"_create_table"},{"filename":"/home/airflow/.local/lib/python3.13/site-packages/sqlalchemy/engine/base.py","lineno":1419,"name":"execute"},{"filename":"/home/airflow/.local/lib/python3.13/site-packages/sqlalchemy/sql/elements.py","lineno":527,"name":"_execute_on_connection"},{"filename":"/home/airflow/.local/lib/python3.13/site-packages/sqlalchemy/engine/base.py","lineno":1641,"name":"_execute_clauseelement"},{"filename":"/home/airflow/.local/lib/python3.13/site-packages/sqlalchemy/engine/base.py","lineno":1846,"name":"_execute_context"},{"filename":"/home/airflow/.local/lib/python3.13/site-packages/sqlalchemy/engine/base.py","lineno":1986,"name":"_exec_single_context"},{"filename":"/home/airflow/.local/lib/python3.13/site-packages/sqlalchemy/engine/base.py","lineno":2363,"name":"_handle_dbapi_exception"},{"filename":"/home/airflow/.local/lib/python3.13/site-packages/sqlalchemy/engine/base.py","lineno":1967,"name":"_exec_single_context"},{"filename":"/home/airflow/.local/lib/python3.13/site-packages/sqlalchemy/engine/default.py","lineno":952,"name":"do_execute"}],"is_group":false,"exceptions":[]},{"exc_type":"DuplicateTable","exc_value":"relation \"weather_forecasts\" already exists\n","exc_notes":[],"syntax_error":null,"is_cause":true,"frames":[{"filename":"/home/airflow/.local/lib/python3.13/site-packages/sqlalchemy/engine/base.py","lineno":1967,"name":"_exec_single_context"},{"filename":"/home/airflow/.local/lib/python3.13/site-packages/sqlalchemy/engine/default.py","lineno":952,"name":"do_execute"}],"is_group":false,"exceptions":[]}]}
{"timestamp":"2026-06-28T14:12:42.193410Z","level":"info","event":"::group::Post Execute","try_number":1,"ti_id":"019f0e93-3df4-7f8d-b3cf-9b2994a6af64","dag_id":"dag01","task_id":"PRELOAD01","map_index":-1,"run_id":"scheduled__2026-06-28T14:10:00+00:00","logger":"task","filename":"task_runner.py","lineno":1382}
{"timestamp":"2026-06-28T14:12:42.195177Z","level":"info","event":"::endgroup::","try_number":1,"ti_id":"019f0e93-3df4-7f8d-b3cf-9b2994a6af64","dag_id":"dag01","task_id":"PRELOAD01","map_index":-1,"run_id":"scheduled__2026-06-28T14:10:00+00:00","logger":"task","filename":"task_runner.py","lineno":1896}
{"timestamp":"2026-06-28T14:17:54.468510Z","level":"info","event":"::group::Pre Execute","logger":"task","filename":"task_runner.py","lineno":1926}
{"timestamp":"2026-06-28T14:17:54.499767Z","level":"info","event":"DAG bundles loaded: dags-folder","try_number":1,"ti_id":"019f0e98-042f-740e-9aec-328effecc7fd","dag_id":"dag01","task_id":"PRELOAD01","map_index":-1,"run_id":"scheduled__2026-06-28T14:10:00+00:00","logger":"airflow.dag_processing.bundles.manager.DagBundlesManager","filename":"manager.py","lineno":209}
{"timestamp":"2026-06-28T14:17:54.501298Z","level":"info","event":"Filling up the DagBag from /opt/airflow/dags/dag01.py","try_number":1,"ti_id":"019f0e98-042f-740e-9aec-328effecc7fd","dag_id":"dag01","task_id":"PRELOAD01","map_index":-1,"run_id":"scheduled__2026-06-28T14:10:00+00:00","logger":"airflow.dag_processing.dagbag.BundleDagBag","filename":"dagbag.py","lineno":469}
{"timestamp":"2026-06-28T14:17:55.023760Z","level":"info","event":"::endgroup::","try_number":1,"ti_id":"019f0e98-042f-740e-9aec-328effecc7fd","dag_id":"dag01","task_id":"PRELOAD01","map_index":-1,"run_id":"scheduled__2026-06-28T14:10:00+00:00","logger":"task","filename":"task_runner.py","lineno":1727}
{"timestamp":"2026-06-28T14:17:55.088092Z","level":"info","event":"Database connection established successfully.","logger":"src.database.connection","try_number":1,"ti_id":"019f0e98-042f-740e-9aec-328effecc7fd","dag_id":"dag01","task_id":"PRELOAD01","map_index":-1,"run_id":"scheduled__2026-06-28T14:10:00+00:00","filename":"connection.py","lineno":35}
{"timestamp":"2026-06-28T14:17:55.091861Z","level":"info","event":"Comparing 168 new rows against DB for (lat=52.52000, lon=13.42000) from 2026-06-28 00:00:00+00:00 to 2026-07-04 23:00:00+00:00","logger":"src.etl.compare","try_number":1,"ti_id":"019f0e98-042f-740e-9aec-328effecc7fd","dag_id":"dag01","task_id":"PRELOAD01","map_index":-1,"run_id":"scheduled__2026-06-28T14:10:00+00:00","filename":"compare.py","lineno":200}
{"timestamp":"2026-06-28T14:17:55.099323Z","level":"warning","event":"weather_forecasts table not found — creating it now from schema.sql.","logger":"src.etl.compare","try_number":1,"ti_id":"019f0e98-042f-740e-9aec-328effecc7fd","dag_id":"dag01","task_id":"PRELOAD01","map_index":-1,"run_id":"scheduled__2026-06-28T14:10:00+00:00","filename":"compare.py","lineno":111}
{"timestamp":"2026-06-28T14:17:55.106058Z","level":"info","event":"weather_data table created from schema.sql.","logger":"src.etl.compare","try_number":1,"ti_id":"019f0e98-042f-740e-9aec-328effecc7fd","dag_id":"dag01","task_id":"PRELOAD01","map_index":-1,"run_id":"scheduled__2026-06-28T14:10:00+00:00","filename":"compare.py","lineno":99}
{"timestamp":"2026-06-28T14:17:55.106898Z","level":"info","event":"No existing rows in DB for this window — all 168 rows are new.","logger":"src.etl.compare","try_number":1,"ti_id":"019f0e98-042f-740e-9aec-328effecc7fd","dag_id":"dag01","task_id":"PRELOAD01","map_index":-1,"run_id":"scheduled__2026-06-28T14:10:00+00:00","filename":"compare.py","lineno":214}
{"timestamp":"2026-06-28T14:17:55.107547Z","level":"info","event":"","logger":"task.stdout"}
{"timestamp":"2026-06-28T14:17:55.107852Z","level":"info","event":"============================================================","logger":"task.stdout"}
{"timestamp":"2026-06-28T14:17:55.108264Z","level":"info","event":"  WEATHER DATA — COMPARE REPORT","logger":"task.stdout"}
{"timestamp":"2026-06-28T14:17:55.108602Z","level":"info","event":"============================================================","logger":"task.stdout"}
{"timestamp":"2026-06-28T14:17:55.108932Z","level":"info","event":"  New batch rows   :    168","logger":"task.stdout"}
{"timestamp":"2026-06-28T14:17:55.109225Z","level":"info","event":"  DB rows (window) :      0","logger":"task.stdout"}
{"timestamp":"2026-06-28T14:17:55.109598Z","level":"info","event":"============================================================","logger":"task.stdout"}
{"timestamp":"2026-06-28T14:17:55.109958Z","level":"info","event":"  🟢 New (to insert)  :    168","logger":"task.stdout"}
{"timestamp":"2026-06-28T14:17:55.110601Z","level":"info","event":"  ✅ Existing (match) :      0","logger":"task.stdout"}
{"timestamp":"2026-06-28T14:17:55.111003Z","level":"info","event":"  🟡 Changed (drift)  :      0","logger":"task.stdout"}
{"timestamp":"2026-06-28T14:17:55.111294Z","level":"info","event":"  🔴 Stale (DB only)  :      0","logger":"task.stdout"}
{"timestamp":"2026-06-28T14:17:55.111644Z","level":"info","event":"============================================================","logger":"task.stdout"}
{"timestamp":"2026-06-28T14:17:55.112025Z","level":"info","event":"","logger":"task.stdout"}
{"timestamp":"2026-06-28T14:17:55.112315Z","level":"info","event":"── New rows (first 100) ──","logger":"task.stdout"}
{"timestamp":"2026-06-28T14:17:55.120935Z","level":"info","event":" latitude  longitude             forecast_time  temperature_2m  rain  uv_index","logger":"task.stdout"}
{"timestamp":"2026-06-28T14:17:55.121271Z","level":"info","event":"    52.52      13.42 2026-06-28 00:00:00+00:00            29.2   0.0      0.00","logger":"task.stdout"}
{"timestamp":"2026-06-28T14:17:55.121518Z","level":"info","event":"    52.52      13.42 2026-06-28 01:00:00+00:00            29.9   0.0      0.00","logger":"task.stdout"}
{"timestamp":"2026-06-28T14:17:55.121846Z","level":"info","event":"    52.52      13.42 2026-06-28 02:00:00+00:00            29.7   0.0      0.00","logger":"task.stdout"}
{"timestamp":"2026-06-28T14:17:55.122190Z","level":"info","event":"    52.52      13.42 2026-06-28 03:00:00+00:00            29.4   0.0      0.00","logger":"task.stdout"}
{"timestamp":"2026-06-28T14:17:55.122496Z","level":"info","event":"    52.52      13.42 2026-06-28 04:00:00+00:00            28.4   0.0      0.00","logger":"task.stdout"}
{"timestamp":"2026-06-28T14:17:55.122829Z","level":"info","event":"    52.52      13.42 2026-06-28 05:00:00+00:00            27.9   0.0      0.00","logger":"task.stdout"}
{"timestamp":"2026-06-28T14:17:55.123161Z","level":"info","event":"    52.52      13.42 2026-06-28 06:00:00+00:00            27.0   0.0      0.00","logger":"task.stdout"}
{"timestamp":"2026-06-28T14:17:55.123481Z","level":"info","event":"    52.52      13.42 2026-06-28 07:00:00+00:00            26.6   0.0      0.20","logger":"task.stdout"}
{"timestamp":"2026-06-28T14:17:55.123809Z","level":"info","event":"    52.52      13.42 2026-06-28 08:00:00+00:00            27.1   0.0      0.80","logger":"task.stdout"}
{"timestamp":"2026-06-28T14:17:55.124140Z","level":"info","event":"    52.52      13.42 2026-06-28 09:00:00+00:00            28.1   0.0      1.75","logger":"task.stdout"}
{"timestamp":"2026-06-28T14:17:55.124482Z","level":"info","event":"    52.52      13.42 2026-06-28 10:00:00+00:00            29.8   0.0      2.75","logger":"task.stdout"}
{"timestamp":"2026-06-28T14:17:55.124747Z","level":"info","event":"    52.52      13.42 2026-06-28 11:00:00+00:00            30.8   0.0      3.75","logger":"task.stdout"}
{"timestamp":"2026-06-28T14:17:55.125062Z","level":"info","event":"    52.52      13.42 2026-06-28 12:00:00+00:00            32.7   0.0      5.20","logger":"task.stdout"}
{"timestamp":"2026-06-28T14:17:55.125322Z","level":"info","event":"    52.52      13.42 2026-06-28 13:00:00+00:00            34.4   0.0      5.00","logger":"task.stdout"}
{"timestamp":"2026-06-28T14:17:55.125572Z","level":"info","event":"    52.52      13.42 2026-06-28 14:00:00+00:00            36.0   0.0      3.90","logger":"task.stdout"}
{"timestamp":"2026-06-28T14:17:55.125834Z","level":"info","event":"    52.52      13.42 2026-06-28 15:00:00+00:00            37.2   0.0      6.50","logger":"task.stdout"}
{"timestamp":"2026-06-28T14:17:55.126108Z","level":"info","event":"    52.52      13.42 2026-06-28 16:00:00+00:00            38.1   0.0      6.20","logger":"task.stdout"}
{"timestamp":"2026-06-28T14:17:55.126382Z","level":"info","event":"    52.52      13.42 2026-06-28 17:00:00+00:00            38.4   0.0      5.75","logger":"task.stdout"}
{"timestamp":"2026-06-28T14:17:55.126733Z","level":"info","event":"    52.52      13.42 2026-06-28 18:00:00+00:00            37.9   0.0      4.65","logger":"task.stdout"}
{"timestamp":"2026-06-28T14:17:55.127055Z","level":"info","event":"    52.52      13.42 2026-06-28 19:00:00+00:00            37.5   0.0      3.35","logger":"task.stdout"}
{"timestamp":"2026-06-28T14:17:55.127335Z","level":"info","event":"    52.52      13.42 2026-06-28 20:00:00+00:00            36.3   0.0      2.10","logger":"task.stdout"}
{"timestamp":"2026-06-28T14:17:55.127590Z","level":"info","event":"    52.52      13.42 2026-06-28 21:00:00+00:00            35.1   0.0      1.00","logger":"task.stdout"}
{"timestamp":"2026-06-28T14:17:55.127840Z","level":"info","event":"    52.52      13.42 2026-06-28 22:00:00+00:00            33.3   0.0      0.35","logger":"task.stdout"}
{"timestamp":"2026-06-28T14:17:55.128068Z","level":"info","event":"    52.52      13.42 2026-06-28 23:00:00+00:00            30.1   0.0      0.00","logger":"task.stdout"}
{"timestamp":"2026-06-28T14:17:55.128298Z","level":"info","event":"    52.52      13.42 2026-06-29 00:00:00+00:00            28.3   0.0      0.00","logger":"task.stdout"}
{"timestamp":"2026-06-28T14:17:55.128538Z","level":"info","event":"    52.52      13.42 2026-06-29 01:00:00+00:00            26.7   0.0      0.00","logger":"task.stdout"}
{"timestamp":"2026-06-28T14:17:55.128784Z","level":"info","event":"    52.52      13.42 2026-06-29 02:00:00+00:00            25.3   0.0      0.00","logger":"task.stdout"}
{"timestamp":"2026-06-28T14:17:55.129015Z","level":"info","event":"    52.52      13.42 2026-06-29 03:00:00+00:00            24.5   0.0      0.00","logger":"task.stdout"}
{"timestamp":"2026-06-28T14:17:55.129255Z","level":"info","event":"    52.52      13.42 2026-06-29 04:00:00+00:00            24.1   0.0      0.00","logger":"task.stdout"}
{"timestamp":"2026-06-28T14:17:55.129471Z","level":"info","event":"    52.52      13.42 2026-06-29 05:00:00+00:00            24.1   0.0      0.00","logger":"task.stdout"}
{"timestamp":"2026-06-28T14:17:55.129677Z","level":"info","event":"    52.52      13.42 2026-06-29 06:00:00+00:00            24.2   0.0      0.00","logger":"task.stdout"}
{"timestamp":"2026-06-28T14:17:55.129881Z","level":"info","event":"    52.52      13.42 2026-06-29 07:00:00+00:00            24.3   0.0      0.20","logger":"task.stdout"}
{"timestamp":"2026-06-28T14:17:55.130082Z","level":"info","event":"    52.52      13.42 2026-06-29 08:00:00+00:00            24.7   0.0      0.80","logger":"task.stdout"}
{"timestamp":"2026-06-28T14:17:55.130283Z","level":"info","event":"    52.52      13.42 2026-06-29 09:00:00+00:00            25.5   0.0      1.05","logger":"task.stdout"}
{"timestamp":"2026-06-28T14:17:55.130480Z","level":"info","event":"    52.52      13.42 2026-06-29 10:00:00+00:00            26.7   0.0      2.30","logger":"task.stdout"}
{"timestamp":"2026-06-28T14:17:55.130679Z","level":"info","event":"    52.52      13.42 2026-06-29 11:00:00+00:00            28.0   0.0      3.70","logger":"task.stdout"}
{"timestamp":"2026-06-28T14:17:55.130877Z","level":"info","event":"    52.52      13.42 2026-06-29 12:00:00+00:00            28.8   0.0      3.25","logger":"task.stdout"}
{"timestamp":"2026-06-28T14:17:55.131077Z","level":"info","event":"    52.52      13.42 2026-06-29 13:00:00+00:00            29.3   0.0      1.30","logger":"task.stdout"}
{"timestamp":"2026-06-28T14:17:55.131278Z","level":"info","event":"    52.52      13.42 2026-06-29 14:00:00+00:00            29.9   0.0      3.75","logger":"task.stdout"}
{"timestamp":"2026-06-28T14:17:55.131474Z","level":"info","event":"    52.52      13.42 2026-06-29 15:00:00+00:00            25.7   0.0      2.85","logger":"task.stdout"}
{"timestamp":"2026-06-28T14:17:55.131670Z","level":"info","event":"    52.52      13.42 2026-06-29 16:00:00+00:00            25.9   0.0      1.00","logger":"task.stdout"}
{"timestamp":"2026-06-28T14:17:55.131867Z","level":"info","event":"    52.52      13.42 2026-06-29 17:00:00+00:00            25.1   0.0      0.55","logger":"task.stdout"}
{"timestamp":"2026-06-28T14:17:55.132064Z","level":"info","event":"    52.52      13.42 2026-06-29 18:00:00+00:00            23.7   0.0      0.50","logger":"task.stdout"}
{"timestamp":"2026-06-28T14:17:55.132257Z","level":"info","event":"    52.52      13.42 2026-06-29 19:00:00+00:00            21.6   0.1      0.30","logger":"task.stdout"}
{"timestamp":"2026-06-28T14:17:55.132478Z","level":"info","event":"    52.52      13.42 2026-06-29 20:00:00+00:00            21.3   0.0      0.55","logger":"task.stdout"}
{"timestamp":"2026-06-28T14:17:55.132668Z","level":"info","event":"    52.52      13.42 2026-06-29 21:00:00+00:00            20.9   0.0      0.80","logger":"task.stdout"}
{"timestamp":"2026-06-28T14:17:55.132861Z","level":"info","event":"    52.52      13.42 2026-06-29 22:00:00+00:00            20.4  10.6      0.20","logger":"task.stdout"}
{"timestamp":"2026-06-28T14:17:55.133055Z","level":"info","event":"    52.52      13.42 2026-06-29 23:00:00+00:00            20.5   1.1      0.00","logger":"task.stdout"}
{"timestamp":"2026-06-28T14:17:55.133247Z","level":"info","event":"    52.52      13.42 2026-06-30 00:00:00+00:00            20.3   0.7      0.00","logger":"task.stdout"}
{"timestamp":"2026-06-28T14:17:55.133436Z","level":"info","event":"    52.52      13.42 2026-06-30 01:00:00+00:00            19.9   0.0      0.00","logger":"task.stdout"}
{"timestamp":"2026-06-28T14:17:55.133725Z","level":"info","event":"    52.52      13.42 2026-06-30 02:00:00+00:00            19.8   0.0      0.00","logger":"task.stdout"}
{"timestamp":"2026-06-28T14:17:55.133924Z","level":"info","event":"    52.52      13.42 2026-06-30 03:00:00+00:00            19.6   0.0      0.00","logger":"task.stdout"}
{"timestamp":"2026-06-28T14:17:55.134122Z","level":"info","event":"    52.52      13.42 2026-06-30 04:00:00+00:00            19.5   0.0      0.00","logger":"task.stdout"}
{"timestamp":"2026-06-28T14:17:55.134315Z","level":"info","event":"    52.52      13.42 2026-06-30 05:00:00+00:00            19.6   0.0      0.00","logger":"task.stdout"}
{"timestamp":"2026-06-28T14:17:55.134510Z","level":"info","event":"    52.52      13.42 2026-06-30 06:00:00+00:00            19.5   0.0      0.00","logger":"task.stdout"}
{"timestamp":"2026-06-28T14:17:55.134700Z","level":"info","event":"    52.52      13.42 2026-06-30 07:00:00+00:00            19.4   0.0      0.10","logger":"task.stdout"}
{"timestamp":"2026-06-28T14:17:55.134894Z","level":"info","event":"    52.52      13.42 2026-06-30 08:00:00+00:00            19.4   0.0      0.65","logger":"task.stdout"}
{"timestamp":"2026-06-28T14:17:55.135081Z","level":"info","event":"    52.52      13.42 2026-06-30 09:00:00+00:00            19.9   0.0      1.55","logger":"task.stdout"}
{"timestamp":"2026-06-28T14:17:55.135275Z","level":"info","event":"    52.52      13.42 2026-06-30 10:00:00+00:00            20.4   0.0      2.60","logger":"task.stdout"}
{"timestamp":"2026-06-28T14:17:55.135470Z","level":"info","event":"    52.52      13.42 2026-06-30 11:00:00+00:00            21.4   0.0      3.30","logger":"task.stdout"}
{"timestamp":"2026-06-28T14:17:55.135663Z","level":"info","event":"    52.52      13.42 2026-06-30 12:00:00+00:00            22.6   0.0      4.40","logger":"task.stdout"}
{"timestamp":"2026-06-28T14:17:55.135879Z","level":"info","event":"    52.52      13.42 2026-06-30 13:00:00+00:00            24.2   0.0      5.30","logger":"task.stdout"}
{"timestamp":"2026-06-28T14:17:55.136126Z","level":"info","event":"    52.52      13.42 2026-06-30 14:00:00+00:00            25.6   0.0      2.55","logger":"task.stdout"}
{"timestamp":"2026-06-28T14:17:55.136341Z","level":"info","event":"    52.52      13.42 2026-06-30 15:00:00+00:00            26.9   0.0      4.80","logger":"task.stdout"}
{"timestamp":"2026-06-28T14:17:55.136558Z","level":"info","event":"    52.52      13.42 2026-06-30 16:00:00+00:00            27.6   0.0      3.20","logger":"task.stdout"}
{"timestamp":"2026-06-28T14:17:55.136757Z","level":"info","event":"    52.52      13.42 2026-06-30 17:00:00+00:00            27.8   0.0      0.70","logger":"task.stdout"}
{"timestamp":"2026-06-28T14:17:55.136981Z","level":"info","event":"    52.52      13.42 2026-06-30 18:00:00+00:00            27.3   0.0      1.90","logger":"task.stdout"}
{"timestamp":"2026-06-28T14:17:55.137178Z","level":"info","event":"    52.52      13.42 2026-06-30 19:00:00+00:00            26.9   0.0      1.25","logger":"task.stdout"}
{"timestamp":"2026-06-28T14:17:55.137372Z","level":"info","event":"    52.52      13.42 2026-06-30 20:00:00+00:00            26.5   0.0      0.30","logger":"task.stdout"}
{"timestamp":"2026-06-28T14:17:55.137568Z","level":"info","event":"    52.52      13.42 2026-06-30 21:00:00+00:00            25.9   0.0      0.30","logger":"task.stdout"}
{"timestamp":"2026-06-28T14:17:55.137761Z","level":"info","event":"    52.52      13.42 2026-06-30 22:00:00+00:00            24.7   0.0      0.05","logger":"task.stdout"}
{"timestamp":"2026-06-28T14:17:55.137987Z","level":"info","event":"    52.52      13.42 2026-06-30 23:00:00+00:00            23.5   0.0      0.00","logger":"task.stdout"}
{"timestamp":"2026-06-28T14:17:55.138180Z","level":"info","event":"    52.52      13.42 2026-07-01 00:00:00+00:00            22.7   0.0      0.00","logger":"task.stdout"}
{"timestamp":"2026-06-28T14:17:55.138374Z","level":"info","event":"    52.52      13.42 2026-07-01 01:00:00+00:00            22.2   0.0      0.00","logger":"task.stdout"}
{"timestamp":"2026-06-28T14:17:55.138567Z","level":"info","event":"    52.52      13.42 2026-07-01 02:00:00+00:00            21.8   0.0      0.00","logger":"task.stdout"}
{"timestamp":"2026-06-28T14:17:55.138754Z","level":"info","event":"    52.52      13.42 2026-07-01 03:00:00+00:00            21.1   0.0      0.00","logger":"task.stdout"}
{"timestamp":"2026-06-28T14:17:55.138946Z","level":"info","event":"    52.52      13.42 2026-07-01 04:00:00+00:00            20.8   0.0      0.00","logger":"task.stdout"}
{"timestamp":"2026-06-28T14:17:55.139138Z","level":"info","event":"    52.52      13.42 2026-07-01 05:00:00+00:00            20.7   0.0      0.00","logger":"task.stdout"}
{"timestamp":"2026-06-28T14:17:55.139333Z","level":"info","event":"    52.52      13.42 2026-07-01 06:00:00+00:00            20.5   0.0      0.00","logger":"task.stdout"}
{"timestamp":"2026-06-28T14:17:55.139523Z","level":"info","event":"    52.52      13.42 2026-07-01 07:00:00+00:00            20.3   0.0      0.05","logger":"task.stdout"}
{"timestamp":"2026-06-28T14:17:55.139746Z","level":"info","event":"    52.52      13.42 2026-07-01 08:00:00+00:00            19.0   0.0      0.15","logger":"task.stdout"}
{"timestamp":"2026-06-28T14:17:55.139943Z","level":"info","event":"    52.52      13.42 2026-07-01 09:00:00+00:00            19.3   0.0      0.70","logger":"task.stdout"}
{"timestamp":"2026-06-28T14:17:55.140160Z","level":"info","event":"    52.52      13.42 2026-07-01 10:00:00+00:00            20.2   0.0      1.00","logger":"task.stdout"}
{"timestamp":"2026-06-28T14:17:55.140383Z","level":"info","event":"    52.52      13.42 2026-07-01 11:00:00+00:00            20.9   0.0      1.85","logger":"task.stdout"}
{"timestamp":"2026-06-28T14:17:55.140635Z","level":"info","event":"    52.52      13.42 2026-07-01 12:00:00+00:00            21.3   0.0      3.00","logger":"task.stdout"}
{"timestamp":"2026-06-28T14:17:55.140899Z","level":"info","event":"    52.52      13.42 2026-07-01 13:00:00+00:00            21.6   0.0      2.80","logger":"task.stdout"}
{"timestamp":"2026-06-28T14:17:55.141120Z","level":"info","event":"    52.52      13.42 2026-07-01 14:00:00+00:00            22.5   0.0      4.65","logger":"task.stdout"}
{"timestamp":"2026-06-28T14:17:55.141328Z","level":"info","event":"    52.52      13.42 2026-07-01 15:00:00+00:00            23.2   0.0      5.10","logger":"task.stdout"}
{"timestamp":"2026-06-28T14:17:55.141656Z","level":"info","event":"    52.52      13.42 2026-07-01 16:00:00+00:00            23.7   0.0      5.95","logger":"task.stdout"}
{"timestamp":"2026-06-28T14:17:55.141902Z","level":"info","event":"    52.52      13.42 2026-07-01 17:00:00+00:00            24.0   0.0      4.05","logger":"task.stdout"}
{"timestamp":"2026-06-28T14:17:55.142144Z","level":"info","event":"    52.52      13.42 2026-07-01 18:00:00+00:00            24.1   0.0      2.35","logger":"task.stdout"}
{"timestamp":"2026-06-28T14:17:55.142376Z","level":"info","event":"    52.52      13.42 2026-07-01 19:00:00+00:00            23.8   0.0      1.20","logger":"task.stdout"}
{"timestamp":"2026-06-28T14:17:55.142590Z","level":"info","event":"    52.52      13.42 2026-07-01 20:00:00+00:00            23.2   0.0      0.50","logger":"task.stdout"}
{"timestamp":"2026-06-28T14:17:55.142822Z","level":"info","event":"    52.52      13.42 2026-07-01 21:00:00+00:00            22.5   0.0      0.25","logger":"task.stdout"}
{"timestamp":"2026-06-28T14:17:55.143187Z","level":"info","event":"    52.52      13.42 2026-07-01 22:00:00+00:00            21.5   0.0      0.25","logger":"task.stdout"}
{"timestamp":"2026-06-28T14:17:55.143447Z","level":"info","event":"    52.52      13.42 2026-07-01 23:00:00+00:00            20.5   0.0      0.00","logger":"task.stdout"}
{"timestamp":"2026-06-28T14:17:55.143697Z","level":"info","event":"    52.52      13.42 2026-07-02 00:00:00+00:00            19.5   0.0      0.00","logger":"task.stdout"}
{"timestamp":"2026-06-28T14:17:55.143945Z","level":"info","event":"    52.52      13.42 2026-07-02 01:00:00+00:00            18.7   0.0      0.00","logger":"task.stdout"}
{"timestamp":"2026-06-28T14:17:55.144181Z","level":"info","event":"    52.52      13.42 2026-07-02 02:00:00+00:00            18.0   0.0      0.00","logger":"task.stdout"}
{"timestamp":"2026-06-28T14:17:55.144497Z","level":"info","event":"    52.52      13.42 2026-07-02 03:00:00+00:00            17.5   0.0      0.00","logger":"task.stdout"}
{"timestamp":"2026-06-28T14:17:55.144772Z","level":"info","event":"","logger":"task.stdout"}
{"timestamp":"2026-06-28T14:17:55.145070Z","level":"info","event":"============================================================","logger":"task.stdout"}
{"timestamp":"2026-06-28T14:17:55.145328Z","level":"info","event":"","logger":"task.stdout"}
{"timestamp":"2026-06-28T14:17:55.120964Z","level":"info","event":"Done. Returned value was: None","try_number":1,"ti_id":"019f0e98-042f-740e-9aec-328effecc7fd","dag_id":"dag01","task_id":"PRELOAD01","map_index":-1,"run_id":"scheduled__2026-06-28T14:10:00+00:00","logger":"airflow.task.operators.airflow.providers.standard.operators.python.PythonOperator","filename":"python.py","lineno":233}
{"timestamp":"2026-06-28T14:17:55.121095Z","level":"info","event":"::group::Post Execute","try_number":1,"ti_id":"019f0e98-042f-740e-9aec-328effecc7fd","dag_id":"dag01","task_id":"PRELOAD01","map_index":-1,"run_id":"scheduled__2026-06-28T14:10:00+00:00","logger":"task","filename":"task_runner.py","lineno":1288}
{"timestamp":"2026-06-28T14:17:55.200204Z","level":"info","event":"::endgroup::","try_number":1,"ti_id":"019f0e98-042f-740e-9aec-328effecc7fd","dag_id":"dag01","task_id":"PRELOAD01","map_index":-1,"run_id":"scheduled__2026-06-28T14:10:00+00:00","logger":"task","filename":"task_runner.py","lineno":1896}
