{"timestamp":"2026-06-30T16:18:45.905416Z","level":"info","event":"::group::Pre Execute","logger":"task","filename":"task_runner.py","lineno":1926}
{"timestamp":"2026-06-30T16:18:45.935185Z","level":"info","event":"DAG bundles loaded: dags-folder","ti_id":"019f1952-daf2-7239-92f6-9abde364c1cb","try_number":1,"task_id":"PRELOAD01","run_id":"scheduled__2026-06-30T16:00:00+00:00","dag_id":"dag01","map_index":-1,"logger":"airflow.dag_processing.bundles.manager.DagBundlesManager","filename":"manager.py","lineno":209}
{"timestamp":"2026-06-30T16:18:45.968932Z","level":"info","event":"Filling up the DagBag from /opt/airflow/dags/dag01.py","ti_id":"019f1952-daf2-7239-92f6-9abde364c1cb","try_number":1,"task_id":"PRELOAD01","run_id":"scheduled__2026-06-30T16:00:00+00:00","dag_id":"dag01","map_index":-1,"logger":"airflow.dag_processing.dagbag.BundleDagBag","filename":"dagbag.py","lineno":469}
{"timestamp":"2026-06-30T16:18:47.349925Z","level":"info","event":"::endgroup::","ti_id":"019f1952-daf2-7239-92f6-9abde364c1cb","try_number":1,"task_id":"PRELOAD01","run_id":"scheduled__2026-06-30T16:00:00+00:00","dag_id":"dag01","map_index":-1,"logger":"task","filename":"task_runner.py","lineno":1727}
{"timestamp":"2026-06-30T16:18:47.698263Z","level":"info","event":"Database connection established successfully.","logger":"src.database.connection","ti_id":"019f1952-daf2-7239-92f6-9abde364c1cb","try_number":1,"task_id":"PRELOAD01","run_id":"scheduled__2026-06-30T16:00:00+00:00","dag_id":"dag01","map_index":-1,"filename":"connection.py","lineno":35}
{"timestamp":"2026-06-30T16:18:47.715600Z","level":"info","event":"Comparing 168 new rows against weather_forecasts for (lat=27.02988, lon=30.00000) from 2026-06-30 00:00:00+00:00 to 2026-07-06 23:00:00+00:00","logger":"src.etl.compare","ti_id":"019f1952-daf2-7239-92f6-9abde364c1cb","try_number":1,"task_id":"PRELOAD01","run_id":"scheduled__2026-06-30T16:00:00+00:00","dag_id":"dag01","map_index":-1,"filename":"compare.py","lineno":240}
{"timestamp":"2026-06-30T16:18:48.066796Z","level":"info","event":"Compare complete: 0 new | 0 existing | 168 changed | 0 stale","logger":"src.etl.compare","ti_id":"019f1952-daf2-7239-92f6-9abde364c1cb","try_number":1,"task_id":"PRELOAD01","run_id":"scheduled__2026-06-30T16:00:00+00:00","dag_id":"dag01","map_index":-1,"filename":"compare.py","lineno":315}
{"timestamp":"2026-06-30T16:18:48.068216Z","level":"info","event":"","logger":"task.stdout"}
{"timestamp":"2026-06-30T16:18:48.068704Z","level":"info","event":"============================================================","logger":"task.stdout"}
{"timestamp":"2026-06-30T16:18:48.069187Z","level":"info","event":"  WEATHER_FORECASTS — COMPARE REPORT","logger":"task.stdout"}
{"timestamp":"2026-06-30T16:18:48.069588Z","level":"info","event":"============================================================","logger":"task.stdout"}
{"timestamp":"2026-06-30T16:18:48.069989Z","level":"info","event":"  New batch rows   :    168","logger":"task.stdout"}
{"timestamp":"2026-06-30T16:18:48.070326Z","level":"info","event":"  DB rows (window) :    168","logger":"task.stdout"}
{"timestamp":"2026-06-30T16:18:48.070721Z","level":"info","event":"============================================================","logger":"task.stdout"}
{"timestamp":"2026-06-30T16:18:48.071149Z","level":"info","event":"  🟢 New (to insert)  :      0","logger":"task.stdout"}
{"timestamp":"2026-06-30T16:18:48.071552Z","level":"info","event":"  ✅ Existing (match) :      0","logger":"task.stdout"}
{"timestamp":"2026-06-30T16:18:48.071902Z","level":"info","event":"  🟡 Changed (drift)  :    168","logger":"task.stdout"}
{"timestamp":"2026-06-30T16:18:48.072277Z","level":"info","event":"  🔴 Stale (DB only)  :      0","logger":"task.stdout"}
{"timestamp":"2026-06-30T16:18:48.072640Z","level":"info","event":"============================================================","logger":"task.stdout"}
{"timestamp":"2026-06-30T16:18:48.072994Z","level":"info","event":"","logger":"task.stdout"}
{"timestamp":"2026-06-30T16:18:48.073361Z","level":"info","event":"── Changed rows (first 5) ──","logger":"task.stdout"}
{"timestamp":"2026-06-30T16:18:48.099797Z","level":"info","event":" latitude  longitude             forecast_time  rain_new  is_day_new  uv_index_new  visibility_new  cloud_cover_new  dew_point_2m_new  temperature_2m_new  wind_gusts_10m_new  wind_speed_10m_new  surface_pressure_new  sunshine_duration_new  wind_direction_10m_new  apparent_temperature_new  relative_humidity_2m_new  precipitation_probability_new timezone_new  elevation_new model_used_new  rain_db  is_day_db  uv_index_db  visibility_db  cloud_cover_db  dew_point_2m_db  temperature_2m_db  wind_gusts_10m_db  wind_speed_10m_db  surface_pressure_db  sunshine_duration_db  wind_direction_10m_db  apparent_temperature_db  relative_humidity_2m_db  precipitation_probability_db  timezone_db  elevation_db model_used_db","logger":"task.stdout"}
{"timestamp":"2026-06-30T16:18:48.100443Z","level":"info","event":" 27.02988       30.0 2026-06-30 00:00:00+00:00         0       False           0.0           12160                0               7.8                31.4                23.4                15.5                 987.5                    0.0                       1                      28.6                        23                              0 Africa/Cairo            198     best_match        0      False          0.0          12160               0              7.3               31.6               27.0               15.6                987.7                   0.0                    353                     28.6                       22                             0 Africa/Cairo           198    best_match","logger":"task.stdout"}
{"timestamp":"2026-06-30T16:18:48.101174Z","level":"info","event":" 27.02988       30.0 2026-06-30 01:00:00+00:00         0       False           0.0           12160                0               9.2                30.5                21.2                14.9                 987.4                    0.0                     345                      28.1                        27                              0 Africa/Cairo            198     best_match        0      False          0.0          12160               0              8.8               30.7               21.6               15.8                987.6                   0.0                    343                     28.0                       26                             0 Africa/Cairo           198    best_match","logger":"task.stdout"}
{"timestamp":"2026-06-30T16:18:48.101677Z","level":"info","event":" 27.02988       30.0 2026-06-30 02:00:00+00:00         0       False           0.0           12180                0              10.0                29.4                20.5                14.7                 987.0                    0.0                     340                      27.2                        30                              0 Africa/Cairo            198     best_match        0      False          0.0          12180               0              9.7               29.8               24.1               17.4                987.3                   0.0                    338                     27.2                       29                             0 Africa/Cairo           198    best_match","logger":"task.stdout"}
{"timestamp":"2026-06-30T16:18:48.102176Z","level":"info","event":" 27.02988       30.0 2026-06-30 03:00:00+00:00         0       False           0.0           12180                0               9.9                28.7                21.6                16.3                 986.3                    0.0                     346                      26.3                        31                              0 Africa/Cairo            198     best_match        0      False          0.0          12180               0              9.4               29.1               24.8               17.8                986.8                   0.0                    340                     26.3                       29                             0 Africa/Cairo           198    best_match","logger":"task.stdout"}
{"timestamp":"2026-06-30T16:18:48.102897Z","level":"info","event":" 27.02988       30.0 2026-06-30 04:00:00+00:00         0       False           0.0           12160                0               9.9                28.0                24.5                18.2                 986.3                    0.0                     348                      25.3                        32                              0 Africa/Cairo            198     best_match        0      False          0.0          12180               0              8.8               28.2               25.2               18.4                986.9                   0.0                    341                     25.1                       30                             0 Africa/Cairo           198    best_match","logger":"task.stdout"}
{"timestamp":"2026-06-30T16:18:48.103814Z","level":"info","event":"","logger":"task.stdout"}
{"timestamp":"2026-06-30T16:18:48.104621Z","level":"info","event":"── Column drift summary ──","logger":"task.stdout"}
{"timestamp":"2026-06-30T16:18:48.105229Z","level":"info","event":"  temperature_2m                 rows= 144  mean_Δ=  0.334  max_Δ=    2.0","logger":"task.stdout"}
{"timestamp":"2026-06-30T16:18:48.105741Z","level":"info","event":"  apparent_temperature           rows= 150  mean_Δ= 0.4993  max_Δ=    2.2","logger":"task.stdout"}
{"timestamp":"2026-06-30T16:18:48.106187Z","level":"info","event":"  dew_point_2m                   rows= 163  mean_Δ= 1.1018  max_Δ=    4.8","logger":"task.stdout"}
{"timestamp":"2026-06-30T16:18:48.106701Z","level":"info","event":"  relative_humidity_2m           rows= 133  mean_Δ= 2.6917  max_Δ=   14.0","logger":"task.stdout"}
{"timestamp":"2026-06-30T16:18:48.107233Z","level":"info","event":"  surface_pressure               rows= 145  mean_Δ=  0.311  max_Δ=    1.5","logger":"task.stdout"}
{"timestamp":"2026-06-30T16:18:48.107794Z","level":"info","event":"  visibility                     rows=  35  mean_Δ=126.8571  max_Δ=  260.0","logger":"task.stdout"}
{"timestamp":"2026-06-30T16:18:48.108307Z","level":"info","event":"  uv_index                       rows=  13  mean_Δ=   0.25  max_Δ=   0.65","logger":"task.stdout"}
{"timestamp":"2026-06-30T16:18:48.108941Z","level":"info","event":"  wind_speed_10m                 rows= 165  mean_Δ= 1.8842  max_Δ=   10.5","logger":"task.stdout"}
{"timestamp":"2026-06-30T16:18:48.109561Z","level":"info","event":"  wind_direction_10m             rows= 157  mean_Δ= 67.586  max_Δ=  357.0","logger":"task.stdout"}
{"timestamp":"2026-06-30T16:18:48.110246Z","level":"info","event":"  wind_gusts_10m                 rows= 161  mean_Δ= 2.8615  max_Δ=   12.6","logger":"task.stdout"}
{"timestamp":"2026-06-30T16:18:48.110788Z","level":"info","event":"  sunshine_duration              rows=   2  mean_Δ=1163.075  max_Δ=2042.83","logger":"task.stdout"}
{"timestamp":"2026-06-30T16:18:48.111395Z","level":"info","event":"","logger":"task.stdout"}
{"timestamp":"2026-06-30T16:18:48.112023Z","level":"info","event":"============================================================","logger":"task.stdout"}
{"timestamp":"2026-06-30T16:18:48.112553Z","level":"info","event":"","logger":"task.stdout"}
{"timestamp":"2026-06-30T16:18:48.223504Z","level":"info","event":"Done. Returned value was: None","ti_id":"019f1952-daf2-7239-92f6-9abde364c1cb","try_number":1,"task_id":"PRELOAD01","run_id":"scheduled__2026-06-30T16:00:00+00:00","dag_id":"dag01","map_index":-1,"logger":"airflow.task.operators.airflow.providers.standard.operators.python.PythonOperator","filename":"python.py","lineno":233}
{"timestamp":"2026-06-30T16:18:48.223848Z","level":"info","event":"::group::Post Execute","ti_id":"019f1952-daf2-7239-92f6-9abde364c1cb","try_number":1,"task_id":"PRELOAD01","run_id":"scheduled__2026-06-30T16:00:00+00:00","dag_id":"dag01","map_index":-1,"logger":"task","filename":"task_runner.py","lineno":1288}
{"timestamp":"2026-06-30T16:18:48.298117Z","level":"info","event":"::endgroup::","ti_id":"019f1952-daf2-7239-92f6-9abde364c1cb","try_number":1,"task_id":"PRELOAD01","run_id":"scheduled__2026-06-30T16:00:00+00:00","dag_id":"dag01","map_index":-1,"logger":"task","filename":"task_runner.py","lineno":1896}
{"timestamp":"2026-06-30T16:26:08.262565Z","level":"info","event":"::group::Pre Execute","logger":"task","filename":"task_runner.py","lineno":1926}
{"timestamp":"2026-06-30T16:26:08.305543Z","level":"info","event":"DAG bundles loaded: dags-folder","try_number":1,"run_id":"scheduled__2026-06-30T16:00:00+00:00","map_index":-1,"ti_id":"019f195a-216f-735f-911e-3de1ac8f2398","task_id":"PRELOAD01","dag_id":"dag01","logger":"airflow.dag_processing.bundles.manager.DagBundlesManager","filename":"manager.py","lineno":209}
{"timestamp":"2026-06-30T16:26:08.307023Z","level":"info","event":"Filling up the DagBag from /opt/airflow/dags/dag01.py","try_number":1,"run_id":"scheduled__2026-06-30T16:00:00+00:00","map_index":-1,"ti_id":"019f195a-216f-735f-911e-3de1ac8f2398","task_id":"PRELOAD01","dag_id":"dag01","logger":"airflow.dag_processing.dagbag.BundleDagBag","filename":"dagbag.py","lineno":469}
{"timestamp":"2026-06-30T16:26:08.824562Z","level":"info","event":"::endgroup::","try_number":1,"run_id":"scheduled__2026-06-30T16:00:00+00:00","map_index":-1,"ti_id":"019f195a-216f-735f-911e-3de1ac8f2398","task_id":"PRELOAD01","dag_id":"dag01","logger":"task","filename":"task_runner.py","lineno":1727}
{"timestamp":"2026-06-30T16:26:08.877090Z","level":"info","event":"Database connection established successfully.","logger":"src.database.connection","try_number":1,"run_id":"scheduled__2026-06-30T16:00:00+00:00","map_index":-1,"ti_id":"019f195a-216f-735f-911e-3de1ac8f2398","task_id":"PRELOAD01","dag_id":"dag01","filename":"connection.py","lineno":35}
{"timestamp":"2026-06-30T16:26:08.880057Z","level":"info","event":"Comparing 168 new rows against weather_forecasts for (lat=27.02988, lon=30.00000) from 2026-06-30 00:00:00+00:00 to 2026-07-06 23:00:00+00:00","logger":"src.etl.compare","try_number":1,"run_id":"scheduled__2026-06-30T16:00:00+00:00","map_index":-1,"ti_id":"019f195a-216f-735f-911e-3de1ac8f2398","task_id":"PRELOAD01","dag_id":"dag01","filename":"compare.py","lineno":240}
{"timestamp":"2026-06-30T16:26:08.923979Z","level":"info","event":"Compare complete: 0 new | 168 existing | 0 changed | 0 stale","logger":"src.etl.compare","try_number":1,"run_id":"scheduled__2026-06-30T16:00:00+00:00","map_index":-1,"ti_id":"019f195a-216f-735f-911e-3de1ac8f2398","task_id":"PRELOAD01","dag_id":"dag01","filename":"compare.py","lineno":315}
{"timestamp":"2026-06-30T16:26:08.924884Z","level":"info","event":"","logger":"task.stdout"}
{"timestamp":"2026-06-30T16:26:08.925223Z","level":"info","event":"============================================================","logger":"task.stdout"}
{"timestamp":"2026-06-30T16:26:08.925542Z","level":"info","event":"  WEATHER_FORECASTS — COMPARE REPORT","logger":"task.stdout"}
{"timestamp":"2026-06-30T16:26:08.925876Z","level":"info","event":"============================================================","logger":"task.stdout"}
{"timestamp":"2026-06-30T16:26:08.926371Z","level":"info","event":"  New batch rows   :    168","logger":"task.stdout"}
{"timestamp":"2026-06-30T16:26:08.926667Z","level":"info","event":"  DB rows (window) :    168","logger":"task.stdout"}
{"timestamp":"2026-06-30T16:26:08.926972Z","level":"info","event":"============================================================","logger":"task.stdout"}
{"timestamp":"2026-06-30T16:26:08.927266Z","level":"info","event":"  🟢 New (to insert)  :      0","logger":"task.stdout"}
{"timestamp":"2026-06-30T16:26:08.927637Z","level":"info","event":"  ✅ Existing (match) :    168","logger":"task.stdout"}
{"timestamp":"2026-06-30T16:26:08.927963Z","level":"info","event":"  🟡 Changed (drift)  :      0","logger":"task.stdout"}
{"timestamp":"2026-06-30T16:26:08.928294Z","level":"info","event":"  🔴 Stale (DB only)  :      0","logger":"task.stdout"}
{"timestamp":"2026-06-30T16:26:08.928589Z","level":"info","event":"============================================================","logger":"task.stdout"}
{"timestamp":"2026-06-30T16:26:08.928879Z","level":"info","event":"","logger":"task.stdout"}
{"timestamp":"2026-06-30T16:26:08.929227Z","level":"info","event":"============================================================","logger":"task.stdout"}
{"timestamp":"2026-06-30T16:26:08.929523Z","level":"info","event":"","logger":"task.stdout"}
{"timestamp":"2026-06-30T16:26:08.962306Z","level":"info","event":"Done. Returned value was: None","try_number":1,"run_id":"scheduled__2026-06-30T16:00:00+00:00","map_index":-1,"ti_id":"019f195a-216f-735f-911e-3de1ac8f2398","task_id":"PRELOAD01","dag_id":"dag01","logger":"airflow.task.operators.airflow.providers.standard.operators.python.PythonOperator","filename":"python.py","lineno":233}
{"timestamp":"2026-06-30T16:26:08.962487Z","level":"info","event":"::group::Post Execute","try_number":1,"run_id":"scheduled__2026-06-30T16:00:00+00:00","map_index":-1,"ti_id":"019f195a-216f-735f-911e-3de1ac8f2398","task_id":"PRELOAD01","dag_id":"dag01","logger":"task","filename":"task_runner.py","lineno":1288}
{"timestamp":"2026-06-30T16:26:09.006911Z","level":"info","event":"::endgroup::","try_number":1,"run_id":"scheduled__2026-06-30T16:00:00+00:00","map_index":-1,"ti_id":"019f195a-216f-735f-911e-3de1ac8f2398","task_id":"PRELOAD01","dag_id":"dag01","logger":"task","filename":"task_runner.py","lineno":1896}
