{"timestamp":"2026-06-29T22:48:51.815814Z","level":"info","event":"::group::Pre Execute","logger":"task","filename":"task_runner.py","lineno":1926}
{"timestamp":"2026-06-29T22:48:51.852945Z","level":"info","event":"DAG bundles loaded: dags-folder","dag_id":"dag01","map_index":-1,"run_id":"manual__2026-06-29T22:48:46.106836+00:00","try_number":1,"task_id":"PRELOAD01","ti_id":"019f1592-2161-7aba-88fa-7faed25f3bfd","logger":"airflow.dag_processing.bundles.manager.DagBundlesManager","filename":"manager.py","lineno":209}
{"timestamp":"2026-06-29T22:48:51.855461Z","level":"info","event":"Filling up the DagBag from /opt/airflow/dags/dag01.py","dag_id":"dag01","map_index":-1,"run_id":"manual__2026-06-29T22:48:46.106836+00:00","try_number":1,"task_id":"PRELOAD01","ti_id":"019f1592-2161-7aba-88fa-7faed25f3bfd","logger":"airflow.dag_processing.dagbag.BundleDagBag","filename":"dagbag.py","lineno":469}
{"timestamp":"2026-06-29T22:48:52.531571Z","level":"info","event":"::endgroup::","dag_id":"dag01","map_index":-1,"run_id":"manual__2026-06-29T22:48:46.106836+00:00","try_number":1,"task_id":"PRELOAD01","ti_id":"019f1592-2161-7aba-88fa-7faed25f3bfd","logger":"task","filename":"task_runner.py","lineno":1727}
{"timestamp":"2026-06-29T22:48:52.603877Z","level":"info","event":"Database connection established successfully.","logger":"src.database.connection","dag_id":"dag01","map_index":-1,"run_id":"manual__2026-06-29T22:48:46.106836+00:00","try_number":1,"task_id":"PRELOAD01","ti_id":"019f1592-2161-7aba-88fa-7faed25f3bfd","filename":"connection.py","lineno":35}
{"timestamp":"2026-06-29T22:48:52.607514Z","level":"info","event":"Comparing 168 new rows against weather_forecasts for (lat=27.02988, lon=30.00000) from 2026-06-30 00:00:00+00:00 to 2026-07-06 23:00:00+00:00","logger":"src.etl.compare","dag_id":"dag01","map_index":-1,"run_id":"manual__2026-06-29T22:48:46.106836+00:00","try_number":1,"task_id":"PRELOAD01","ti_id":"019f1592-2161-7aba-88fa-7faed25f3bfd","filename":"compare.py","lineno":240}
{"timestamp":"2026-06-29T22:48:52.620096Z","level":"warning","event":"weather_forecasts table not found — creating it now from schema.sql.","logger":"src.etl.compare","dag_id":"dag01","map_index":-1,"run_id":"manual__2026-06-29T22:48:46.106836+00:00","try_number":1,"task_id":"PRELOAD01","ti_id":"019f1592-2161-7aba-88fa-7faed25f3bfd","filename":"compare.py","lineno":145}
{"timestamp":"2026-06-29T22:48:52.964103Z","level":"info","event":"weather_forecasts table created from schema.sql.","logger":"src.etl.compare","dag_id":"dag01","map_index":-1,"run_id":"manual__2026-06-29T22:48:46.106836+00:00","try_number":1,"task_id":"PRELOAD01","ti_id":"019f1592-2161-7aba-88fa-7faed25f3bfd","filename":"compare.py","lineno":133}
{"timestamp":"2026-06-29T22:48:52.965988Z","level":"info","event":"No existing rows in DB for this window — all 168 rows are new.","logger":"src.etl.compare","dag_id":"dag01","map_index":-1,"run_id":"manual__2026-06-29T22:48:46.106836+00:00","try_number":1,"task_id":"PRELOAD01","ti_id":"019f1592-2161-7aba-88fa-7faed25f3bfd","filename":"compare.py","lineno":255}
{"timestamp":"2026-06-29T22:48:52.967848Z","level":"info","event":"","logger":"task.stdout"}
{"timestamp":"2026-06-29T22:48:52.968725Z","level":"info","event":"============================================================","logger":"task.stdout"}
{"timestamp":"2026-06-29T22:48:52.969900Z","level":"info","event":"  WEATHER_FORECASTS — COMPARE REPORT","logger":"task.stdout"}
{"timestamp":"2026-06-29T22:48:52.970985Z","level":"info","event":"============================================================","logger":"task.stdout"}
{"timestamp":"2026-06-29T22:48:52.971764Z","level":"info","event":"  New batch rows   :    168","logger":"task.stdout"}
{"timestamp":"2026-06-29T22:48:52.972721Z","level":"info","event":"  DB rows (window) :      0","logger":"task.stdout"}
{"timestamp":"2026-06-29T22:48:52.973672Z","level":"info","event":"============================================================","logger":"task.stdout"}
{"timestamp":"2026-06-29T22:48:52.974609Z","level":"info","event":"  🟢 New (to insert)  :    168","logger":"task.stdout"}
{"timestamp":"2026-06-29T22:48:52.975511Z","level":"info","event":"  ✅ Existing (match) :      0","logger":"task.stdout"}
{"timestamp":"2026-06-29T22:48:52.976360Z","level":"info","event":"  🟡 Changed (drift)  :      0","logger":"task.stdout"}
{"timestamp":"2026-06-29T22:48:52.977267Z","level":"info","event":"  🔴 Stale (DB only)  :      0","logger":"task.stdout"}
{"timestamp":"2026-06-29T22:48:52.978154Z","level":"info","event":"============================================================","logger":"task.stdout"}
{"timestamp":"2026-06-29T22:48:52.978951Z","level":"info","event":"","logger":"task.stdout"}
{"timestamp":"2026-06-29T22:48:52.979735Z","level":"info","event":"── New rows (first 5) ──","logger":"task.stdout"}
{"timestamp":"2026-06-29T22:48:52.983224Z","level":"info","event":" latitude  longitude             forecast_time  temperature_2m  rain  uv_index","logger":"task.stdout"}
{"timestamp":"2026-06-29T22:48:52.983993Z","level":"info","event":" 27.02988       30.0 2026-06-30 00:00:00+00:00            31.6     0       0.0","logger":"task.stdout"}
{"timestamp":"2026-06-29T22:48:52.984734Z","level":"info","event":" 27.02988       30.0 2026-06-30 01:00:00+00:00            30.7     0       0.0","logger":"task.stdout"}
{"timestamp":"2026-06-29T22:48:52.985506Z","level":"info","event":" 27.02988       30.0 2026-06-30 02:00:00+00:00            29.8     0       0.0","logger":"task.stdout"}
{"timestamp":"2026-06-29T22:48:52.986277Z","level":"info","event":" 27.02988       30.0 2026-06-30 03:00:00+00:00            29.1     0       0.0","logger":"task.stdout"}
{"timestamp":"2026-06-29T22:48:52.986968Z","level":"info","event":" 27.02988       30.0 2026-06-30 04:00:00+00:00            28.2     0       0.0","logger":"task.stdout"}
{"timestamp":"2026-06-29T22:48:52.987784Z","level":"info","event":"","logger":"task.stdout"}
{"timestamp":"2026-06-29T22:48:52.988488Z","level":"info","event":"============================================================","logger":"task.stdout"}
{"timestamp":"2026-06-29T22:48:52.989243Z","level":"info","event":"","logger":"task.stdout"}
{"timestamp":"2026-06-29T22:48:53.048315Z","level":"info","event":"Done. Returned value was: None","dag_id":"dag01","map_index":-1,"run_id":"manual__2026-06-29T22:48:46.106836+00:00","try_number":1,"task_id":"PRELOAD01","ti_id":"019f1592-2161-7aba-88fa-7faed25f3bfd","logger":"airflow.task.operators.airflow.providers.standard.operators.python.PythonOperator","filename":"python.py","lineno":233}
{"timestamp":"2026-06-29T22:48:53.048610Z","level":"info","event":"::group::Post Execute","dag_id":"dag01","map_index":-1,"run_id":"manual__2026-06-29T22:48:46.106836+00:00","try_number":1,"task_id":"PRELOAD01","ti_id":"019f1592-2161-7aba-88fa-7faed25f3bfd","logger":"task","filename":"task_runner.py","lineno":1288}
{"timestamp":"2026-06-29T22:48:53.100183Z","level":"info","event":"::endgroup::","dag_id":"dag01","map_index":-1,"run_id":"manual__2026-06-29T22:48:46.106836+00:00","try_number":1,"task_id":"PRELOAD01","ti_id":"019f1592-2161-7aba-88fa-7faed25f3bfd","logger":"task","filename":"task_runner.py","lineno":1896}
