{"timestamp":"2026-06-29T22:43:56.178945Z","level":"info","event":"::group::Pre Execute","logger":"task","filename":"task_runner.py","lineno":1926}
{"timestamp":"2026-06-29T22:43:56.217748Z","level":"info","event":"DAG bundles loaded: dags-folder","map_index":-1,"dag_id":"dag01","run_id":"manual__2026-06-29T22:43:47.007588+00:00","task_id":"PRELOAD01","ti_id":"019f158d-90e2-7fe9-8d8a-917fcbb33caf","try_number":1,"logger":"airflow.dag_processing.bundles.manager.DagBundlesManager","filename":"manager.py","lineno":209}
{"timestamp":"2026-06-29T22:43:56.220859Z","level":"info","event":"Filling up the DagBag from /opt/airflow/dags/dag01.py","map_index":-1,"dag_id":"dag01","run_id":"manual__2026-06-29T22:43:47.007588+00:00","task_id":"PRELOAD01","ti_id":"019f158d-90e2-7fe9-8d8a-917fcbb33caf","try_number":1,"logger":"airflow.dag_processing.dagbag.BundleDagBag","filename":"dagbag.py","lineno":469}
{"timestamp":"2026-06-29T22:43:56.879324Z","level":"info","event":"::endgroup::","map_index":-1,"dag_id":"dag01","run_id":"manual__2026-06-29T22:43:47.007588+00:00","task_id":"PRELOAD01","ti_id":"019f158d-90e2-7fe9-8d8a-917fcbb33caf","try_number":1,"logger":"task","filename":"task_runner.py","lineno":1727}
{"timestamp":"2026-06-29T22:43:56.968740Z","level":"info","event":"Database connection established successfully.","logger":"src.database.connection","map_index":-1,"dag_id":"dag01","run_id":"manual__2026-06-29T22:43:47.007588+00:00","task_id":"PRELOAD01","ti_id":"019f158d-90e2-7fe9-8d8a-917fcbb33caf","try_number":1,"filename":"connection.py","lineno":35}
{"timestamp":"2026-06-29T22:43:56.973829Z","level":"info","event":"Comparing 168 new rows against weather_forecasts for (lat=52.52000, lon=13.42000) from 2026-06-30 00:00:00+00:00 to 2026-07-06 23:00:00+00:00","logger":"src.etl.compare","map_index":-1,"dag_id":"dag01","run_id":"manual__2026-06-29T22:43:47.007588+00:00","task_id":"PRELOAD01","ti_id":"019f158d-90e2-7fe9-8d8a-917fcbb33caf","try_number":1,"filename":"compare.py","lineno":240}
{"timestamp":"2026-06-29T22:43:57.050625Z","level":"info","event":"Compare complete: 0 new | 119 existing | 49 changed | 0 stale","logger":"src.etl.compare","map_index":-1,"dag_id":"dag01","run_id":"manual__2026-06-29T22:43:47.007588+00:00","task_id":"PRELOAD01","ti_id":"019f158d-90e2-7fe9-8d8a-917fcbb33caf","try_number":1,"filename":"compare.py","lineno":315}
{"timestamp":"2026-06-29T22:43:57.052008Z","level":"info","event":"","logger":"task.stdout"}
{"timestamp":"2026-06-29T22:43:57.052475Z","level":"info","event":"============================================================","logger":"task.stdout"}
{"timestamp":"2026-06-29T22:43:57.053028Z","level":"info","event":"  WEATHER_FORECASTS — COMPARE REPORT","logger":"task.stdout"}
{"timestamp":"2026-06-29T22:43:57.053591Z","level":"info","event":"============================================================","logger":"task.stdout"}
{"timestamp":"2026-06-29T22:43:57.054025Z","level":"info","event":"  New batch rows   :    168","logger":"task.stdout"}
{"timestamp":"2026-06-29T22:43:57.054509Z","level":"info","event":"  DB rows (window) :    168","logger":"task.stdout"}
{"timestamp":"2026-06-29T22:43:57.054951Z","level":"info","event":"============================================================","logger":"task.stdout"}
{"timestamp":"2026-06-29T22:43:57.055414Z","level":"info","event":"  🟢 New (to insert)  :      0","logger":"task.stdout"}
{"timestamp":"2026-06-29T22:43:57.055992Z","level":"info","event":"  ✅ Existing (match) :    119","logger":"task.stdout"}
{"timestamp":"2026-06-29T22:43:57.056493Z","level":"info","event":"  🟡 Changed (drift)  :     49","logger":"task.stdout"}
{"timestamp":"2026-06-29T22:43:57.056956Z","level":"info","event":"  🔴 Stale (DB only)  :      0","logger":"task.stdout"}
{"timestamp":"2026-06-29T22:43:57.057331Z","level":"info","event":"============================================================","logger":"task.stdout"}
{"timestamp":"2026-06-29T22:43:57.057720Z","level":"info","event":"","logger":"task.stdout"}
{"timestamp":"2026-06-29T22:43:57.058123Z","level":"info","event":"── Changed rows (first 5) ──","logger":"task.stdout"}
{"timestamp":"2026-06-29T22:43:57.065633Z","level":"info","event":" latitude  longitude             forecast_time  rain_new  is_day_new  uv_index_new  visibility_new  cloud_cover_new  dew_point_2m_new  temperature_2m_new  wind_gusts_10m_new  wind_speed_10m_new  surface_pressure_new  sunshine_duration_new  wind_direction_10m_new  apparent_temperature_new  relative_humidity_2m_new  precipitation_probability_new timezone_new  elevation_new model_used_new  rain_db  is_day_db  uv_index_db  visibility_db  cloud_cover_db  dew_point_2m_db  temperature_2m_db  wind_gusts_10m_db  wind_speed_10m_db  surface_pressure_db  sunshine_duration_db  wind_direction_10m_db  apparent_temperature_db  relative_humidity_2m_db  precipitation_probability_db  timezone_db  elevation_db model_used_db","logger":"task.stdout"}
{"timestamp":"2026-06-29T22:43:57.066165Z","level":"info","event":"    52.52      13.42 2026-06-30 00:00:00+00:00       0.0       False           0.0           32720              100              16.8                21.2                22.0                 8.0                1019.6                    0.0                     350                      22.4                        76                              0 Africa/Cairo             38     best_match      0.0      False          0.0          33540             100             16.7               21.0               22.0                7.9               1019.6                   0.0                      3                     22.2                       76                             0 Africa/Cairo            38    best_match","logger":"task.stdout"}
{"timestamp":"2026-06-29T22:43:57.066707Z","level":"info","event":"    52.52      13.42 2026-06-30 01:00:00+00:00       0.0       False           0.0           34800              100              15.8                20.8                20.9                 8.8                1020.2                    0.0                     351                      21.5                        73                              0 Africa/Cairo             38     best_match      0.0      False          0.0          35660             100             15.7               20.7               18.7                8.8               1020.2                   0.0                    348                     21.4                       73                             0 Africa/Cairo            38    best_match","logger":"task.stdout"}
{"timestamp":"2026-06-29T22:43:57.067189Z","level":"info","event":"    52.52      13.42 2026-06-30 02:00:00+00:00       0.0       False           0.0           31740              100              15.9                20.1                22.0                 7.6                1020.4                    0.0                       8                      21.0                        77                              0 Africa/Cairo             38     best_match      0.0      False          0.0          32640             100             15.9               20.1               20.5                7.7               1020.4                   0.0                     11                     21.0                       77                             0 Africa/Cairo            38    best_match","logger":"task.stdout"}
{"timestamp":"2026-06-29T22:43:57.067672Z","level":"info","event":"    52.52      13.42 2026-06-30 03:00:00+00:00       0.0       False           0.0           28980              100              16.3                19.7                15.1                 6.8                1020.3                    0.0                     360                      20.9                        81                              0 Africa/Cairo             38     best_match      0.0      False          0.0          30860             100             16.4               19.7               16.6                6.8               1020.3                   0.0                    360                     21.0                       81                             0 Africa/Cairo            38    best_match","logger":"task.stdout"}
{"timestamp":"2026-06-29T22:43:57.068251Z","level":"info","event":"    52.52      13.42 2026-06-30 04:00:00+00:00       0.0       False           0.0           25640              100              16.5                19.2                14.0                 5.8                1020.9                    0.0                     360                      20.7                        84                              0 Africa/Cairo             38     best_match      0.0      False          0.0          27500             100             16.5               19.2               15.5                5.9               1020.9                   0.0                     11                     20.6                       84                             0 Africa/Cairo            38    best_match","logger":"task.stdout"}
{"timestamp":"2026-06-29T22:43:57.068751Z","level":"info","event":"","logger":"task.stdout"}
{"timestamp":"2026-06-29T22:43:57.069317Z","level":"info","event":"── Column drift summary ──","logger":"task.stdout"}
{"timestamp":"2026-06-29T22:43:57.069743Z","level":"info","event":"  temperature_2m                 rows=  42  mean_Δ= 0.8476  max_Δ=    3.6","logger":"task.stdout"}
{"timestamp":"2026-06-29T22:43:57.070176Z","level":"info","event":"  apparent_temperature           rows=  42  mean_Δ= 1.1262  max_Δ=    4.9","logger":"task.stdout"}
{"timestamp":"2026-06-29T22:43:57.070788Z","level":"info","event":"  dew_point_2m                   rows=  41  mean_Δ= 1.0195  max_Δ=    3.5","logger":"task.stdout"}
{"timestamp":"2026-06-29T22:43:57.071236Z","level":"info","event":"  surface_pressure               rows=   7  mean_Δ=    0.1  max_Δ=    0.1","logger":"task.stdout"}
{"timestamp":"2026-06-29T22:43:57.071723Z","level":"info","event":"  visibility                     rows=  49  mean_Δ=3423.3673  max_Δ=25060.0","logger":"task.stdout"}
{"timestamp":"2026-06-29T22:43:57.072196Z","level":"info","event":"  wind_speed_10m                 rows=  39  mean_Δ= 1.2205  max_Δ=    5.8","logger":"task.stdout"}
{"timestamp":"2026-06-29T22:43:57.072543Z","level":"info","event":"  wind_direction_10m             rows=  41  mean_Δ=57.2927  max_Δ=  349.0","logger":"task.stdout"}
{"timestamp":"2026-06-29T22:43:57.073025Z","level":"info","event":"  wind_gusts_10m                 rows=  46  mean_Δ=   3.15  max_Δ=   10.4","logger":"task.stdout"}
{"timestamp":"2026-06-29T22:43:57.073461Z","level":"info","event":"","logger":"task.stdout"}
{"timestamp":"2026-06-29T22:43:57.073864Z","level":"info","event":"============================================================","logger":"task.stdout"}
{"timestamp":"2026-06-29T22:43:57.074312Z","level":"info","event":"","logger":"task.stdout"}
{"timestamp":"2026-06-29T22:43:57.119347Z","level":"info","event":"Done. Returned value was: None","map_index":-1,"dag_id":"dag01","run_id":"manual__2026-06-29T22:43:47.007588+00:00","task_id":"PRELOAD01","ti_id":"019f158d-90e2-7fe9-8d8a-917fcbb33caf","try_number":1,"logger":"airflow.task.operators.airflow.providers.standard.operators.python.PythonOperator","filename":"python.py","lineno":233}
{"timestamp":"2026-06-29T22:43:57.119737Z","level":"info","event":"::group::Post Execute","map_index":-1,"dag_id":"dag01","run_id":"manual__2026-06-29T22:43:47.007588+00:00","task_id":"PRELOAD01","ti_id":"019f158d-90e2-7fe9-8d8a-917fcbb33caf","try_number":1,"logger":"task","filename":"task_runner.py","lineno":1288}
{"timestamp":"2026-06-29T22:43:57.178399Z","level":"info","event":"::endgroup::","map_index":-1,"dag_id":"dag01","run_id":"manual__2026-06-29T22:43:47.007588+00:00","task_id":"PRELOAD01","ti_id":"019f158d-90e2-7fe9-8d8a-917fcbb33caf","try_number":1,"logger":"task","filename":"task_runner.py","lineno":1896}
