{"timestamp":"2026-06-28T15:16:31.121416Z","level":"info","event":"::group::Pre Execute","logger":"task","filename":"task_runner.py","lineno":1926}
{"timestamp":"2026-06-28T15:16:31.152529Z","level":"info","event":"DAG bundles loaded: dags-folder","task_id":"PRELOAD01","map_index":-1,"dag_id":"dag01","ti_id":"019f0ecd-a4c0-716c-b4b0-95eede9bd6c4","run_id":"manual__2026-06-28T15:16:25.885031+00:00","try_number":1,"logger":"airflow.dag_processing.bundles.manager.DagBundlesManager","filename":"manager.py","lineno":209}
{"timestamp":"2026-06-28T15:16:31.155076Z","level":"info","event":"Filling up the DagBag from /opt/airflow/dags/dag01.py","task_id":"PRELOAD01","map_index":-1,"dag_id":"dag01","ti_id":"019f0ecd-a4c0-716c-b4b0-95eede9bd6c4","run_id":"manual__2026-06-28T15:16:25.885031+00:00","try_number":1,"logger":"airflow.dag_processing.dagbag.BundleDagBag","filename":"dagbag.py","lineno":469}
{"timestamp":"2026-06-28T15:16:32.092566Z","level":"info","event":"::endgroup::","task_id":"PRELOAD01","map_index":-1,"dag_id":"dag01","ti_id":"019f0ecd-a4c0-716c-b4b0-95eede9bd6c4","run_id":"manual__2026-06-28T15:16:25.885031+00:00","try_number":1,"logger":"task","filename":"task_runner.py","lineno":1727}
{"timestamp":"2026-06-28T15:16:32.194372Z","level":"info","event":"Database connection established successfully.","logger":"src.database.connection","task_id":"PRELOAD01","map_index":-1,"dag_id":"dag01","ti_id":"019f0ecd-a4c0-716c-b4b0-95eede9bd6c4","run_id":"manual__2026-06-28T15:16:25.885031+00:00","try_number":1,"filename":"connection.py","lineno":35}
{"timestamp":"2026-06-28T15:16:32.199180Z","level":"info","event":"Comparing 168 new rows against weather_forecasts for (lat=52.52000, lon=13.42000) from 2026-06-28 00:00:00+00:00 to 2026-07-04 23:00:00+00:00","logger":"src.etl.compare","task_id":"PRELOAD01","map_index":-1,"dag_id":"dag01","ti_id":"019f0ecd-a4c0-716c-b4b0-95eede9bd6c4","run_id":"manual__2026-06-28T15:16:25.885031+00:00","try_number":1,"filename":"compare.py","lineno":240}
{"timestamp":"2026-06-28T15:16:32.282899Z","level":"info","event":"Compare complete: 0 new | 168 existing | 0 changed | 0 stale","logger":"src.etl.compare","task_id":"PRELOAD01","map_index":-1,"dag_id":"dag01","ti_id":"019f0ecd-a4c0-716c-b4b0-95eede9bd6c4","run_id":"manual__2026-06-28T15:16:25.885031+00:00","try_number":1,"filename":"compare.py","lineno":315}
{"timestamp":"2026-06-28T15:16:32.289180Z","level":"info","event":"","logger":"task.stdout"}
{"timestamp":"2026-06-28T15:16:32.289852Z","level":"info","event":"============================================================","logger":"task.stdout"}
{"timestamp":"2026-06-28T15:16:32.290424Z","level":"info","event":"  WEATHER_FORECASTS — COMPARE REPORT","logger":"task.stdout"}
{"timestamp":"2026-06-28T15:16:32.290944Z","level":"info","event":"============================================================","logger":"task.stdout"}
{"timestamp":"2026-06-28T15:16:32.291436Z","level":"info","event":"  New batch rows   :    168","logger":"task.stdout"}
{"timestamp":"2026-06-28T15:16:32.291917Z","level":"info","event":"  DB rows (window) :    168","logger":"task.stdout"}
{"timestamp":"2026-06-28T15:16:32.292375Z","level":"info","event":"============================================================","logger":"task.stdout"}
{"timestamp":"2026-06-28T15:16:32.293243Z","level":"info","event":"  🟢 New (to insert)  :      0","logger":"task.stdout"}
{"timestamp":"2026-06-28T15:16:32.293740Z","level":"info","event":"  ✅ Existing (match) :    168","logger":"task.stdout"}
{"timestamp":"2026-06-28T15:16:32.294187Z","level":"info","event":"  🟡 Changed (drift)  :      0","logger":"task.stdout"}
{"timestamp":"2026-06-28T15:16:32.294723Z","level":"info","event":"  🔴 Stale (DB only)  :      0","logger":"task.stdout"}
{"timestamp":"2026-06-28T15:16:32.295176Z","level":"info","event":"============================================================","logger":"task.stdout"}
{"timestamp":"2026-06-28T15:16:32.295716Z","level":"info","event":"","logger":"task.stdout"}
{"timestamp":"2026-06-28T15:16:32.296221Z","level":"info","event":"============================================================","logger":"task.stdout"}
{"timestamp":"2026-06-28T15:16:32.296734Z","level":"info","event":"","logger":"task.stdout"}
{"timestamp":"2026-06-28T15:16:32.350268Z","level":"info","event":"Done. Returned value was: None","task_id":"PRELOAD01","map_index":-1,"dag_id":"dag01","ti_id":"019f0ecd-a4c0-716c-b4b0-95eede9bd6c4","run_id":"manual__2026-06-28T15:16:25.885031+00:00","try_number":1,"logger":"airflow.task.operators.airflow.providers.standard.operators.python.PythonOperator","filename":"python.py","lineno":233}
{"timestamp":"2026-06-28T15:16:32.350579Z","level":"info","event":"::group::Post Execute","task_id":"PRELOAD01","map_index":-1,"dag_id":"dag01","ti_id":"019f0ecd-a4c0-716c-b4b0-95eede9bd6c4","run_id":"manual__2026-06-28T15:16:25.885031+00:00","try_number":1,"logger":"task","filename":"task_runner.py","lineno":1288}
{"timestamp":"2026-06-28T15:16:32.395394Z","level":"info","event":"::endgroup::","task_id":"PRELOAD01","map_index":-1,"dag_id":"dag01","ti_id":"019f0ecd-a4c0-716c-b4b0-95eede9bd6c4","run_id":"manual__2026-06-28T15:16:25.885031+00:00","try_number":1,"logger":"task","filename":"task_runner.py","lineno":1896}
