{"timestamp":"2026-06-30T16:19:16.079886Z","level":"info","event":"::group::Pre Execute","logger":"task","filename":"task_runner.py","lineno":1926}
{"timestamp":"2026-06-30T16:19:16.141382Z","level":"info","event":"DAG bundles loaded: dags-folder","try_number":1,"ti_id":"019f1953-d2c0-75b0-af9d-53dd8c88d25f","task_id":"PRELOAD01","run_id":"manual__2026-06-30T16:19:11.627525+00:00","dag_id":"dag01","map_index":-1,"logger":"airflow.dag_processing.bundles.manager.DagBundlesManager","filename":"manager.py","lineno":209}
{"timestamp":"2026-06-30T16:19:16.143169Z","level":"info","event":"Filling up the DagBag from /opt/airflow/dags/dag01.py","try_number":1,"ti_id":"019f1953-d2c0-75b0-af9d-53dd8c88d25f","task_id":"PRELOAD01","run_id":"manual__2026-06-30T16:19:11.627525+00:00","dag_id":"dag01","map_index":-1,"logger":"airflow.dag_processing.dagbag.BundleDagBag","filename":"dagbag.py","lineno":469}
{"timestamp":"2026-06-30T16:19:16.694231Z","level":"info","event":"::endgroup::","try_number":1,"ti_id":"019f1953-d2c0-75b0-af9d-53dd8c88d25f","task_id":"PRELOAD01","run_id":"manual__2026-06-30T16:19:11.627525+00:00","dag_id":"dag01","map_index":-1,"logger":"task","filename":"task_runner.py","lineno":1727}
{"timestamp":"2026-06-30T16:19:16.748464Z","level":"info","event":"Database connection established successfully.","logger":"src.database.connection","try_number":1,"ti_id":"019f1953-d2c0-75b0-af9d-53dd8c88d25f","task_id":"PRELOAD01","run_id":"manual__2026-06-30T16:19:11.627525+00:00","dag_id":"dag01","map_index":-1,"filename":"connection.py","lineno":35}
{"timestamp":"2026-06-30T16:19:16.751475Z","level":"info","event":"Comparing 168 new rows against weather_forecasts for (lat=27.02988, lon=30.00000) from 2026-06-30 00:00:00+00:00 to 2026-07-06 23:00:00+00:00","logger":"src.etl.compare","try_number":1,"ti_id":"019f1953-d2c0-75b0-af9d-53dd8c88d25f","task_id":"PRELOAD01","run_id":"manual__2026-06-30T16:19:11.627525+00:00","dag_id":"dag01","map_index":-1,"filename":"compare.py","lineno":240}
{"timestamp":"2026-06-30T16:19:16.792328Z","level":"info","event":"Compare complete: 0 new | 168 existing | 0 changed | 0 stale","logger":"src.etl.compare","try_number":1,"ti_id":"019f1953-d2c0-75b0-af9d-53dd8c88d25f","task_id":"PRELOAD01","run_id":"manual__2026-06-30T16:19:11.627525+00:00","dag_id":"dag01","map_index":-1,"filename":"compare.py","lineno":315}
{"timestamp":"2026-06-30T16:19:16.793129Z","level":"info","event":"","logger":"task.stdout"}
{"timestamp":"2026-06-30T16:19:16.793442Z","level":"info","event":"============================================================","logger":"task.stdout"}
{"timestamp":"2026-06-30T16:19:16.793691Z","level":"info","event":"  WEATHER_FORECASTS — COMPARE REPORT","logger":"task.stdout"}
{"timestamp":"2026-06-30T16:19:16.794008Z","level":"info","event":"============================================================","logger":"task.stdout"}
{"timestamp":"2026-06-30T16:19:16.794291Z","level":"info","event":"  New batch rows   :    168","logger":"task.stdout"}
{"timestamp":"2026-06-30T16:19:16.794635Z","level":"info","event":"  DB rows (window) :    168","logger":"task.stdout"}
{"timestamp":"2026-06-30T16:19:16.794971Z","level":"info","event":"============================================================","logger":"task.stdout"}
{"timestamp":"2026-06-30T16:19:16.795309Z","level":"info","event":"  🟢 New (to insert)  :      0","logger":"task.stdout"}
{"timestamp":"2026-06-30T16:19:16.795655Z","level":"info","event":"  ✅ Existing (match) :    168","logger":"task.stdout"}
{"timestamp":"2026-06-30T16:19:16.795998Z","level":"info","event":"  🟡 Changed (drift)  :      0","logger":"task.stdout"}
{"timestamp":"2026-06-30T16:19:16.796337Z","level":"info","event":"  🔴 Stale (DB only)  :      0","logger":"task.stdout"}
{"timestamp":"2026-06-30T16:19:16.796629Z","level":"info","event":"============================================================","logger":"task.stdout"}
{"timestamp":"2026-06-30T16:19:16.796911Z","level":"info","event":"","logger":"task.stdout"}
{"timestamp":"2026-06-30T16:19:16.797199Z","level":"info","event":"============================================================","logger":"task.stdout"}
{"timestamp":"2026-06-30T16:19:16.797518Z","level":"info","event":"","logger":"task.stdout"}
{"timestamp":"2026-06-30T16:19:16.838715Z","level":"info","event":"Done. Returned value was: None","try_number":1,"ti_id":"019f1953-d2c0-75b0-af9d-53dd8c88d25f","task_id":"PRELOAD01","run_id":"manual__2026-06-30T16:19:11.627525+00:00","dag_id":"dag01","map_index":-1,"logger":"airflow.task.operators.airflow.providers.standard.operators.python.PythonOperator","filename":"python.py","lineno":233}
{"timestamp":"2026-06-30T16:19:16.838888Z","level":"info","event":"::group::Post Execute","try_number":1,"ti_id":"019f1953-d2c0-75b0-af9d-53dd8c88d25f","task_id":"PRELOAD01","run_id":"manual__2026-06-30T16:19:11.627525+00:00","dag_id":"dag01","map_index":-1,"logger":"task","filename":"task_runner.py","lineno":1288}
{"timestamp":"2026-06-30T16:19:16.877299Z","level":"info","event":"::endgroup::","try_number":1,"ti_id":"019f1953-d2c0-75b0-af9d-53dd8c88d25f","task_id":"PRELOAD01","run_id":"manual__2026-06-30T16:19:11.627525+00:00","dag_id":"dag01","map_index":-1,"logger":"task","filename":"task_runner.py","lineno":1896}
