{"timestamp":"2026-06-28T14:09:48.443105Z","level":"info","event":"::group::Pre Execute","logger":"task","filename":"task_runner.py","lineno":1926}
{"timestamp":"2026-06-28T14:09:48.485874Z","level":"info","event":"DAG bundles loaded: dags-folder","map_index":-1,"try_number":1,"dag_id":"dag01","run_id":"manual__2026-06-28T14:09:44.956758+00:00","task_id":"PRELOAD01","ti_id":"019f0e90-980d-7dc8-b81e-066b5879c4c8","logger":"airflow.dag_processing.bundles.manager.DagBundlesManager","filename":"manager.py","lineno":209}
{"timestamp":"2026-06-28T14:09:48.488357Z","level":"info","event":"Filling up the DagBag from /opt/airflow/dags/dag01.py","map_index":-1,"try_number":1,"dag_id":"dag01","run_id":"manual__2026-06-28T14:09:44.956758+00:00","task_id":"PRELOAD01","ti_id":"019f0e90-980d-7dc8-b81e-066b5879c4c8","logger":"airflow.dag_processing.dagbag.BundleDagBag","filename":"dagbag.py","lineno":469}
{"timestamp":"2026-06-28T14:09:49.106223Z","level":"info","event":"::endgroup::","map_index":-1,"try_number":1,"dag_id":"dag01","run_id":"manual__2026-06-28T14:09:44.956758+00:00","task_id":"PRELOAD01","ti_id":"019f0e90-980d-7dc8-b81e-066b5879c4c8","logger":"task","filename":"task_runner.py","lineno":1727}
{"timestamp":"2026-06-28T14:09:49.161016Z","level":"info","event":"Database connection established successfully.","logger":"src.database.connection","map_index":-1,"try_number":1,"dag_id":"dag01","run_id":"manual__2026-06-28T14:09:44.956758+00:00","task_id":"PRELOAD01","ti_id":"019f0e90-980d-7dc8-b81e-066b5879c4c8","filename":"connection.py","lineno":35}
{"timestamp":"2026-06-28T14:09:49.166139Z","level":"info","event":"Comparing 168 new rows against DB for (lat=52.52000, lon=13.42000) from 2026-06-28 00:00:00+00:00 to 2026-07-04 23:00:00+00:00","logger":"src.etl.compare","map_index":-1,"try_number":1,"dag_id":"dag01","run_id":"manual__2026-06-28T14:09:44.956758+00:00","task_id":"PRELOAD01","ti_id":"019f0e90-980d-7dc8-b81e-066b5879c4c8","filename":"compare.py","lineno":200}
{"timestamp":"2026-06-28T14:09:49.173053Z","level":"warning","event":"weather_data table not found — creating it now from schema.sql.","logger":"src.etl.compare","map_index":-1,"try_number":1,"dag_id":"dag01","run_id":"manual__2026-06-28T14:09:44.956758+00:00","task_id":"PRELOAD01","ti_id":"019f0e90-980d-7dc8-b81e-066b5879c4c8","filename":"compare.py","lineno":111}
{"timestamp":"2026-06-28T14:09:49.524415Z","level":"info","event":"weather_data table created from schema.sql.","logger":"src.etl.compare","map_index":-1,"try_number":1,"dag_id":"dag01","run_id":"manual__2026-06-28T14:09:44.956758+00:00","task_id":"PRELOAD01","ti_id":"019f0e90-980d-7dc8-b81e-066b5879c4c8","filename":"compare.py","lineno":99}
{"timestamp":"2026-06-28T14:09:49.525513Z","level":"info","event":"No existing rows in DB for this window — all 168 rows are new.","logger":"src.etl.compare","map_index":-1,"try_number":1,"dag_id":"dag01","run_id":"manual__2026-06-28T14:09:44.956758+00:00","task_id":"PRELOAD01","ti_id":"019f0e90-980d-7dc8-b81e-066b5879c4c8","filename":"compare.py","lineno":214}
{"timestamp":"2026-06-28T14:09:49.526057Z","level":"info","event":"","logger":"task.stdout"}
{"timestamp":"2026-06-28T14:09:49.526344Z","level":"info","event":"============================================================","logger":"task.stdout"}
{"timestamp":"2026-06-28T14:09:49.526723Z","level":"info","event":"  WEATHER DATA — COMPARE REPORT","logger":"task.stdout"}
{"timestamp":"2026-06-28T14:09:49.527264Z","level":"info","event":"============================================================","logger":"task.stdout"}
{"timestamp":"2026-06-28T14:09:49.527522Z","level":"info","event":"  New batch rows   :    168","logger":"task.stdout"}
{"timestamp":"2026-06-28T14:09:49.527735Z","level":"info","event":"  DB rows (window) :      0","logger":"task.stdout"}
{"timestamp":"2026-06-28T14:09:49.528303Z","level":"info","event":"============================================================","logger":"task.stdout"}
{"timestamp":"2026-06-28T14:09:49.528756Z","level":"info","event":"  🟢 New (to insert)  :    168","logger":"task.stdout"}
{"timestamp":"2026-06-28T14:09:49.529177Z","level":"info","event":"  ✅ Existing (match) :      0","logger":"task.stdout"}
{"timestamp":"2026-06-28T14:09:49.529521Z","level":"info","event":"  🟡 Changed (drift)  :      0","logger":"task.stdout"}
{"timestamp":"2026-06-28T14:09:49.529854Z","level":"info","event":"  🔴 Stale (DB only)  :      0","logger":"task.stdout"}
{"timestamp":"2026-06-28T14:09:49.530158Z","level":"info","event":"============================================================","logger":"task.stdout"}
{"timestamp":"2026-06-28T14:09:49.530362Z","level":"info","event":"","logger":"task.stdout"}
{"timestamp":"2026-06-28T14:09:49.530608Z","level":"info","event":"── New rows (first 100) ──","logger":"task.stdout"}
{"timestamp":"2026-06-28T14:09:49.589671Z","level":"info","event":" latitude  longitude             forecast_time  temperature_2m  rain  uv_index","logger":"task.stdout"}
{"timestamp":"2026-06-28T14:09:49.590100Z","level":"info","event":"    52.52      13.42 2026-06-28 00:00:00+00:00            29.2   0.0      0.00","logger":"task.stdout"}
{"timestamp":"2026-06-28T14:09:49.590357Z","level":"info","event":"    52.52      13.42 2026-06-28 01:00:00+00:00            29.9   0.0      0.00","logger":"task.stdout"}
{"timestamp":"2026-06-28T14:09:49.590947Z","level":"info","event":"    52.52      13.42 2026-06-28 02:00:00+00:00            29.7   0.0      0.00","logger":"task.stdout"}
{"timestamp":"2026-06-28T14:09:49.591257Z","level":"info","event":"    52.52      13.42 2026-06-28 03:00:00+00:00            29.4   0.0      0.00","logger":"task.stdout"}
{"timestamp":"2026-06-28T14:09:49.591531Z","level":"info","event":"    52.52      13.42 2026-06-28 04:00:00+00:00            28.4   0.0      0.00","logger":"task.stdout"}
{"timestamp":"2026-06-28T14:09:49.592169Z","level":"info","event":"    52.52      13.42 2026-06-28 05:00:00+00:00            27.9   0.0      0.00","logger":"task.stdout"}
{"timestamp":"2026-06-28T14:09:49.592454Z","level":"info","event":"    52.52      13.42 2026-06-28 06:00:00+00:00            27.0   0.0      0.00","logger":"task.stdout"}
{"timestamp":"2026-06-28T14:09:49.592745Z","level":"info","event":"    52.52      13.42 2026-06-28 07:00:00+00:00            26.6   0.0      0.20","logger":"task.stdout"}
{"timestamp":"2026-06-28T14:09:49.593084Z","level":"info","event":"    52.52      13.42 2026-06-28 08:00:00+00:00            27.1   0.0      0.80","logger":"task.stdout"}
{"timestamp":"2026-06-28T14:09:49.593324Z","level":"info","event":"    52.52      13.42 2026-06-28 09:00:00+00:00            28.1   0.0      1.75","logger":"task.stdout"}
{"timestamp":"2026-06-28T14:09:49.593765Z","level":"info","event":"    52.52      13.42 2026-06-28 10:00:00+00:00            29.8   0.0      2.75","logger":"task.stdout"}
{"timestamp":"2026-06-28T14:09:49.594003Z","level":"info","event":"    52.52      13.42 2026-06-28 11:00:00+00:00            30.8   0.0      3.75","logger":"task.stdout"}
{"timestamp":"2026-06-28T14:09:49.594212Z","level":"info","event":"    52.52      13.42 2026-06-28 12:00:00+00:00            32.7   0.0      5.20","logger":"task.stdout"}
{"timestamp":"2026-06-28T14:09:49.594435Z","level":"info","event":"    52.52      13.42 2026-06-28 13:00:00+00:00            34.4   0.0      5.00","logger":"task.stdout"}
{"timestamp":"2026-06-28T14:09:49.594900Z","level":"info","event":"    52.52      13.42 2026-06-28 14:00:00+00:00            36.0   0.0      3.90","logger":"task.stdout"}
{"timestamp":"2026-06-28T14:09:49.595205Z","level":"info","event":"    52.52      13.42 2026-06-28 15:00:00+00:00            37.2   0.0      6.50","logger":"task.stdout"}
{"timestamp":"2026-06-28T14:09:49.595518Z","level":"info","event":"    52.52      13.42 2026-06-28 16:00:00+00:00            38.1   0.0      6.20","logger":"task.stdout"}
{"timestamp":"2026-06-28T14:09:49.595825Z","level":"info","event":"    52.52      13.42 2026-06-28 17:00:00+00:00            38.4   0.0      5.75","logger":"task.stdout"}
{"timestamp":"2026-06-28T14:09:49.596260Z","level":"info","event":"    52.52      13.42 2026-06-28 18:00:00+00:00            37.9   0.0      4.65","logger":"task.stdout"}
{"timestamp":"2026-06-28T14:09:49.596682Z","level":"info","event":"    52.52      13.42 2026-06-28 19:00:00+00:00            37.5   0.0      3.35","logger":"task.stdout"}
{"timestamp":"2026-06-28T14:09:49.597009Z","level":"info","event":"    52.52      13.42 2026-06-28 20:00:00+00:00            36.3   0.0      2.10","logger":"task.stdout"}
{"timestamp":"2026-06-28T14:09:49.597255Z","level":"info","event":"    52.52      13.42 2026-06-28 21:00:00+00:00            35.1   0.0      1.00","logger":"task.stdout"}
{"timestamp":"2026-06-28T14:09:49.597481Z","level":"info","event":"    52.52      13.42 2026-06-28 22:00:00+00:00            33.3   0.0      0.35","logger":"task.stdout"}
{"timestamp":"2026-06-28T14:09:49.597739Z","level":"info","event":"    52.52      13.42 2026-06-28 23:00:00+00:00            30.1   0.0      0.00","logger":"task.stdout"}
{"timestamp":"2026-06-28T14:09:49.598017Z","level":"info","event":"    52.52      13.42 2026-06-29 00:00:00+00:00            28.3   0.0      0.00","logger":"task.stdout"}
{"timestamp":"2026-06-28T14:09:49.598266Z","level":"info","event":"    52.52      13.42 2026-06-29 01:00:00+00:00            26.7   0.0      0.00","logger":"task.stdout"}
{"timestamp":"2026-06-28T14:09:49.598511Z","level":"info","event":"    52.52      13.42 2026-06-29 02:00:00+00:00            25.3   0.0      0.00","logger":"task.stdout"}
{"timestamp":"2026-06-28T14:09:49.598767Z","level":"info","event":"    52.52      13.42 2026-06-29 03:00:00+00:00            24.5   0.0      0.00","logger":"task.stdout"}
{"timestamp":"2026-06-28T14:09:49.599005Z","level":"info","event":"    52.52      13.42 2026-06-29 04:00:00+00:00            24.1   0.0      0.00","logger":"task.stdout"}
{"timestamp":"2026-06-28T14:09:49.599678Z","level":"info","event":"    52.52      13.42 2026-06-29 05:00:00+00:00            24.1   0.0      0.00","logger":"task.stdout"}
{"timestamp":"2026-06-28T14:09:49.600008Z","level":"info","event":"    52.52      13.42 2026-06-29 06:00:00+00:00            24.2   0.0      0.00","logger":"task.stdout"}
{"timestamp":"2026-06-28T14:09:49.601302Z","level":"info","event":"    52.52      13.42 2026-06-29 07:00:00+00:00            24.3   0.0      0.20","logger":"task.stdout"}
{"timestamp":"2026-06-28T14:09:49.601865Z","level":"info","event":"    52.52      13.42 2026-06-29 08:00:00+00:00            24.7   0.0      0.80","logger":"task.stdout"}
{"timestamp":"2026-06-28T14:09:49.602358Z","level":"info","event":"    52.52      13.42 2026-06-29 09:00:00+00:00            25.5   0.0      1.05","logger":"task.stdout"}
{"timestamp":"2026-06-28T14:09:49.602776Z","level":"info","event":"    52.52      13.42 2026-06-29 10:00:00+00:00            26.7   0.0      2.30","logger":"task.stdout"}
{"timestamp":"2026-06-28T14:09:49.603064Z","level":"info","event":"    52.52      13.42 2026-06-29 11:00:00+00:00            28.0   0.0      3.70","logger":"task.stdout"}
{"timestamp":"2026-06-28T14:09:49.603396Z","level":"info","event":"    52.52      13.42 2026-06-29 12:00:00+00:00            28.8   0.0      3.25","logger":"task.stdout"}
{"timestamp":"2026-06-28T14:09:49.603728Z","level":"info","event":"    52.52      13.42 2026-06-29 13:00:00+00:00            29.3   0.0      1.30","logger":"task.stdout"}
{"timestamp":"2026-06-28T14:09:49.604126Z","level":"info","event":"    52.52      13.42 2026-06-29 14:00:00+00:00            29.9   0.0      3.75","logger":"task.stdout"}
{"timestamp":"2026-06-28T14:09:49.604429Z","level":"info","event":"    52.52      13.42 2026-06-29 15:00:00+00:00            25.7   0.0      2.85","logger":"task.stdout"}
{"timestamp":"2026-06-28T14:09:49.604750Z","level":"info","event":"    52.52      13.42 2026-06-29 16:00:00+00:00            25.9   0.0      1.00","logger":"task.stdout"}
{"timestamp":"2026-06-28T14:09:49.605898Z","level":"info","event":"    52.52      13.42 2026-06-29 17:00:00+00:00            25.1   0.0      0.55","logger":"task.stdout"}
{"timestamp":"2026-06-28T14:09:49.607093Z","level":"info","event":"    52.52      13.42 2026-06-29 18:00:00+00:00            23.7   0.0      0.50","logger":"task.stdout"}
{"timestamp":"2026-06-28T14:09:49.607565Z","level":"info","event":"    52.52      13.42 2026-06-29 19:00:00+00:00            21.6   0.1      0.30","logger":"task.stdout"}
{"timestamp":"2026-06-28T14:09:49.608072Z","level":"info","event":"    52.52      13.42 2026-06-29 20:00:00+00:00            21.3   0.0      0.55","logger":"task.stdout"}
{"timestamp":"2026-06-28T14:09:49.608654Z","level":"info","event":"    52.52      13.42 2026-06-29 21:00:00+00:00            20.9   0.0      0.80","logger":"task.stdout"}
{"timestamp":"2026-06-28T14:09:49.608946Z","level":"info","event":"    52.52      13.42 2026-06-29 22:00:00+00:00            20.4  10.6      0.20","logger":"task.stdout"}
{"timestamp":"2026-06-28T14:09:49.609253Z","level":"info","event":"    52.52      13.42 2026-06-29 23:00:00+00:00            20.5   1.1      0.00","logger":"task.stdout"}
{"timestamp":"2026-06-28T14:09:49.609693Z","level":"info","event":"    52.52      13.42 2026-06-30 00:00:00+00:00            20.3   0.7      0.00","logger":"task.stdout"}
{"timestamp":"2026-06-28T14:09:49.610153Z","level":"info","event":"    52.52      13.42 2026-06-30 01:00:00+00:00            19.9   0.0      0.00","logger":"task.stdout"}
{"timestamp":"2026-06-28T14:09:49.610595Z","level":"info","event":"    52.52      13.42 2026-06-30 02:00:00+00:00            19.8   0.0      0.00","logger":"task.stdout"}
{"timestamp":"2026-06-28T14:09:49.610907Z","level":"info","event":"    52.52      13.42 2026-06-30 03:00:00+00:00            19.6   0.0      0.00","logger":"task.stdout"}
{"timestamp":"2026-06-28T14:09:49.611470Z","level":"info","event":"    52.52      13.42 2026-06-30 04:00:00+00:00            19.5   0.0      0.00","logger":"task.stdout"}
{"timestamp":"2026-06-28T14:09:49.611882Z","level":"info","event":"    52.52      13.42 2026-06-30 05:00:00+00:00            19.6   0.0      0.00","logger":"task.stdout"}
{"timestamp":"2026-06-28T14:09:49.612337Z","level":"info","event":"    52.52      13.42 2026-06-30 06:00:00+00:00            19.5   0.0      0.00","logger":"task.stdout"}
{"timestamp":"2026-06-28T14:09:49.612773Z","level":"info","event":"    52.52      13.42 2026-06-30 07:00:00+00:00            19.4   0.0      0.10","logger":"task.stdout"}
{"timestamp":"2026-06-28T14:09:49.613094Z","level":"info","event":"    52.52      13.42 2026-06-30 08:00:00+00:00            19.4   0.0      0.65","logger":"task.stdout"}
{"timestamp":"2026-06-28T14:09:49.613388Z","level":"info","event":"    52.52      13.42 2026-06-30 09:00:00+00:00            19.9   0.0      1.55","logger":"task.stdout"}
{"timestamp":"2026-06-28T14:09:49.614543Z","level":"info","event":"    52.52      13.42 2026-06-30 10:00:00+00:00            20.4   0.0      2.60","logger":"task.stdout"}
{"timestamp":"2026-06-28T14:09:49.615076Z","level":"info","event":"    52.52      13.42 2026-06-30 11:00:00+00:00            21.4   0.0      3.30","logger":"task.stdout"}
{"timestamp":"2026-06-28T14:09:49.615421Z","level":"info","event":"    52.52      13.42 2026-06-30 12:00:00+00:00            22.6   0.0      4.40","logger":"task.stdout"}
{"timestamp":"2026-06-28T14:09:49.615745Z","level":"info","event":"    52.52      13.42 2026-06-30 13:00:00+00:00            24.2   0.0      5.30","logger":"task.stdout"}
{"timestamp":"2026-06-28T14:09:49.616298Z","level":"info","event":"    52.52      13.42 2026-06-30 14:00:00+00:00            25.6   0.0      2.55","logger":"task.stdout"}
{"timestamp":"2026-06-28T14:09:49.616638Z","level":"info","event":"    52.52      13.42 2026-06-30 15:00:00+00:00            26.9   0.0      4.80","logger":"task.stdout"}
{"timestamp":"2026-06-28T14:09:49.616930Z","level":"info","event":"    52.52      13.42 2026-06-30 16:00:00+00:00            27.6   0.0      3.20","logger":"task.stdout"}
{"timestamp":"2026-06-28T14:09:49.617268Z","level":"info","event":"    52.52      13.42 2026-06-30 17:00:00+00:00            27.8   0.0      0.70","logger":"task.stdout"}
{"timestamp":"2026-06-28T14:09:49.617608Z","level":"info","event":"    52.52      13.42 2026-06-30 18:00:00+00:00            27.3   0.0      1.90","logger":"task.stdout"}
{"timestamp":"2026-06-28T14:09:49.618005Z","level":"info","event":"    52.52      13.42 2026-06-30 19:00:00+00:00            26.9   0.0      1.25","logger":"task.stdout"}
{"timestamp":"2026-06-28T14:09:49.618350Z","level":"info","event":"    52.52      13.42 2026-06-30 20:00:00+00:00            26.5   0.0      0.30","logger":"task.stdout"}
{"timestamp":"2026-06-28T14:09:49.618703Z","level":"info","event":"    52.52      13.42 2026-06-30 21:00:00+00:00            25.9   0.0      0.30","logger":"task.stdout"}
{"timestamp":"2026-06-28T14:09:49.618999Z","level":"info","event":"    52.52      13.42 2026-06-30 22:00:00+00:00            24.7   0.0      0.05","logger":"task.stdout"}
{"timestamp":"2026-06-28T14:09:49.619328Z","level":"info","event":"    52.52      13.42 2026-06-30 23:00:00+00:00            23.5   0.0      0.00","logger":"task.stdout"}
{"timestamp":"2026-06-28T14:09:49.620473Z","level":"info","event":"    52.52      13.42 2026-07-01 00:00:00+00:00            22.7   0.0      0.00","logger":"task.stdout"}
{"timestamp":"2026-06-28T14:09:49.620989Z","level":"info","event":"    52.52      13.42 2026-07-01 01:00:00+00:00            22.2   0.0      0.00","logger":"task.stdout"}
{"timestamp":"2026-06-28T14:09:49.621742Z","level":"info","event":"    52.52      13.42 2026-07-01 02:00:00+00:00            21.8   0.0      0.00","logger":"task.stdout"}
{"timestamp":"2026-06-28T14:09:49.622214Z","level":"info","event":"    52.52      13.42 2026-07-01 03:00:00+00:00            21.1   0.0      0.00","logger":"task.stdout"}
{"timestamp":"2026-06-28T14:09:49.622566Z","level":"info","event":"    52.52      13.42 2026-07-01 04:00:00+00:00            20.8   0.0      0.00","logger":"task.stdout"}
{"timestamp":"2026-06-28T14:09:49.623394Z","level":"info","event":"    52.52      13.42 2026-07-01 05:00:00+00:00            20.7   0.0      0.00","logger":"task.stdout"}
{"timestamp":"2026-06-28T14:09:49.624042Z","level":"info","event":"    52.52      13.42 2026-07-01 06:00:00+00:00            20.5   0.0      0.00","logger":"task.stdout"}
{"timestamp":"2026-06-28T14:09:49.624838Z","level":"info","event":"    52.52      13.42 2026-07-01 07:00:00+00:00            20.3   0.0      0.05","logger":"task.stdout"}
{"timestamp":"2026-06-28T14:09:49.625593Z","level":"info","event":"    52.52      13.42 2026-07-01 08:00:00+00:00            19.0   0.0      0.15","logger":"task.stdout"}
{"timestamp":"2026-06-28T14:09:49.625965Z","level":"info","event":"    52.52      13.42 2026-07-01 09:00:00+00:00            19.3   0.0      0.70","logger":"task.stdout"}
{"timestamp":"2026-06-28T14:09:49.626259Z","level":"info","event":"    52.52      13.42 2026-07-01 10:00:00+00:00            20.2   0.0      1.00","logger":"task.stdout"}
{"timestamp":"2026-06-28T14:09:49.626556Z","level":"info","event":"    52.52      13.42 2026-07-01 11:00:00+00:00            20.9   0.0      1.85","logger":"task.stdout"}
{"timestamp":"2026-06-28T14:09:49.626848Z","level":"info","event":"    52.52      13.42 2026-07-01 12:00:00+00:00            21.3   0.0      3.00","logger":"task.stdout"}
{"timestamp":"2026-06-28T14:09:49.627111Z","level":"info","event":"    52.52      13.42 2026-07-01 13:00:00+00:00            21.6   0.0      2.80","logger":"task.stdout"}
{"timestamp":"2026-06-28T14:09:49.627395Z","level":"info","event":"    52.52      13.42 2026-07-01 14:00:00+00:00            22.5   0.0      4.65","logger":"task.stdout"}
{"timestamp":"2026-06-28T14:09:49.627665Z","level":"info","event":"    52.52      13.42 2026-07-01 15:00:00+00:00            23.2   0.0      5.10","logger":"task.stdout"}
{"timestamp":"2026-06-28T14:09:49.627974Z","level":"info","event":"    52.52      13.42 2026-07-01 16:00:00+00:00            23.7   0.0      5.95","logger":"task.stdout"}
{"timestamp":"2026-06-28T14:09:49.628303Z","level":"info","event":"    52.52      13.42 2026-07-01 17:00:00+00:00            24.0   0.0      4.05","logger":"task.stdout"}
{"timestamp":"2026-06-28T14:09:49.628569Z","level":"info","event":"    52.52      13.42 2026-07-01 18:00:00+00:00            24.1   0.0      2.35","logger":"task.stdout"}
{"timestamp":"2026-06-28T14:09:49.629119Z","level":"info","event":"    52.52      13.42 2026-07-01 19:00:00+00:00            23.8   0.0      1.20","logger":"task.stdout"}
{"timestamp":"2026-06-28T14:09:49.629417Z","level":"info","event":"    52.52      13.42 2026-07-01 20:00:00+00:00            23.2   0.0      0.50","logger":"task.stdout"}
{"timestamp":"2026-06-28T14:09:49.629723Z","level":"info","event":"    52.52      13.42 2026-07-01 21:00:00+00:00            22.5   0.0      0.25","logger":"task.stdout"}
{"timestamp":"2026-06-28T14:09:49.630508Z","level":"info","event":"    52.52      13.42 2026-07-01 22:00:00+00:00            21.5   0.0      0.25","logger":"task.stdout"}
{"timestamp":"2026-06-28T14:09:49.630886Z","level":"info","event":"    52.52      13.42 2026-07-01 23:00:00+00:00            20.5   0.0      0.00","logger":"task.stdout"}
{"timestamp":"2026-06-28T14:09:49.631193Z","level":"info","event":"    52.52      13.42 2026-07-02 00:00:00+00:00            19.5   0.0      0.00","logger":"task.stdout"}
{"timestamp":"2026-06-28T14:09:49.631518Z","level":"info","event":"    52.52      13.42 2026-07-02 01:00:00+00:00            18.7   0.0      0.00","logger":"task.stdout"}
{"timestamp":"2026-06-28T14:09:49.631833Z","level":"info","event":"    52.52      13.42 2026-07-02 02:00:00+00:00            18.0   0.0      0.00","logger":"task.stdout"}
{"timestamp":"2026-06-28T14:09:49.632161Z","level":"info","event":"    52.52      13.42 2026-07-02 03:00:00+00:00            17.5   0.0      0.00","logger":"task.stdout"}
{"timestamp":"2026-06-28T14:09:49.632514Z","level":"info","event":"","logger":"task.stdout"}
{"timestamp":"2026-06-28T14:09:49.632796Z","level":"info","event":"============================================================","logger":"task.stdout"}
{"timestamp":"2026-06-28T14:09:49.633070Z","level":"info","event":"","logger":"task.stdout"}
{"timestamp":"2026-06-28T14:09:49.589711Z","level":"info","event":"Done. Returned value was: None","map_index":-1,"try_number":1,"dag_id":"dag01","run_id":"manual__2026-06-28T14:09:44.956758+00:00","task_id":"PRELOAD01","ti_id":"019f0e90-980d-7dc8-b81e-066b5879c4c8","logger":"airflow.task.operators.airflow.providers.standard.operators.python.PythonOperator","filename":"python.py","lineno":233}
{"timestamp":"2026-06-28T14:09:49.589881Z","level":"info","event":"::group::Post Execute","map_index":-1,"try_number":1,"dag_id":"dag01","run_id":"manual__2026-06-28T14:09:44.956758+00:00","task_id":"PRELOAD01","ti_id":"019f0e90-980d-7dc8-b81e-066b5879c4c8","logger":"task","filename":"task_runner.py","lineno":1288}
{"timestamp":"2026-06-28T14:09:49.686551Z","level":"info","event":"::endgroup::","map_index":-1,"try_number":1,"dag_id":"dag01","run_id":"manual__2026-06-28T14:09:44.956758+00:00","task_id":"PRELOAD01","ti_id":"019f0e90-980d-7dc8-b81e-066b5879c4c8","logger":"task","filename":"task_runner.py","lineno":1896}
