{"timestamp":"2026-06-29T23:06:39.738833Z","level":"info","event":"::group::Pre Execute","logger":"task","filename":"task_runner.py","lineno":1926}
{"timestamp":"2026-06-29T23:06:39.777767Z","level":"info","event":"DAG bundles loaded: dags-folder","dag_id":"dag01","map_index":-1,"run_id":"scheduled__2026-06-29T23:00:00+00:00","try_number":1,"task_id":"PRELOAD01","ti_id":"019f15a2-7185-7da7-a483-eef33d07edc4","logger":"airflow.dag_processing.bundles.manager.DagBundlesManager","filename":"manager.py","lineno":209}
{"timestamp":"2026-06-29T23:06:39.780049Z","level":"info","event":"Filling up the DagBag from /opt/airflow/dags/dag01.py","dag_id":"dag01","map_index":-1,"run_id":"scheduled__2026-06-29T23:00:00+00:00","try_number":1,"task_id":"PRELOAD01","ti_id":"019f15a2-7185-7da7-a483-eef33d07edc4","logger":"airflow.dag_processing.dagbag.BundleDagBag","filename":"dagbag.py","lineno":469}
{"timestamp":"2026-06-29T23:06:40.495354Z","level":"info","event":"::endgroup::","dag_id":"dag01","map_index":-1,"run_id":"scheduled__2026-06-29T23:00:00+00:00","try_number":1,"task_id":"PRELOAD01","ti_id":"019f15a2-7185-7da7-a483-eef33d07edc4","logger":"task","filename":"task_runner.py","lineno":1727}
{"timestamp":"2026-06-29T23:06:40.566476Z","level":"info","event":"Database connection established successfully.","logger":"src.database.connection","dag_id":"dag01","map_index":-1,"run_id":"scheduled__2026-06-29T23:00:00+00:00","try_number":1,"task_id":"PRELOAD01","ti_id":"019f15a2-7185-7da7-a483-eef33d07edc4","filename":"connection.py","lineno":35}
{"timestamp":"2026-06-29T23:06:40.569863Z","level":"info","event":"Comparing 168 new rows against weather_forecasts for (lat=27.02988, lon=30.00000) from 2026-06-30 00:00:00+00:00 to 2026-07-06 23:00:00+00:00","logger":"src.etl.compare","dag_id":"dag01","map_index":-1,"run_id":"scheduled__2026-06-29T23:00:00+00:00","try_number":1,"task_id":"PRELOAD01","ti_id":"019f15a2-7185-7da7-a483-eef33d07edc4","filename":"compare.py","lineno":240}
{"timestamp":"2026-06-29T23:06:40.629236Z","level":"info","event":"Compare complete: 0 new | 168 existing | 0 changed | 0 stale","logger":"src.etl.compare","dag_id":"dag01","map_index":-1,"run_id":"scheduled__2026-06-29T23:00:00+00:00","try_number":1,"task_id":"PRELOAD01","ti_id":"019f15a2-7185-7da7-a483-eef33d07edc4","filename":"compare.py","lineno":315}
{"timestamp":"2026-06-29T23:06:40.630513Z","level":"info","event":"","logger":"task.stdout"}
{"timestamp":"2026-06-29T23:06:40.631331Z","level":"info","event":"============================================================","logger":"task.stdout"}
{"timestamp":"2026-06-29T23:06:40.631960Z","level":"info","event":"  WEATHER_FORECASTS — COMPARE REPORT","logger":"task.stdout"}
{"timestamp":"2026-06-29T23:06:40.632471Z","level":"info","event":"============================================================","logger":"task.stdout"}
{"timestamp":"2026-06-29T23:06:40.632817Z","level":"info","event":"  New batch rows   :    168","logger":"task.stdout"}
{"timestamp":"2026-06-29T23:06:40.633204Z","level":"info","event":"  DB rows (window) :    168","logger":"task.stdout"}
{"timestamp":"2026-06-29T23:06:40.633595Z","level":"info","event":"============================================================","logger":"task.stdout"}
{"timestamp":"2026-06-29T23:06:40.633989Z","level":"info","event":"  🟢 New (to insert)  :      0","logger":"task.stdout"}
{"timestamp":"2026-06-29T23:06:40.634368Z","level":"info","event":"  ✅ Existing (match) :    168","logger":"task.stdout"}
{"timestamp":"2026-06-29T23:06:40.634742Z","level":"info","event":"  🟡 Changed (drift)  :      0","logger":"task.stdout"}
{"timestamp":"2026-06-29T23:06:40.635113Z","level":"info","event":"  🔴 Stale (DB only)  :      0","logger":"task.stdout"}
{"timestamp":"2026-06-29T23:06:40.635559Z","level":"info","event":"============================================================","logger":"task.stdout"}
{"timestamp":"2026-06-29T23:06:40.635940Z","level":"info","event":"","logger":"task.stdout"}
{"timestamp":"2026-06-29T23:06:40.636477Z","level":"info","event":"============================================================","logger":"task.stdout"}
{"timestamp":"2026-06-29T23:06:40.636901Z","level":"info","event":"","logger":"task.stdout"}
{"timestamp":"2026-06-29T23:06:40.677472Z","level":"info","event":"Done. Returned value was: None","dag_id":"dag01","map_index":-1,"run_id":"scheduled__2026-06-29T23:00:00+00:00","try_number":1,"task_id":"PRELOAD01","ti_id":"019f15a2-7185-7da7-a483-eef33d07edc4","logger":"airflow.task.operators.airflow.providers.standard.operators.python.PythonOperator","filename":"python.py","lineno":233}
{"timestamp":"2026-06-29T23:06:40.677749Z","level":"info","event":"::group::Post Execute","dag_id":"dag01","map_index":-1,"run_id":"scheduled__2026-06-29T23:00:00+00:00","try_number":1,"task_id":"PRELOAD01","ti_id":"019f15a2-7185-7da7-a483-eef33d07edc4","logger":"task","filename":"task_runner.py","lineno":1288}
{"timestamp":"2026-06-29T23:06:40.727600Z","level":"info","event":"::endgroup::","dag_id":"dag01","map_index":-1,"run_id":"scheduled__2026-06-29T23:00:00+00:00","try_number":1,"task_id":"PRELOAD01","ti_id":"019f15a2-7185-7da7-a483-eef33d07edc4","logger":"task","filename":"task_runner.py","lineno":1896}
