{"timestamp":"2026-06-28T14:20:09.797826Z","level":"info","event":"::group::Pre Execute","logger":"task","filename":"task_runner.py","lineno":1926}
{"timestamp":"2026-06-28T14:20:09.838090Z","level":"info","event":"DAG bundles loaded: dags-folder","try_number":1,"ti_id":"019f0e99-fcdc-764e-a084-9c2f4504d3d7","dag_id":"dag01","task_id":"PRELOAD01","map_index":-1,"run_id":"scheduled__2026-06-28T14:20:00+00:00","logger":"airflow.dag_processing.bundles.manager.DagBundlesManager","filename":"manager.py","lineno":209}
{"timestamp":"2026-06-28T14:20:09.840104Z","level":"info","event":"Filling up the DagBag from /opt/airflow/dags/dag01.py","try_number":1,"ti_id":"019f0e99-fcdc-764e-a084-9c2f4504d3d7","dag_id":"dag01","task_id":"PRELOAD01","map_index":-1,"run_id":"scheduled__2026-06-28T14:20:00+00:00","logger":"airflow.dag_processing.dagbag.BundleDagBag","filename":"dagbag.py","lineno":469}
{"timestamp":"2026-06-28T14:20:10.591377Z","level":"info","event":"::endgroup::","try_number":1,"ti_id":"019f0e99-fcdc-764e-a084-9c2f4504d3d7","dag_id":"dag01","task_id":"PRELOAD01","map_index":-1,"run_id":"scheduled__2026-06-28T14:20:00+00:00","logger":"task","filename":"task_runner.py","lineno":1727}
{"timestamp":"2026-06-28T14:20:10.674041Z","level":"info","event":"Database connection established successfully.","logger":"src.database.connection","try_number":1,"ti_id":"019f0e99-fcdc-764e-a084-9c2f4504d3d7","dag_id":"dag01","task_id":"PRELOAD01","map_index":-1,"run_id":"scheduled__2026-06-28T14:20:00+00:00","filename":"connection.py","lineno":35}
{"timestamp":"2026-06-28T14:20:10.679658Z","level":"info","event":"Comparing 168 new rows against DB for (lat=52.52000, lon=13.42000) from 2026-06-28 00:00:00+00:00 to 2026-07-04 23:00:00+00:00","logger":"src.etl.compare","try_number":1,"ti_id":"019f0e99-fcdc-764e-a084-9c2f4504d3d7","dag_id":"dag01","task_id":"PRELOAD01","map_index":-1,"run_id":"scheduled__2026-06-28T14:20:00+00:00","filename":"compare.py","lineno":200}
{"timestamp":"2026-06-28T14:20:10.687752Z","level":"warning","event":"weather_forecasts table not found — creating it now from schema.sql.","logger":"src.etl.compare","try_number":1,"ti_id":"019f0e99-fcdc-764e-a084-9c2f4504d3d7","dag_id":"dag01","task_id":"PRELOAD01","map_index":-1,"run_id":"scheduled__2026-06-28T14:20:00+00:00","filename":"compare.py","lineno":111}
{"timestamp":"2026-06-28T14:20:10.697208Z","level":"info","event":"weather_data table created from schema.sql.","logger":"src.etl.compare","try_number":1,"ti_id":"019f0e99-fcdc-764e-a084-9c2f4504d3d7","dag_id":"dag01","task_id":"PRELOAD01","map_index":-1,"run_id":"scheduled__2026-06-28T14:20:00+00:00","filename":"compare.py","lineno":99}
{"timestamp":"2026-06-28T14:20:10.698323Z","level":"info","event":"No existing rows in DB for this window — all 168 rows are new.","logger":"src.etl.compare","try_number":1,"ti_id":"019f0e99-fcdc-764e-a084-9c2f4504d3d7","dag_id":"dag01","task_id":"PRELOAD01","map_index":-1,"run_id":"scheduled__2026-06-28T14:20:00+00:00","filename":"compare.py","lineno":214}
{"timestamp":"2026-06-28T14:20:10.699261Z","level":"info","event":"","logger":"task.stdout"}
{"timestamp":"2026-06-28T14:20:10.699736Z","level":"info","event":"============================================================","logger":"task.stdout"}
{"timestamp":"2026-06-28T14:20:10.700157Z","level":"info","event":"  WEATHER DATA — COMPARE REPORT","logger":"task.stdout"}
{"timestamp":"2026-06-28T14:20:10.700566Z","level":"info","event":"============================================================","logger":"task.stdout"}
{"timestamp":"2026-06-28T14:20:10.701060Z","level":"info","event":"  New batch rows   :    168","logger":"task.stdout"}
{"timestamp":"2026-06-28T14:20:10.701506Z","level":"info","event":"  DB rows (window) :      0","logger":"task.stdout"}
{"timestamp":"2026-06-28T14:20:10.702112Z","level":"info","event":"============================================================","logger":"task.stdout"}
{"timestamp":"2026-06-28T14:20:10.702545Z","level":"info","event":"  🟢 New (to insert)  :    168","logger":"task.stdout"}
{"timestamp":"2026-06-28T14:20:10.703338Z","level":"info","event":"  ✅ Existing (match) :      0","logger":"task.stdout"}
{"timestamp":"2026-06-28T14:20:10.703847Z","level":"info","event":"  🟡 Changed (drift)  :      0","logger":"task.stdout"}
{"timestamp":"2026-06-28T14:20:10.704218Z","level":"info","event":"  🔴 Stale (DB only)  :      0","logger":"task.stdout"}
{"timestamp":"2026-06-28T14:20:10.704795Z","level":"info","event":"============================================================","logger":"task.stdout"}
{"timestamp":"2026-06-28T14:20:10.705436Z","level":"info","event":"","logger":"task.stdout"}
{"timestamp":"2026-06-28T14:20:10.705875Z","level":"info","event":"── New rows (first 100) ──","logger":"task.stdout"}
{"timestamp":"2026-06-28T14:20:10.716602Z","level":"info","event":" latitude  longitude             forecast_time  temperature_2m  rain  uv_index","logger":"task.stdout"}
{"timestamp":"2026-06-28T14:20:10.717182Z","level":"info","event":"    52.52      13.42 2026-06-28 00:00:00+00:00            29.2   0.0      0.00","logger":"task.stdout"}
{"timestamp":"2026-06-28T14:20:10.717636Z","level":"info","event":"    52.52      13.42 2026-06-28 01:00:00+00:00            29.9   0.0      0.00","logger":"task.stdout"}
{"timestamp":"2026-06-28T14:20:10.718197Z","level":"info","event":"    52.52      13.42 2026-06-28 02:00:00+00:00            29.7   0.0      0.00","logger":"task.stdout"}
{"timestamp":"2026-06-28T14:20:10.718855Z","level":"info","event":"    52.52      13.42 2026-06-28 03:00:00+00:00            29.4   0.0      0.00","logger":"task.stdout"}
{"timestamp":"2026-06-28T14:20:10.719533Z","level":"info","event":"    52.52      13.42 2026-06-28 04:00:00+00:00            28.4   0.0      0.00","logger":"task.stdout"}
{"timestamp":"2026-06-28T14:20:10.720011Z","level":"info","event":"    52.52      13.42 2026-06-28 05:00:00+00:00            27.9   0.0      0.00","logger":"task.stdout"}
{"timestamp":"2026-06-28T14:20:10.720345Z","level":"info","event":"    52.52      13.42 2026-06-28 06:00:00+00:00            27.0   0.0      0.00","logger":"task.stdout"}
{"timestamp":"2026-06-28T14:20:10.720825Z","level":"info","event":"    52.52      13.42 2026-06-28 07:00:00+00:00            26.6   0.0      0.20","logger":"task.stdout"}
{"timestamp":"2026-06-28T14:20:10.721346Z","level":"info","event":"    52.52      13.42 2026-06-28 08:00:00+00:00            27.1   0.0      0.80","logger":"task.stdout"}
{"timestamp":"2026-06-28T14:20:10.721681Z","level":"info","event":"    52.52      13.42 2026-06-28 09:00:00+00:00            28.1   0.0      1.75","logger":"task.stdout"}
{"timestamp":"2026-06-28T14:20:10.721975Z","level":"info","event":"    52.52      13.42 2026-06-28 10:00:00+00:00            29.8   0.0      2.75","logger":"task.stdout"}
{"timestamp":"2026-06-28T14:20:10.722301Z","level":"info","event":"    52.52      13.42 2026-06-28 11:00:00+00:00            30.8   0.0      3.75","logger":"task.stdout"}
{"timestamp":"2026-06-28T14:20:10.722689Z","level":"info","event":"    52.52      13.42 2026-06-28 12:00:00+00:00            32.7   0.0      5.20","logger":"task.stdout"}
{"timestamp":"2026-06-28T14:20:10.722929Z","level":"info","event":"    52.52      13.42 2026-06-28 13:00:00+00:00            34.4   0.0      5.00","logger":"task.stdout"}
{"timestamp":"2026-06-28T14:20:10.723253Z","level":"info","event":"    52.52      13.42 2026-06-28 14:00:00+00:00            36.0   0.0      3.90","logger":"task.stdout"}
{"timestamp":"2026-06-28T14:20:10.723683Z","level":"info","event":"    52.52      13.42 2026-06-28 15:00:00+00:00            37.2   0.0      6.50","logger":"task.stdout"}
{"timestamp":"2026-06-28T14:20:10.724064Z","level":"info","event":"    52.52      13.42 2026-06-28 16:00:00+00:00            38.1   0.0      6.20","logger":"task.stdout"}
{"timestamp":"2026-06-28T14:20:10.724395Z","level":"info","event":"    52.52      13.42 2026-06-28 17:00:00+00:00            38.4   0.0      5.75","logger":"task.stdout"}
{"timestamp":"2026-06-28T14:20:10.724906Z","level":"info","event":"    52.52      13.42 2026-06-28 18:00:00+00:00            37.9   0.0      4.65","logger":"task.stdout"}
{"timestamp":"2026-06-28T14:20:10.725749Z","level":"info","event":"    52.52      13.42 2026-06-28 19:00:00+00:00            37.5   0.0      3.35","logger":"task.stdout"}
{"timestamp":"2026-06-28T14:20:10.726177Z","level":"info","event":"    52.52      13.42 2026-06-28 20:00:00+00:00            36.3   0.0      2.10","logger":"task.stdout"}
{"timestamp":"2026-06-28T14:20:10.726658Z","level":"info","event":"    52.52      13.42 2026-06-28 21:00:00+00:00            35.1   0.0      1.00","logger":"task.stdout"}
{"timestamp":"2026-06-28T14:20:10.727064Z","level":"info","event":"    52.52      13.42 2026-06-28 22:00:00+00:00            33.3   0.0      0.35","logger":"task.stdout"}
{"timestamp":"2026-06-28T14:20:10.727569Z","level":"info","event":"    52.52      13.42 2026-06-28 23:00:00+00:00            30.1   0.0      0.00","logger":"task.stdout"}
{"timestamp":"2026-06-28T14:20:10.727943Z","level":"info","event":"    52.52      13.42 2026-06-29 00:00:00+00:00            28.3   0.0      0.00","logger":"task.stdout"}
{"timestamp":"2026-06-28T14:20:10.728311Z","level":"info","event":"    52.52      13.42 2026-06-29 01:00:00+00:00            26.7   0.0      0.00","logger":"task.stdout"}
{"timestamp":"2026-06-28T14:20:10.728712Z","level":"info","event":"    52.52      13.42 2026-06-29 02:00:00+00:00            25.3   0.0      0.00","logger":"task.stdout"}
{"timestamp":"2026-06-28T14:20:10.729096Z","level":"info","event":"    52.52      13.42 2026-06-29 03:00:00+00:00            24.5   0.0      0.00","logger":"task.stdout"}
{"timestamp":"2026-06-28T14:20:10.729494Z","level":"info","event":"    52.52      13.42 2026-06-29 04:00:00+00:00            24.1   0.0      0.00","logger":"task.stdout"}
{"timestamp":"2026-06-28T14:20:10.729825Z","level":"info","event":"    52.52      13.42 2026-06-29 05:00:00+00:00            24.1   0.0      0.00","logger":"task.stdout"}
{"timestamp":"2026-06-28T14:20:10.730156Z","level":"info","event":"    52.52      13.42 2026-06-29 06:00:00+00:00            24.2   0.0      0.00","logger":"task.stdout"}
{"timestamp":"2026-06-28T14:20:10.730456Z","level":"info","event":"    52.52      13.42 2026-06-29 07:00:00+00:00            24.3   0.0      0.20","logger":"task.stdout"}
{"timestamp":"2026-06-28T14:20:10.730726Z","level":"info","event":"    52.52      13.42 2026-06-29 08:00:00+00:00            24.7   0.0      0.80","logger":"task.stdout"}
{"timestamp":"2026-06-28T14:20:10.731046Z","level":"info","event":"    52.52      13.42 2026-06-29 09:00:00+00:00            25.5   0.0      1.05","logger":"task.stdout"}
{"timestamp":"2026-06-28T14:20:10.731462Z","level":"info","event":"    52.52      13.42 2026-06-29 10:00:00+00:00            26.7   0.0      2.30","logger":"task.stdout"}
{"timestamp":"2026-06-28T14:20:10.731807Z","level":"info","event":"    52.52      13.42 2026-06-29 11:00:00+00:00            28.0   0.0      3.70","logger":"task.stdout"}
{"timestamp":"2026-06-28T14:20:10.732163Z","level":"info","event":"    52.52      13.42 2026-06-29 12:00:00+00:00            28.8   0.0      3.25","logger":"task.stdout"}
{"timestamp":"2026-06-28T14:20:10.732943Z","level":"info","event":"    52.52      13.42 2026-06-29 13:00:00+00:00            29.3   0.0      1.30","logger":"task.stdout"}
{"timestamp":"2026-06-28T14:20:10.733312Z","level":"info","event":"    52.52      13.42 2026-06-29 14:00:00+00:00            29.9   0.0      3.75","logger":"task.stdout"}
{"timestamp":"2026-06-28T14:20:10.733642Z","level":"info","event":"    52.52      13.42 2026-06-29 15:00:00+00:00            25.7   0.0      2.85","logger":"task.stdout"}
{"timestamp":"2026-06-28T14:20:10.734572Z","level":"info","event":"    52.52      13.42 2026-06-29 16:00:00+00:00            25.9   0.0      1.00","logger":"task.stdout"}
{"timestamp":"2026-06-28T14:20:10.735172Z","level":"info","event":"    52.52      13.42 2026-06-29 17:00:00+00:00            25.1   0.0      0.55","logger":"task.stdout"}
{"timestamp":"2026-06-28T14:20:10.735572Z","level":"info","event":"    52.52      13.42 2026-06-29 18:00:00+00:00            23.7   0.0      0.50","logger":"task.stdout"}
{"timestamp":"2026-06-28T14:20:10.735973Z","level":"info","event":"    52.52      13.42 2026-06-29 19:00:00+00:00            21.6   0.1      0.30","logger":"task.stdout"}
{"timestamp":"2026-06-28T14:20:10.736352Z","level":"info","event":"    52.52      13.42 2026-06-29 20:00:00+00:00            21.3   0.0      0.55","logger":"task.stdout"}
{"timestamp":"2026-06-28T14:20:10.736719Z","level":"info","event":"    52.52      13.42 2026-06-29 21:00:00+00:00            20.9   0.0      0.80","logger":"task.stdout"}
{"timestamp":"2026-06-28T14:20:10.737120Z","level":"info","event":"    52.52      13.42 2026-06-29 22:00:00+00:00            20.4  10.6      0.20","logger":"task.stdout"}
{"timestamp":"2026-06-28T14:20:10.737483Z","level":"info","event":"    52.52      13.42 2026-06-29 23:00:00+00:00            20.5   1.1      0.00","logger":"task.stdout"}
{"timestamp":"2026-06-28T14:20:10.737854Z","level":"info","event":"    52.52      13.42 2026-06-30 00:00:00+00:00            20.3   0.7      0.00","logger":"task.stdout"}
{"timestamp":"2026-06-28T14:20:10.738223Z","level":"info","event":"    52.52      13.42 2026-06-30 01:00:00+00:00            19.9   0.0      0.00","logger":"task.stdout"}
{"timestamp":"2026-06-28T14:20:10.738728Z","level":"info","event":"    52.52      13.42 2026-06-30 02:00:00+00:00            19.8   0.0      0.00","logger":"task.stdout"}
{"timestamp":"2026-06-28T14:20:10.739097Z","level":"info","event":"    52.52      13.42 2026-06-30 03:00:00+00:00            19.6   0.0      0.00","logger":"task.stdout"}
{"timestamp":"2026-06-28T14:20:10.739472Z","level":"info","event":"    52.52      13.42 2026-06-30 04:00:00+00:00            19.5   0.0      0.00","logger":"task.stdout"}
{"timestamp":"2026-06-28T14:20:10.740213Z","level":"info","event":"    52.52      13.42 2026-06-30 05:00:00+00:00            19.6   0.0      0.00","logger":"task.stdout"}
{"timestamp":"2026-06-28T14:20:10.740553Z","level":"info","event":"    52.52      13.42 2026-06-30 06:00:00+00:00            19.5   0.0      0.00","logger":"task.stdout"}
{"timestamp":"2026-06-28T14:20:10.740938Z","level":"info","event":"    52.52      13.42 2026-06-30 07:00:00+00:00            19.4   0.0      0.10","logger":"task.stdout"}
{"timestamp":"2026-06-28T14:20:10.741365Z","level":"info","event":"    52.52      13.42 2026-06-30 08:00:00+00:00            19.4   0.0      0.65","logger":"task.stdout"}
{"timestamp":"2026-06-28T14:20:10.741791Z","level":"info","event":"    52.52      13.42 2026-06-30 09:00:00+00:00            19.9   0.0      1.55","logger":"task.stdout"}
{"timestamp":"2026-06-28T14:20:10.742305Z","level":"info","event":"    52.52      13.42 2026-06-30 10:00:00+00:00            20.4   0.0      2.60","logger":"task.stdout"}
{"timestamp":"2026-06-28T14:20:10.742956Z","level":"info","event":"    52.52      13.42 2026-06-30 11:00:00+00:00            21.4   0.0      3.30","logger":"task.stdout"}
{"timestamp":"2026-06-28T14:20:10.743481Z","level":"info","event":"    52.52      13.42 2026-06-30 12:00:00+00:00            22.6   0.0      4.40","logger":"task.stdout"}
{"timestamp":"2026-06-28T14:20:10.743814Z","level":"info","event":"    52.52      13.42 2026-06-30 13:00:00+00:00            24.2   0.0      5.30","logger":"task.stdout"}
{"timestamp":"2026-06-28T14:20:10.744228Z","level":"info","event":"    52.52      13.42 2026-06-30 14:00:00+00:00            25.6   0.0      2.55","logger":"task.stdout"}
{"timestamp":"2026-06-28T14:20:10.744553Z","level":"info","event":"    52.52      13.42 2026-06-30 15:00:00+00:00            26.9   0.0      4.80","logger":"task.stdout"}
{"timestamp":"2026-06-28T14:20:10.744902Z","level":"info","event":"    52.52      13.42 2026-06-30 16:00:00+00:00            27.6   0.0      3.20","logger":"task.stdout"}
{"timestamp":"2026-06-28T14:20:10.745255Z","level":"info","event":"    52.52      13.42 2026-06-30 17:00:00+00:00            27.8   0.0      0.70","logger":"task.stdout"}
{"timestamp":"2026-06-28T14:20:10.745569Z","level":"info","event":"    52.52      13.42 2026-06-30 18:00:00+00:00            27.3   0.0      1.90","logger":"task.stdout"}
{"timestamp":"2026-06-28T14:20:10.745909Z","level":"info","event":"    52.52      13.42 2026-06-30 19:00:00+00:00            26.9   0.0      1.25","logger":"task.stdout"}
{"timestamp":"2026-06-28T14:20:10.746233Z","level":"info","event":"    52.52      13.42 2026-06-30 20:00:00+00:00            26.5   0.0      0.30","logger":"task.stdout"}
{"timestamp":"2026-06-28T14:20:10.746516Z","level":"info","event":"    52.52      13.42 2026-06-30 21:00:00+00:00            25.9   0.0      0.30","logger":"task.stdout"}
{"timestamp":"2026-06-28T14:20:10.746790Z","level":"info","event":"    52.52      13.42 2026-06-30 22:00:00+00:00            24.7   0.0      0.05","logger":"task.stdout"}
{"timestamp":"2026-06-28T14:20:10.747102Z","level":"info","event":"    52.52      13.42 2026-06-30 23:00:00+00:00            23.5   0.0      0.00","logger":"task.stdout"}
{"timestamp":"2026-06-28T14:20:10.747725Z","level":"info","event":"    52.52      13.42 2026-07-01 00:00:00+00:00            22.7   0.0      0.00","logger":"task.stdout"}
{"timestamp":"2026-06-28T14:20:10.748004Z","level":"info","event":"    52.52      13.42 2026-07-01 01:00:00+00:00            22.2   0.0      0.00","logger":"task.stdout"}
{"timestamp":"2026-06-28T14:20:10.748278Z","level":"info","event":"    52.52      13.42 2026-07-01 02:00:00+00:00            21.8   0.0      0.00","logger":"task.stdout"}
{"timestamp":"2026-06-28T14:20:10.748687Z","level":"info","event":"    52.52      13.42 2026-07-01 03:00:00+00:00            21.1   0.0      0.00","logger":"task.stdout"}
{"timestamp":"2026-06-28T14:20:10.749347Z","level":"info","event":"    52.52      13.42 2026-07-01 04:00:00+00:00            20.8   0.0      0.00","logger":"task.stdout"}
{"timestamp":"2026-06-28T14:20:10.749634Z","level":"info","event":"    52.52      13.42 2026-07-01 05:00:00+00:00            20.7   0.0      0.00","logger":"task.stdout"}
{"timestamp":"2026-06-28T14:20:10.749906Z","level":"info","event":"    52.52      13.42 2026-07-01 06:00:00+00:00            20.5   0.0      0.00","logger":"task.stdout"}
{"timestamp":"2026-06-28T14:20:10.750371Z","level":"info","event":"    52.52      13.42 2026-07-01 07:00:00+00:00            20.3   0.0      0.05","logger":"task.stdout"}
{"timestamp":"2026-06-28T14:20:10.750771Z","level":"info","event":"    52.52      13.42 2026-07-01 08:00:00+00:00            19.0   0.0      0.15","logger":"task.stdout"}
{"timestamp":"2026-06-28T14:20:10.751099Z","level":"info","event":"    52.52      13.42 2026-07-01 09:00:00+00:00            19.3   0.0      0.70","logger":"task.stdout"}
{"timestamp":"2026-06-28T14:20:10.751485Z","level":"info","event":"    52.52      13.42 2026-07-01 10:00:00+00:00            20.2   0.0      1.00","logger":"task.stdout"}
{"timestamp":"2026-06-28T14:20:10.751982Z","level":"info","event":"    52.52      13.42 2026-07-01 11:00:00+00:00            20.9   0.0      1.85","logger":"task.stdout"}
{"timestamp":"2026-06-28T14:20:10.752387Z","level":"info","event":"    52.52      13.42 2026-07-01 12:00:00+00:00            21.3   0.0      3.00","logger":"task.stdout"}
{"timestamp":"2026-06-28T14:20:10.752742Z","level":"info","event":"    52.52      13.42 2026-07-01 13:00:00+00:00            21.6   0.0      2.80","logger":"task.stdout"}
{"timestamp":"2026-06-28T14:20:10.753169Z","level":"info","event":"    52.52      13.42 2026-07-01 14:00:00+00:00            22.5   0.0      4.65","logger":"task.stdout"}
{"timestamp":"2026-06-28T14:20:10.753511Z","level":"info","event":"    52.52      13.42 2026-07-01 15:00:00+00:00            23.2   0.0      5.10","logger":"task.stdout"}
{"timestamp":"2026-06-28T14:20:10.753801Z","level":"info","event":"    52.52      13.42 2026-07-01 16:00:00+00:00            23.7   0.0      5.95","logger":"task.stdout"}
{"timestamp":"2026-06-28T14:20:10.754113Z","level":"info","event":"    52.52      13.42 2026-07-01 17:00:00+00:00            24.0   0.0      4.05","logger":"task.stdout"}
{"timestamp":"2026-06-28T14:20:10.754484Z","level":"info","event":"    52.52      13.42 2026-07-01 18:00:00+00:00            24.1   0.0      2.35","logger":"task.stdout"}
{"timestamp":"2026-06-28T14:20:10.755140Z","level":"info","event":"    52.52      13.42 2026-07-01 19:00:00+00:00            23.8   0.0      1.20","logger":"task.stdout"}
{"timestamp":"2026-06-28T14:20:10.755480Z","level":"info","event":"    52.52      13.42 2026-07-01 20:00:00+00:00            23.2   0.0      0.50","logger":"task.stdout"}
{"timestamp":"2026-06-28T14:20:10.755808Z","level":"info","event":"    52.52      13.42 2026-07-01 21:00:00+00:00            22.5   0.0      0.25","logger":"task.stdout"}
{"timestamp":"2026-06-28T14:20:10.756379Z","level":"info","event":"    52.52      13.42 2026-07-01 22:00:00+00:00            21.5   0.0      0.25","logger":"task.stdout"}
{"timestamp":"2026-06-28T14:20:10.757176Z","level":"info","event":"    52.52      13.42 2026-07-01 23:00:00+00:00            20.5   0.0      0.00","logger":"task.stdout"}
{"timestamp":"2026-06-28T14:20:10.757733Z","level":"info","event":"    52.52      13.42 2026-07-02 00:00:00+00:00            19.5   0.0      0.00","logger":"task.stdout"}
{"timestamp":"2026-06-28T14:20:10.758537Z","level":"info","event":"    52.52      13.42 2026-07-02 01:00:00+00:00            18.7   0.0      0.00","logger":"task.stdout"}
{"timestamp":"2026-06-28T14:20:10.759228Z","level":"info","event":"    52.52      13.42 2026-07-02 02:00:00+00:00            18.0   0.0      0.00","logger":"task.stdout"}
{"timestamp":"2026-06-28T14:20:10.759740Z","level":"info","event":"    52.52      13.42 2026-07-02 03:00:00+00:00            17.5   0.0      0.00","logger":"task.stdout"}
{"timestamp":"2026-06-28T14:20:10.760186Z","level":"info","event":"","logger":"task.stdout"}
{"timestamp":"2026-06-28T14:20:10.760542Z","level":"info","event":"============================================================","logger":"task.stdout"}
{"timestamp":"2026-06-28T14:20:10.760939Z","level":"info","event":"","logger":"task.stdout"}
{"timestamp":"2026-06-28T14:20:10.716623Z","level":"info","event":"Done. Returned value was: None","try_number":1,"ti_id":"019f0e99-fcdc-764e-a084-9c2f4504d3d7","dag_id":"dag01","task_id":"PRELOAD01","map_index":-1,"run_id":"scheduled__2026-06-28T14:20:00+00:00","logger":"airflow.task.operators.airflow.providers.standard.operators.python.PythonOperator","filename":"python.py","lineno":233}
{"timestamp":"2026-06-28T14:20:10.716858Z","level":"info","event":"::group::Post Execute","try_number":1,"ti_id":"019f0e99-fcdc-764e-a084-9c2f4504d3d7","dag_id":"dag01","task_id":"PRELOAD01","map_index":-1,"run_id":"scheduled__2026-06-28T14:20:00+00:00","logger":"task","filename":"task_runner.py","lineno":1288}
{"timestamp":"2026-06-28T14:20:10.811120Z","level":"info","event":"::endgroup::","try_number":1,"ti_id":"019f0e99-fcdc-764e-a084-9c2f4504d3d7","dag_id":"dag01","task_id":"PRELOAD01","map_index":-1,"run_id":"scheduled__2026-06-28T14:20:00+00:00","logger":"task","filename":"task_runner.py","lineno":1896}
{"timestamp":"2026-06-28T14:25:54.272167Z","level":"info","event":"::group::Pre Execute","logger":"task","filename":"task_runner.py","lineno":1926}
{"timestamp":"2026-06-28T14:25:54.316194Z","level":"info","event":"DAG bundles loaded: dags-folder","try_number":1,"ti_id":"019f0e9f-51af-78d4-8ca4-95b1175f9c4e","dag_id":"dag01","task_id":"PRELOAD01","map_index":-1,"run_id":"scheduled__2026-06-28T14:20:00+00:00","logger":"airflow.dag_processing.bundles.manager.DagBundlesManager","filename":"manager.py","lineno":209}
{"timestamp":"2026-06-28T14:25:54.318287Z","level":"info","event":"Filling up the DagBag from /opt/airflow/dags/dag01.py","try_number":1,"ti_id":"019f0e9f-51af-78d4-8ca4-95b1175f9c4e","dag_id":"dag01","task_id":"PRELOAD01","map_index":-1,"run_id":"scheduled__2026-06-28T14:20:00+00:00","logger":"airflow.dag_processing.dagbag.BundleDagBag","filename":"dagbag.py","lineno":469}
{"timestamp":"2026-06-28T14:25:54.961587Z","level":"info","event":"::endgroup::","try_number":1,"ti_id":"019f0e9f-51af-78d4-8ca4-95b1175f9c4e","dag_id":"dag01","task_id":"PRELOAD01","map_index":-1,"run_id":"scheduled__2026-06-28T14:20:00+00:00","logger":"task","filename":"task_runner.py","lineno":1727}
{"timestamp":"2026-06-28T14:25:55.026344Z","level":"info","event":"Database connection established successfully.","logger":"src.database.connection","try_number":1,"ti_id":"019f0e9f-51af-78d4-8ca4-95b1175f9c4e","dag_id":"dag01","task_id":"PRELOAD01","map_index":-1,"run_id":"scheduled__2026-06-28T14:20:00+00:00","filename":"connection.py","lineno":35}
{"timestamp":"2026-06-28T14:25:55.031309Z","level":"info","event":"Comparing 168 new rows against weather_forecasts for (lat=52.52000, lon=13.42000) from 2026-06-28 00:00:00+00:00 to 2026-07-04 23:00:00+00:00","logger":"src.etl.compare","try_number":1,"ti_id":"019f0e9f-51af-78d4-8ca4-95b1175f9c4e","dag_id":"dag01","task_id":"PRELOAD01","map_index":-1,"run_id":"scheduled__2026-06-28T14:20:00+00:00","filename":"compare.py","lineno":222}
{"timestamp":"2026-06-28T14:25:55.058093Z","level":"info","event":"No existing rows in DB for this window — all 168 rows are new.","logger":"src.etl.compare","try_number":1,"ti_id":"019f0e9f-51af-78d4-8ca4-95b1175f9c4e","dag_id":"dag01","task_id":"PRELOAD01","map_index":-1,"run_id":"scheduled__2026-06-28T14:20:00+00:00","filename":"compare.py","lineno":237}
{"timestamp":"2026-06-28T14:25:55.060270Z","level":"info","event":"","logger":"task.stdout"}
{"timestamp":"2026-06-28T14:25:55.060842Z","level":"info","event":"============================================================","logger":"task.stdout"}
{"timestamp":"2026-06-28T14:25:55.061275Z","level":"info","event":"  WEATHER_FORECASTS — COMPARE REPORT","logger":"task.stdout"}
{"timestamp":"2026-06-28T14:25:55.061691Z","level":"info","event":"============================================================","logger":"task.stdout"}
{"timestamp":"2026-06-28T14:25:55.062122Z","level":"info","event":"  New batch rows   :    168","logger":"task.stdout"}
{"timestamp":"2026-06-28T14:25:55.062510Z","level":"info","event":"  DB rows (window) :      0","logger":"task.stdout"}
{"timestamp":"2026-06-28T14:25:55.062866Z","level":"info","event":"============================================================","logger":"task.stdout"}
{"timestamp":"2026-06-28T14:25:55.063241Z","level":"info","event":"  🟢 New (to insert)  :    168","logger":"task.stdout"}
{"timestamp":"2026-06-28T14:25:55.063648Z","level":"info","event":"  ✅ Existing (match) :      0","logger":"task.stdout"}
{"timestamp":"2026-06-28T14:25:55.064037Z","level":"info","event":"  🟡 Changed (drift)  :      0","logger":"task.stdout"}
{"timestamp":"2026-06-28T14:25:55.064740Z","level":"info","event":"  🔴 Stale (DB only)  :      0","logger":"task.stdout"}
{"timestamp":"2026-06-28T14:25:55.065162Z","level":"info","event":"============================================================","logger":"task.stdout"}
{"timestamp":"2026-06-28T14:25:55.065628Z","level":"info","event":"","logger":"task.stdout"}
{"timestamp":"2026-06-28T14:25:55.066458Z","level":"info","event":"── New rows (first 100) ──","logger":"task.stdout"}
{"timestamp":"2026-06-28T14:25:55.081978Z","level":"info","event":" latitude  longitude             forecast_time  temperature_2m  rain  uv_index","logger":"task.stdout"}
{"timestamp":"2026-06-28T14:25:55.082595Z","level":"info","event":"    52.52      13.42 2026-06-28 00:00:00+00:00            29.2   0.0      0.00","logger":"task.stdout"}
{"timestamp":"2026-06-28T14:25:55.082970Z","level":"info","event":"    52.52      13.42 2026-06-28 01:00:00+00:00            29.9   0.0      0.00","logger":"task.stdout"}
{"timestamp":"2026-06-28T14:25:55.083341Z","level":"info","event":"    52.52      13.42 2026-06-28 02:00:00+00:00            29.7   0.0      0.00","logger":"task.stdout"}
{"timestamp":"2026-06-28T14:25:55.083770Z","level":"info","event":"    52.52      13.42 2026-06-28 03:00:00+00:00            29.4   0.0      0.00","logger":"task.stdout"}
{"timestamp":"2026-06-28T14:25:55.084168Z","level":"info","event":"    52.52      13.42 2026-06-28 04:00:00+00:00            28.4   0.0      0.00","logger":"task.stdout"}
{"timestamp":"2026-06-28T14:25:55.084542Z","level":"info","event":"    52.52      13.42 2026-06-28 05:00:00+00:00            27.9   0.0      0.00","logger":"task.stdout"}
{"timestamp":"2026-06-28T14:25:55.084982Z","level":"info","event":"    52.52      13.42 2026-06-28 06:00:00+00:00            27.0   0.0      0.00","logger":"task.stdout"}
{"timestamp":"2026-06-28T14:25:55.085427Z","level":"info","event":"    52.52      13.42 2026-06-28 07:00:00+00:00            26.6   0.0      0.20","logger":"task.stdout"}
{"timestamp":"2026-06-28T14:25:55.085818Z","level":"info","event":"    52.52      13.42 2026-06-28 08:00:00+00:00            27.1   0.0      0.80","logger":"task.stdout"}
{"timestamp":"2026-06-28T14:25:55.086194Z","level":"info","event":"    52.52      13.42 2026-06-28 09:00:00+00:00            28.1   0.0      1.75","logger":"task.stdout"}
{"timestamp":"2026-06-28T14:25:55.086840Z","level":"info","event":"    52.52      13.42 2026-06-28 10:00:00+00:00            29.8   0.0      2.75","logger":"task.stdout"}
{"timestamp":"2026-06-28T14:25:55.087255Z","level":"info","event":"    52.52      13.42 2026-06-28 11:00:00+00:00            30.8   0.0      3.75","logger":"task.stdout"}
{"timestamp":"2026-06-28T14:25:55.087643Z","level":"info","event":"    52.52      13.42 2026-06-28 12:00:00+00:00            32.7   0.0      5.20","logger":"task.stdout"}
{"timestamp":"2026-06-28T14:25:55.088265Z","level":"info","event":"    52.52      13.42 2026-06-28 13:00:00+00:00            34.4   0.0      5.00","logger":"task.stdout"}
{"timestamp":"2026-06-28T14:25:55.088731Z","level":"info","event":"    52.52      13.42 2026-06-28 14:00:00+00:00            36.0   0.0      3.90","logger":"task.stdout"}
{"timestamp":"2026-06-28T14:25:55.089140Z","level":"info","event":"    52.52      13.42 2026-06-28 15:00:00+00:00            37.2   0.0      6.50","logger":"task.stdout"}
{"timestamp":"2026-06-28T14:25:55.089787Z","level":"info","event":"    52.52      13.42 2026-06-28 16:00:00+00:00            38.1   0.0      6.20","logger":"task.stdout"}
{"timestamp":"2026-06-28T14:25:55.090153Z","level":"info","event":"    52.52      13.42 2026-06-28 17:00:00+00:00            38.4   0.0      5.75","logger":"task.stdout"}
{"timestamp":"2026-06-28T14:25:55.090562Z","level":"info","event":"    52.52      13.42 2026-06-28 18:00:00+00:00            37.9   0.0      4.65","logger":"task.stdout"}
{"timestamp":"2026-06-28T14:25:55.090962Z","level":"info","event":"    52.52      13.42 2026-06-28 19:00:00+00:00            37.5   0.0      3.35","logger":"task.stdout"}
{"timestamp":"2026-06-28T14:25:55.091422Z","level":"info","event":"    52.52      13.42 2026-06-28 20:00:00+00:00            36.3   0.0      2.10","logger":"task.stdout"}
{"timestamp":"2026-06-28T14:25:55.092008Z","level":"info","event":"    52.52      13.42 2026-06-28 21:00:00+00:00            35.1   0.0      1.00","logger":"task.stdout"}
{"timestamp":"2026-06-28T14:25:55.092498Z","level":"info","event":"    52.52      13.42 2026-06-28 22:00:00+00:00            33.3   0.0      0.35","logger":"task.stdout"}
{"timestamp":"2026-06-28T14:25:55.093008Z","level":"info","event":"    52.52      13.42 2026-06-28 23:00:00+00:00            30.1   0.0      0.00","logger":"task.stdout"}
{"timestamp":"2026-06-28T14:25:55.093392Z","level":"info","event":"    52.52      13.42 2026-06-29 00:00:00+00:00            28.3   0.0      0.00","logger":"task.stdout"}
{"timestamp":"2026-06-28T14:25:55.093791Z","level":"info","event":"    52.52      13.42 2026-06-29 01:00:00+00:00            26.7   0.0      0.00","logger":"task.stdout"}
{"timestamp":"2026-06-28T14:25:55.094370Z","level":"info","event":"    52.52      13.42 2026-06-29 02:00:00+00:00            25.3   0.0      0.00","logger":"task.stdout"}
{"timestamp":"2026-06-28T14:25:55.094720Z","level":"info","event":"    52.52      13.42 2026-06-29 03:00:00+00:00            24.5   0.0      0.00","logger":"task.stdout"}
{"timestamp":"2026-06-28T14:25:55.095050Z","level":"info","event":"    52.52      13.42 2026-06-29 04:00:00+00:00            24.1   0.0      0.00","logger":"task.stdout"}
{"timestamp":"2026-06-28T14:25:55.095549Z","level":"info","event":"    52.52      13.42 2026-06-29 05:00:00+00:00            24.1   0.0      0.00","logger":"task.stdout"}
{"timestamp":"2026-06-28T14:25:55.096195Z","level":"info","event":"    52.52      13.42 2026-06-29 06:00:00+00:00            24.2   0.0      0.00","logger":"task.stdout"}
{"timestamp":"2026-06-28T14:25:55.096602Z","level":"info","event":"    52.52      13.42 2026-06-29 07:00:00+00:00            24.3   0.0      0.20","logger":"task.stdout"}
{"timestamp":"2026-06-28T14:25:55.097124Z","level":"info","event":"    52.52      13.42 2026-06-29 08:00:00+00:00            24.7   0.0      0.80","logger":"task.stdout"}
{"timestamp":"2026-06-28T14:25:55.097543Z","level":"info","event":"    52.52      13.42 2026-06-29 09:00:00+00:00            25.5   0.0      1.05","logger":"task.stdout"}
{"timestamp":"2026-06-28T14:25:55.097848Z","level":"info","event":"    52.52      13.42 2026-06-29 10:00:00+00:00            26.7   0.0      2.30","logger":"task.stdout"}
{"timestamp":"2026-06-28T14:25:55.098211Z","level":"info","event":"    52.52      13.42 2026-06-29 11:00:00+00:00            28.0   0.0      3.70","logger":"task.stdout"}
{"timestamp":"2026-06-28T14:25:55.098574Z","level":"info","event":"    52.52      13.42 2026-06-29 12:00:00+00:00            28.8   0.0      3.25","logger":"task.stdout"}
{"timestamp":"2026-06-28T14:25:55.098915Z","level":"info","event":"    52.52      13.42 2026-06-29 13:00:00+00:00            29.3   0.0      1.30","logger":"task.stdout"}
{"timestamp":"2026-06-28T14:25:55.099260Z","level":"info","event":"    52.52      13.42 2026-06-29 14:00:00+00:00            29.9   0.0      3.75","logger":"task.stdout"}
{"timestamp":"2026-06-28T14:25:55.099615Z","level":"info","event":"    52.52      13.42 2026-06-29 15:00:00+00:00            25.7   0.0      2.85","logger":"task.stdout"}
{"timestamp":"2026-06-28T14:25:55.100092Z","level":"info","event":"    52.52      13.42 2026-06-29 16:00:00+00:00            25.9   0.0      1.00","logger":"task.stdout"}
{"timestamp":"2026-06-28T14:25:55.100441Z","level":"info","event":"    52.52      13.42 2026-06-29 17:00:00+00:00            25.1   0.0      0.55","logger":"task.stdout"}
{"timestamp":"2026-06-28T14:25:55.100779Z","level":"info","event":"    52.52      13.42 2026-06-29 18:00:00+00:00            23.7   0.0      0.50","logger":"task.stdout"}
{"timestamp":"2026-06-28T14:25:55.101097Z","level":"info","event":"    52.52      13.42 2026-06-29 19:00:00+00:00            21.6   0.1      0.30","logger":"task.stdout"}
{"timestamp":"2026-06-28T14:25:55.101604Z","level":"info","event":"    52.52      13.42 2026-06-29 20:00:00+00:00            21.3   0.0      0.55","logger":"task.stdout"}
{"timestamp":"2026-06-28T14:25:55.101936Z","level":"info","event":"    52.52      13.42 2026-06-29 21:00:00+00:00            20.9   0.0      0.80","logger":"task.stdout"}
{"timestamp":"2026-06-28T14:25:55.102272Z","level":"info","event":"    52.52      13.42 2026-06-29 22:00:00+00:00            20.4  10.6      0.20","logger":"task.stdout"}
{"timestamp":"2026-06-28T14:25:55.102695Z","level":"info","event":"    52.52      13.42 2026-06-29 23:00:00+00:00            20.5   1.1      0.00","logger":"task.stdout"}
{"timestamp":"2026-06-28T14:25:55.103265Z","level":"info","event":"    52.52      13.42 2026-06-30 00:00:00+00:00            20.3   0.7      0.00","logger":"task.stdout"}
{"timestamp":"2026-06-28T14:25:55.103662Z","level":"info","event":"    52.52      13.42 2026-06-30 01:00:00+00:00            19.9   0.0      0.00","logger":"task.stdout"}
{"timestamp":"2026-06-28T14:25:55.104163Z","level":"info","event":"    52.52      13.42 2026-06-30 02:00:00+00:00            19.8   0.0      0.00","logger":"task.stdout"}
{"timestamp":"2026-06-28T14:25:55.104671Z","level":"info","event":"    52.52      13.42 2026-06-30 03:00:00+00:00            19.6   0.0      0.00","logger":"task.stdout"}
{"timestamp":"2026-06-28T14:25:55.105030Z","level":"info","event":"    52.52      13.42 2026-06-30 04:00:00+00:00            19.5   0.0      0.00","logger":"task.stdout"}
{"timestamp":"2026-06-28T14:25:55.105387Z","level":"info","event":"    52.52      13.42 2026-06-30 05:00:00+00:00            19.6   0.0      0.00","logger":"task.stdout"}
{"timestamp":"2026-06-28T14:25:55.105799Z","level":"info","event":"    52.52      13.42 2026-06-30 06:00:00+00:00            19.5   0.0      0.00","logger":"task.stdout"}
{"timestamp":"2026-06-28T14:25:55.106257Z","level":"info","event":"    52.52      13.42 2026-06-30 07:00:00+00:00            19.4   0.0      0.10","logger":"task.stdout"}
{"timestamp":"2026-06-28T14:25:55.106638Z","level":"info","event":"    52.52      13.42 2026-06-30 08:00:00+00:00            19.4   0.0      0.65","logger":"task.stdout"}
{"timestamp":"2026-06-28T14:25:55.107162Z","level":"info","event":"    52.52      13.42 2026-06-30 09:00:00+00:00            19.9   0.0      1.55","logger":"task.stdout"}
{"timestamp":"2026-06-28T14:25:55.107826Z","level":"info","event":"    52.52      13.42 2026-06-30 10:00:00+00:00            20.4   0.0      2.60","logger":"task.stdout"}
{"timestamp":"2026-06-28T14:25:55.108465Z","level":"info","event":"    52.52      13.42 2026-06-30 11:00:00+00:00            21.4   0.0      3.30","logger":"task.stdout"}
{"timestamp":"2026-06-28T14:25:55.109170Z","level":"info","event":"    52.52      13.42 2026-06-30 12:00:00+00:00            22.6   0.0      4.40","logger":"task.stdout"}
{"timestamp":"2026-06-28T14:25:55.109613Z","level":"info","event":"    52.52      13.42 2026-06-30 13:00:00+00:00            24.2   0.0      5.30","logger":"task.stdout"}
{"timestamp":"2026-06-28T14:25:55.109899Z","level":"info","event":"    52.52      13.42 2026-06-30 14:00:00+00:00            25.6   0.0      2.55","logger":"task.stdout"}
{"timestamp":"2026-06-28T14:25:55.110461Z","level":"info","event":"    52.52      13.42 2026-06-30 15:00:00+00:00            26.9   0.0      4.80","logger":"task.stdout"}
{"timestamp":"2026-06-28T14:25:55.110966Z","level":"info","event":"    52.52      13.42 2026-06-30 16:00:00+00:00            27.6   0.0      3.20","logger":"task.stdout"}
{"timestamp":"2026-06-28T14:25:55.111286Z","level":"info","event":"    52.52      13.42 2026-06-30 17:00:00+00:00            27.8   0.0      0.70","logger":"task.stdout"}
{"timestamp":"2026-06-28T14:25:55.111608Z","level":"info","event":"    52.52      13.42 2026-06-30 18:00:00+00:00            27.3   0.0      1.90","logger":"task.stdout"}
{"timestamp":"2026-06-28T14:25:55.112333Z","level":"info","event":"    52.52      13.42 2026-06-30 19:00:00+00:00            26.9   0.0      1.25","logger":"task.stdout"}
{"timestamp":"2026-06-28T14:25:55.112693Z","level":"info","event":"    52.52      13.42 2026-06-30 20:00:00+00:00            26.5   0.0      0.30","logger":"task.stdout"}
{"timestamp":"2026-06-28T14:25:55.113030Z","level":"info","event":"    52.52      13.42 2026-06-30 21:00:00+00:00            25.9   0.0      0.30","logger":"task.stdout"}
{"timestamp":"2026-06-28T14:25:55.113362Z","level":"info","event":"    52.52      13.42 2026-06-30 22:00:00+00:00            24.7   0.0      0.05","logger":"task.stdout"}
{"timestamp":"2026-06-28T14:25:55.113681Z","level":"info","event":"    52.52      13.42 2026-06-30 23:00:00+00:00            23.5   0.0      0.00","logger":"task.stdout"}
{"timestamp":"2026-06-28T14:25:55.114008Z","level":"info","event":"    52.52      13.42 2026-07-01 00:00:00+00:00            22.7   0.0      0.00","logger":"task.stdout"}
{"timestamp":"2026-06-28T14:25:55.114322Z","level":"info","event":"    52.52      13.42 2026-07-01 01:00:00+00:00            22.2   0.0      0.00","logger":"task.stdout"}
{"timestamp":"2026-06-28T14:25:55.114648Z","level":"info","event":"    52.52      13.42 2026-07-01 02:00:00+00:00            21.8   0.0      0.00","logger":"task.stdout"}
{"timestamp":"2026-06-28T14:25:55.114994Z","level":"info","event":"    52.52      13.42 2026-07-01 03:00:00+00:00            21.1   0.0      0.00","logger":"task.stdout"}
{"timestamp":"2026-06-28T14:25:55.115368Z","level":"info","event":"    52.52      13.42 2026-07-01 04:00:00+00:00            20.8   0.0      0.00","logger":"task.stdout"}
{"timestamp":"2026-06-28T14:25:55.115807Z","level":"info","event":"    52.52      13.42 2026-07-01 05:00:00+00:00            20.7   0.0      0.00","logger":"task.stdout"}
{"timestamp":"2026-06-28T14:25:55.116578Z","level":"info","event":"    52.52      13.42 2026-07-01 06:00:00+00:00            20.5   0.0      0.00","logger":"task.stdout"}
{"timestamp":"2026-06-28T14:25:55.117110Z","level":"info","event":"    52.52      13.42 2026-07-01 07:00:00+00:00            20.3   0.0      0.05","logger":"task.stdout"}
{"timestamp":"2026-06-28T14:25:55.118102Z","level":"info","event":"    52.52      13.42 2026-07-01 08:00:00+00:00            19.0   0.0      0.15","logger":"task.stdout"}
{"timestamp":"2026-06-28T14:25:55.118512Z","level":"info","event":"    52.52      13.42 2026-07-01 09:00:00+00:00            19.3   0.0      0.70","logger":"task.stdout"}
{"timestamp":"2026-06-28T14:25:55.119201Z","level":"info","event":"    52.52      13.42 2026-07-01 10:00:00+00:00            20.2   0.0      1.00","logger":"task.stdout"}
{"timestamp":"2026-06-28T14:25:55.119721Z","level":"info","event":"    52.52      13.42 2026-07-01 11:00:00+00:00            20.9   0.0      1.85","logger":"task.stdout"}
{"timestamp":"2026-06-28T14:25:55.120221Z","level":"info","event":"    52.52      13.42 2026-07-01 12:00:00+00:00            21.3   0.0      3.00","logger":"task.stdout"}
{"timestamp":"2026-06-28T14:25:55.120536Z","level":"info","event":"    52.52      13.42 2026-07-01 13:00:00+00:00            21.6   0.0      2.80","logger":"task.stdout"}
{"timestamp":"2026-06-28T14:25:55.120910Z","level":"info","event":"    52.52      13.42 2026-07-01 14:00:00+00:00            22.5   0.0      4.65","logger":"task.stdout"}
{"timestamp":"2026-06-28T14:25:55.121295Z","level":"info","event":"    52.52      13.42 2026-07-01 15:00:00+00:00            23.2   0.0      5.10","logger":"task.stdout"}
{"timestamp":"2026-06-28T14:25:55.121612Z","level":"info","event":"    52.52      13.42 2026-07-01 16:00:00+00:00            23.7   0.0      5.95","logger":"task.stdout"}
{"timestamp":"2026-06-28T14:25:55.121959Z","level":"info","event":"    52.52      13.42 2026-07-01 17:00:00+00:00            24.0   0.0      4.05","logger":"task.stdout"}
{"timestamp":"2026-06-28T14:25:55.122367Z","level":"info","event":"    52.52      13.42 2026-07-01 18:00:00+00:00            24.1   0.0      2.35","logger":"task.stdout"}
{"timestamp":"2026-06-28T14:25:55.122916Z","level":"info","event":"    52.52      13.42 2026-07-01 19:00:00+00:00            23.8   0.0      1.20","logger":"task.stdout"}
{"timestamp":"2026-06-28T14:25:55.123335Z","level":"info","event":"    52.52      13.42 2026-07-01 20:00:00+00:00            23.2   0.0      0.50","logger":"task.stdout"}
{"timestamp":"2026-06-28T14:25:55.124012Z","level":"info","event":"    52.52      13.42 2026-07-01 21:00:00+00:00            22.5   0.0      0.25","logger":"task.stdout"}
{"timestamp":"2026-06-28T14:25:55.124667Z","level":"info","event":"    52.52      13.42 2026-07-01 22:00:00+00:00            21.5   0.0      0.25","logger":"task.stdout"}
{"timestamp":"2026-06-28T14:25:55.125228Z","level":"info","event":"    52.52      13.42 2026-07-01 23:00:00+00:00            20.5   0.0      0.00","logger":"task.stdout"}
{"timestamp":"2026-06-28T14:25:55.125991Z","level":"info","event":"    52.52      13.42 2026-07-02 00:00:00+00:00            19.5   0.0      0.00","logger":"task.stdout"}
{"timestamp":"2026-06-28T14:25:55.126370Z","level":"info","event":"    52.52      13.42 2026-07-02 01:00:00+00:00            18.7   0.0      0.00","logger":"task.stdout"}
{"timestamp":"2026-06-28T14:25:55.126858Z","level":"info","event":"    52.52      13.42 2026-07-02 02:00:00+00:00            18.0   0.0      0.00","logger":"task.stdout"}
{"timestamp":"2026-06-28T14:25:55.127190Z","level":"info","event":"    52.52      13.42 2026-07-02 03:00:00+00:00            17.5   0.0      0.00","logger":"task.stdout"}
{"timestamp":"2026-06-28T14:25:55.127549Z","level":"info","event":"","logger":"task.stdout"}
{"timestamp":"2026-06-28T14:25:55.128022Z","level":"info","event":"============================================================","logger":"task.stdout"}
{"timestamp":"2026-06-28T14:25:55.128404Z","level":"info","event":"","logger":"task.stdout"}
{"timestamp":"2026-06-28T14:25:55.164634Z","level":"info","event":"Done. Returned value was: None","try_number":1,"ti_id":"019f0e9f-51af-78d4-8ca4-95b1175f9c4e","dag_id":"dag01","task_id":"PRELOAD01","map_index":-1,"run_id":"scheduled__2026-06-28T14:20:00+00:00","logger":"airflow.task.operators.airflow.providers.standard.operators.python.PythonOperator","filename":"python.py","lineno":233}
{"timestamp":"2026-06-28T14:25:55.164884Z","level":"info","event":"::group::Post Execute","try_number":1,"ti_id":"019f0e9f-51af-78d4-8ca4-95b1175f9c4e","dag_id":"dag01","task_id":"PRELOAD01","map_index":-1,"run_id":"scheduled__2026-06-28T14:20:00+00:00","logger":"task","filename":"task_runner.py","lineno":1288}
{"timestamp":"2026-06-28T14:25:55.210612Z","level":"info","event":"::endgroup::","try_number":1,"ti_id":"019f0e9f-51af-78d4-8ca4-95b1175f9c4e","dag_id":"dag01","task_id":"PRELOAD01","map_index":-1,"run_id":"scheduled__2026-06-28T14:20:00+00:00","logger":"task","filename":"task_runner.py","lineno":1896}
{"timestamp":"2026-06-28T14:28:46.952314Z","level":"info","event":"::group::Pre Execute","logger":"task","filename":"task_runner.py","lineno":1926}
{"timestamp":"2026-06-28T14:28:46.992481Z","level":"info","event":"DAG bundles loaded: dags-folder","run_id":"scheduled__2026-06-28T14:20:00+00:00","dag_id":"dag01","try_number":1,"ti_id":"019f0ea1-f905-7b01-be3e-8845a759fbaa","map_index":-1,"task_id":"PRELOAD01","logger":"airflow.dag_processing.bundles.manager.DagBundlesManager","filename":"manager.py","lineno":209}
{"timestamp":"2026-06-28T14:28:46.995129Z","level":"info","event":"Filling up the DagBag from /opt/airflow/dags/dag01.py","run_id":"scheduled__2026-06-28T14:20:00+00:00","dag_id":"dag01","try_number":1,"ti_id":"019f0ea1-f905-7b01-be3e-8845a759fbaa","map_index":-1,"task_id":"PRELOAD01","logger":"airflow.dag_processing.dagbag.BundleDagBag","filename":"dagbag.py","lineno":469}
{"timestamp":"2026-06-28T14:28:47.745106Z","level":"info","event":"::endgroup::","run_id":"scheduled__2026-06-28T14:20:00+00:00","dag_id":"dag01","try_number":1,"ti_id":"019f0ea1-f905-7b01-be3e-8845a759fbaa","map_index":-1,"task_id":"PRELOAD01","logger":"task","filename":"task_runner.py","lineno":1727}
{"timestamp":"2026-06-28T14:28:47.831843Z","level":"info","event":"Database connection established successfully.","logger":"src.database.connection","run_id":"scheduled__2026-06-28T14:20:00+00:00","dag_id":"dag01","try_number":1,"ti_id":"019f0ea1-f905-7b01-be3e-8845a759fbaa","map_index":-1,"task_id":"PRELOAD01","filename":"connection.py","lineno":35}
{"timestamp":"2026-06-28T14:28:47.835136Z","level":"info","event":"Comparing 168 new rows against weather_forecasts for (lat=52.52000, lon=13.42000) from 2026-06-28 00:00:00+00:00 to 2026-07-04 23:00:00+00:00","logger":"src.etl.compare","run_id":"scheduled__2026-06-28T14:20:00+00:00","dag_id":"dag01","try_number":1,"ti_id":"019f0ea1-f905-7b01-be3e-8845a759fbaa","map_index":-1,"task_id":"PRELOAD01","filename":"compare.py","lineno":222}
{"timestamp":"2026-06-28T14:28:47.857413Z","level":"info","event":"No existing rows in DB for this window — all 168 rows are new.","logger":"src.etl.compare","run_id":"scheduled__2026-06-28T14:20:00+00:00","dag_id":"dag01","try_number":1,"ti_id":"019f0ea1-f905-7b01-be3e-8845a759fbaa","map_index":-1,"task_id":"PRELOAD01","filename":"compare.py","lineno":237}
{"timestamp":"2026-06-28T14:28:47.858506Z","level":"info","event":"","logger":"task.stdout"}
{"timestamp":"2026-06-28T14:28:47.858816Z","level":"info","event":"============================================================","logger":"task.stdout"}
{"timestamp":"2026-06-28T14:28:47.859161Z","level":"info","event":"  WEATHER_FORECASTS — COMPARE REPORT","logger":"task.stdout"}
{"timestamp":"2026-06-28T14:28:47.859525Z","level":"info","event":"============================================================","logger":"task.stdout"}
{"timestamp":"2026-06-28T14:28:47.859932Z","level":"info","event":"  New batch rows   :    168","logger":"task.stdout"}
{"timestamp":"2026-06-28T14:28:47.860452Z","level":"info","event":"  DB rows (window) :      0","logger":"task.stdout"}
{"timestamp":"2026-06-28T14:28:47.861117Z","level":"info","event":"============================================================","logger":"task.stdout"}
{"timestamp":"2026-06-28T14:28:47.862139Z","level":"info","event":"  🟢 New (to insert)  :    168","logger":"task.stdout"}
{"timestamp":"2026-06-28T14:28:47.862668Z","level":"info","event":"  ✅ Existing (match) :      0","logger":"task.stdout"}
{"timestamp":"2026-06-28T14:28:47.862992Z","level":"info","event":"  🟡 Changed (drift)  :      0","logger":"task.stdout"}
{"timestamp":"2026-06-28T14:28:47.863418Z","level":"info","event":"  🔴 Stale (DB only)  :      0","logger":"task.stdout"}
{"timestamp":"2026-06-28T14:28:47.863818Z","level":"info","event":"============================================================","logger":"task.stdout"}
{"timestamp":"2026-06-28T14:28:47.864103Z","level":"info","event":"","logger":"task.stdout"}
{"timestamp":"2026-06-28T14:28:47.864353Z","level":"info","event":"── New rows (first 100) ──","logger":"task.stdout"}
{"timestamp":"2026-06-28T14:28:47.875103Z","level":"info","event":" latitude  longitude             forecast_time  temperature_2m  rain  uv_index","logger":"task.stdout"}
{"timestamp":"2026-06-28T14:28:47.875460Z","level":"info","event":"    52.52      13.42 2026-06-28 00:00:00+00:00            29.2   0.0      0.00","logger":"task.stdout"}
{"timestamp":"2026-06-28T14:28:47.875836Z","level":"info","event":"    52.52      13.42 2026-06-28 01:00:00+00:00            29.9   0.0      0.00","logger":"task.stdout"}
{"timestamp":"2026-06-28T14:28:47.876240Z","level":"info","event":"    52.52      13.42 2026-06-28 02:00:00+00:00            29.7   0.0      0.00","logger":"task.stdout"}
{"timestamp":"2026-06-28T14:28:47.876625Z","level":"info","event":"    52.52      13.42 2026-06-28 03:00:00+00:00            29.4   0.0      0.00","logger":"task.stdout"}
{"timestamp":"2026-06-28T14:28:47.877197Z","level":"info","event":"    52.52      13.42 2026-06-28 04:00:00+00:00            28.4   0.0      0.00","logger":"task.stdout"}
{"timestamp":"2026-06-28T14:28:47.877714Z","level":"info","event":"    52.52      13.42 2026-06-28 05:00:00+00:00            27.9   0.0      0.00","logger":"task.stdout"}
{"timestamp":"2026-06-28T14:28:47.878270Z","level":"info","event":"    52.52      13.42 2026-06-28 06:00:00+00:00            27.0   0.0      0.00","logger":"task.stdout"}
{"timestamp":"2026-06-28T14:28:47.879032Z","level":"info","event":"    52.52      13.42 2026-06-28 07:00:00+00:00            26.6   0.0      0.20","logger":"task.stdout"}
{"timestamp":"2026-06-28T14:28:47.879384Z","level":"info","event":"    52.52      13.42 2026-06-28 08:00:00+00:00            27.1   0.0      0.80","logger":"task.stdout"}
{"timestamp":"2026-06-28T14:28:47.879818Z","level":"info","event":"    52.52      13.42 2026-06-28 09:00:00+00:00            28.1   0.0      1.75","logger":"task.stdout"}
{"timestamp":"2026-06-28T14:28:47.880251Z","level":"info","event":"    52.52      13.42 2026-06-28 10:00:00+00:00            29.8   0.0      2.75","logger":"task.stdout"}
{"timestamp":"2026-06-28T14:28:47.880602Z","level":"info","event":"    52.52      13.42 2026-06-28 11:00:00+00:00            30.8   0.0      3.75","logger":"task.stdout"}
{"timestamp":"2026-06-28T14:28:47.880955Z","level":"info","event":"    52.52      13.42 2026-06-28 12:00:00+00:00            32.7   0.0      5.20","logger":"task.stdout"}
{"timestamp":"2026-06-28T14:28:47.881421Z","level":"info","event":"    52.52      13.42 2026-06-28 13:00:00+00:00            34.4   0.0      5.00","logger":"task.stdout"}
{"timestamp":"2026-06-28T14:28:47.881827Z","level":"info","event":"    52.52      13.42 2026-06-28 14:00:00+00:00            36.0   0.0      3.90","logger":"task.stdout"}
{"timestamp":"2026-06-28T14:28:47.882218Z","level":"info","event":"    52.52      13.42 2026-06-28 15:00:00+00:00            37.2   0.0      6.50","logger":"task.stdout"}
{"timestamp":"2026-06-28T14:28:47.882651Z","level":"info","event":"    52.52      13.42 2026-06-28 16:00:00+00:00            38.1   0.0      6.20","logger":"task.stdout"}
{"timestamp":"2026-06-28T14:28:47.883109Z","level":"info","event":"    52.52      13.42 2026-06-28 17:00:00+00:00            38.4   0.0      5.75","logger":"task.stdout"}
{"timestamp":"2026-06-28T14:28:47.883535Z","level":"info","event":"    52.52      13.42 2026-06-28 18:00:00+00:00            37.9   0.0      4.65","logger":"task.stdout"}
{"timestamp":"2026-06-28T14:28:47.883955Z","level":"info","event":"    52.52      13.42 2026-06-28 19:00:00+00:00            37.5   0.0      3.35","logger":"task.stdout"}
{"timestamp":"2026-06-28T14:28:47.884527Z","level":"info","event":"    52.52      13.42 2026-06-28 20:00:00+00:00            36.3   0.0      2.10","logger":"task.stdout"}
{"timestamp":"2026-06-28T14:28:47.884909Z","level":"info","event":"    52.52      13.42 2026-06-28 21:00:00+00:00            35.1   0.0      1.00","logger":"task.stdout"}
{"timestamp":"2026-06-28T14:28:47.885380Z","level":"info","event":"    52.52      13.42 2026-06-28 22:00:00+00:00            33.3   0.0      0.35","logger":"task.stdout"}
{"timestamp":"2026-06-28T14:28:47.886191Z","level":"info","event":"    52.52      13.42 2026-06-28 23:00:00+00:00            30.1   0.0      0.00","logger":"task.stdout"}
{"timestamp":"2026-06-28T14:28:47.886631Z","level":"info","event":"    52.52      13.42 2026-06-29 00:00:00+00:00            28.3   0.0      0.00","logger":"task.stdout"}
{"timestamp":"2026-06-28T14:28:47.887203Z","level":"info","event":"    52.52      13.42 2026-06-29 01:00:00+00:00            26.7   0.0      0.00","logger":"task.stdout"}
{"timestamp":"2026-06-28T14:28:47.887643Z","level":"info","event":"    52.52      13.42 2026-06-29 02:00:00+00:00            25.3   0.0      0.00","logger":"task.stdout"}
{"timestamp":"2026-06-28T14:28:47.888069Z","level":"info","event":"    52.52      13.42 2026-06-29 03:00:00+00:00            24.5   0.0      0.00","logger":"task.stdout"}
{"timestamp":"2026-06-28T14:28:47.888468Z","level":"info","event":"    52.52      13.42 2026-06-29 04:00:00+00:00            24.1   0.0      0.00","logger":"task.stdout"}
{"timestamp":"2026-06-28T14:28:47.888840Z","level":"info","event":"    52.52      13.42 2026-06-29 05:00:00+00:00            24.1   0.0      0.00","logger":"task.stdout"}
{"timestamp":"2026-06-28T14:28:47.889283Z","level":"info","event":"    52.52      13.42 2026-06-29 06:00:00+00:00            24.2   0.0      0.00","logger":"task.stdout"}
{"timestamp":"2026-06-28T14:28:47.889715Z","level":"info","event":"    52.52      13.42 2026-06-29 07:00:00+00:00            24.3   0.0      0.20","logger":"task.stdout"}
{"timestamp":"2026-06-28T14:28:47.890129Z","level":"info","event":"    52.52      13.42 2026-06-29 08:00:00+00:00            24.7   0.0      0.80","logger":"task.stdout"}
{"timestamp":"2026-06-28T14:28:47.890526Z","level":"info","event":"    52.52      13.42 2026-06-29 09:00:00+00:00            25.5   0.0      1.05","logger":"task.stdout"}
{"timestamp":"2026-06-28T14:28:47.890873Z","level":"info","event":"    52.52      13.42 2026-06-29 10:00:00+00:00            26.7   0.0      2.30","logger":"task.stdout"}
{"timestamp":"2026-06-28T14:28:47.891485Z","level":"info","event":"    52.52      13.42 2026-06-29 11:00:00+00:00            28.0   0.0      3.70","logger":"task.stdout"}
{"timestamp":"2026-06-28T14:28:47.892151Z","level":"info","event":"    52.52      13.42 2026-06-29 12:00:00+00:00            28.8   0.0      3.25","logger":"task.stdout"}
{"timestamp":"2026-06-28T14:28:47.892635Z","level":"info","event":"    52.52      13.42 2026-06-29 13:00:00+00:00            29.3   0.0      1.30","logger":"task.stdout"}
{"timestamp":"2026-06-28T14:28:47.893313Z","level":"info","event":"    52.52      13.42 2026-06-29 14:00:00+00:00            29.9   0.0      3.75","logger":"task.stdout"}
{"timestamp":"2026-06-28T14:28:47.894019Z","level":"info","event":"    52.52      13.42 2026-06-29 15:00:00+00:00            25.7   0.0      2.85","logger":"task.stdout"}
{"timestamp":"2026-06-28T14:28:47.894629Z","level":"info","event":"    52.52      13.42 2026-06-29 16:00:00+00:00            25.9   0.0      1.00","logger":"task.stdout"}
{"timestamp":"2026-06-28T14:28:47.895361Z","level":"info","event":"    52.52      13.42 2026-06-29 17:00:00+00:00            25.1   0.0      0.55","logger":"task.stdout"}
{"timestamp":"2026-06-28T14:28:47.896035Z","level":"info","event":"    52.52      13.42 2026-06-29 18:00:00+00:00            23.7   0.0      0.50","logger":"task.stdout"}
{"timestamp":"2026-06-28T14:28:47.896406Z","level":"info","event":"    52.52      13.42 2026-06-29 19:00:00+00:00            21.6   0.1      0.30","logger":"task.stdout"}
{"timestamp":"2026-06-28T14:28:47.896823Z","level":"info","event":"    52.52      13.42 2026-06-29 20:00:00+00:00            21.3   0.0      0.55","logger":"task.stdout"}
{"timestamp":"2026-06-28T14:28:47.897253Z","level":"info","event":"    52.52      13.42 2026-06-29 21:00:00+00:00            20.9   0.0      0.80","logger":"task.stdout"}
{"timestamp":"2026-06-28T14:28:47.897688Z","level":"info","event":"    52.52      13.42 2026-06-29 22:00:00+00:00            20.4  10.6      0.20","logger":"task.stdout"}
{"timestamp":"2026-06-28T14:28:47.898088Z","level":"info","event":"    52.52      13.42 2026-06-29 23:00:00+00:00            20.5   1.1      0.00","logger":"task.stdout"}
{"timestamp":"2026-06-28T14:28:47.898502Z","level":"info","event":"    52.52      13.42 2026-06-30 00:00:00+00:00            20.3   0.7      0.00","logger":"task.stdout"}
{"timestamp":"2026-06-28T14:28:47.898966Z","level":"info","event":"    52.52      13.42 2026-06-30 01:00:00+00:00            19.9   0.0      0.00","logger":"task.stdout"}
{"timestamp":"2026-06-28T14:28:47.900969Z","level":"info","event":"    52.52      13.42 2026-06-30 02:00:00+00:00            19.8   0.0      0.00","logger":"task.stdout"}
{"timestamp":"2026-06-28T14:28:47.901383Z","level":"info","event":"    52.52      13.42 2026-06-30 03:00:00+00:00            19.6   0.0      0.00","logger":"task.stdout"}
{"timestamp":"2026-06-28T14:28:47.901866Z","level":"info","event":"    52.52      13.42 2026-06-30 04:00:00+00:00            19.5   0.0      0.00","logger":"task.stdout"}
{"timestamp":"2026-06-28T14:28:47.902206Z","level":"info","event":"    52.52      13.42 2026-06-30 05:00:00+00:00            19.6   0.0      0.00","logger":"task.stdout"}
{"timestamp":"2026-06-28T14:28:47.902580Z","level":"info","event":"    52.52      13.42 2026-06-30 06:00:00+00:00            19.5   0.0      0.00","logger":"task.stdout"}
{"timestamp":"2026-06-28T14:28:47.902930Z","level":"info","event":"    52.52      13.42 2026-06-30 07:00:00+00:00            19.4   0.0      0.10","logger":"task.stdout"}
{"timestamp":"2026-06-28T14:28:47.903323Z","level":"info","event":"    52.52      13.42 2026-06-30 08:00:00+00:00            19.4   0.0      0.65","logger":"task.stdout"}
{"timestamp":"2026-06-28T14:28:47.903674Z","level":"info","event":"    52.52      13.42 2026-06-30 09:00:00+00:00            19.9   0.0      1.55","logger":"task.stdout"}
{"timestamp":"2026-06-28T14:28:47.904053Z","level":"info","event":"    52.52      13.42 2026-06-30 10:00:00+00:00            20.4   0.0      2.60","logger":"task.stdout"}
{"timestamp":"2026-06-28T14:28:47.904407Z","level":"info","event":"    52.52      13.42 2026-06-30 11:00:00+00:00            21.4   0.0      3.30","logger":"task.stdout"}
{"timestamp":"2026-06-28T14:28:47.904753Z","level":"info","event":"    52.52      13.42 2026-06-30 12:00:00+00:00            22.6   0.0      4.40","logger":"task.stdout"}
{"timestamp":"2026-06-28T14:28:47.905109Z","level":"info","event":"    52.52      13.42 2026-06-30 13:00:00+00:00            24.2   0.0      5.30","logger":"task.stdout"}
{"timestamp":"2026-06-28T14:28:47.905551Z","level":"info","event":"    52.52      13.42 2026-06-30 14:00:00+00:00            25.6   0.0      2.55","logger":"task.stdout"}
{"timestamp":"2026-06-28T14:28:47.905899Z","level":"info","event":"    52.52      13.42 2026-06-30 15:00:00+00:00            26.9   0.0      4.80","logger":"task.stdout"}
{"timestamp":"2026-06-28T14:28:47.906507Z","level":"info","event":"    52.52      13.42 2026-06-30 16:00:00+00:00            27.6   0.0      3.20","logger":"task.stdout"}
{"timestamp":"2026-06-28T14:28:47.906900Z","level":"info","event":"    52.52      13.42 2026-06-30 17:00:00+00:00            27.8   0.0      0.70","logger":"task.stdout"}
{"timestamp":"2026-06-28T14:28:47.907232Z","level":"info","event":"    52.52      13.42 2026-06-30 18:00:00+00:00            27.3   0.0      1.90","logger":"task.stdout"}
{"timestamp":"2026-06-28T14:28:47.907798Z","level":"info","event":"    52.52      13.42 2026-06-30 19:00:00+00:00            26.9   0.0      1.25","logger":"task.stdout"}
{"timestamp":"2026-06-28T14:28:47.908260Z","level":"info","event":"    52.52      13.42 2026-06-30 20:00:00+00:00            26.5   0.0      0.30","logger":"task.stdout"}
{"timestamp":"2026-06-28T14:28:47.908585Z","level":"info","event":"    52.52      13.42 2026-06-30 21:00:00+00:00            25.9   0.0      0.30","logger":"task.stdout"}
{"timestamp":"2026-06-28T14:28:47.908933Z","level":"info","event":"    52.52      13.42 2026-06-30 22:00:00+00:00            24.7   0.0      0.05","logger":"task.stdout"}
{"timestamp":"2026-06-28T14:28:47.909537Z","level":"info","event":"    52.52      13.42 2026-06-30 23:00:00+00:00            23.5   0.0      0.00","logger":"task.stdout"}
{"timestamp":"2026-06-28T14:28:47.909914Z","level":"info","event":"    52.52      13.42 2026-07-01 00:00:00+00:00            22.7   0.0      0.00","logger":"task.stdout"}
{"timestamp":"2026-06-28T14:28:47.910471Z","level":"info","event":"    52.52      13.42 2026-07-01 01:00:00+00:00            22.2   0.0      0.00","logger":"task.stdout"}
{"timestamp":"2026-06-28T14:28:47.911005Z","level":"info","event":"    52.52      13.42 2026-07-01 02:00:00+00:00            21.8   0.0      0.00","logger":"task.stdout"}
{"timestamp":"2026-06-28T14:28:47.911432Z","level":"info","event":"    52.52      13.42 2026-07-01 03:00:00+00:00            21.1   0.0      0.00","logger":"task.stdout"}
{"timestamp":"2026-06-28T14:28:47.911800Z","level":"info","event":"    52.52      13.42 2026-07-01 04:00:00+00:00            20.8   0.0      0.00","logger":"task.stdout"}
{"timestamp":"2026-06-28T14:28:47.912198Z","level":"info","event":"    52.52      13.42 2026-07-01 05:00:00+00:00            20.7   0.0      0.00","logger":"task.stdout"}
{"timestamp":"2026-06-28T14:28:47.912523Z","level":"info","event":"    52.52      13.42 2026-07-01 06:00:00+00:00            20.5   0.0      0.00","logger":"task.stdout"}
{"timestamp":"2026-06-28T14:28:47.912851Z","level":"info","event":"    52.52      13.42 2026-07-01 07:00:00+00:00            20.3   0.0      0.05","logger":"task.stdout"}
{"timestamp":"2026-06-28T14:28:47.913142Z","level":"info","event":"    52.52      13.42 2026-07-01 08:00:00+00:00            19.0   0.0      0.15","logger":"task.stdout"}
{"timestamp":"2026-06-28T14:28:47.913514Z","level":"info","event":"    52.52      13.42 2026-07-01 09:00:00+00:00            19.3   0.0      0.70","logger":"task.stdout"}
{"timestamp":"2026-06-28T14:28:47.913898Z","level":"info","event":"    52.52      13.42 2026-07-01 10:00:00+00:00            20.2   0.0      1.00","logger":"task.stdout"}
{"timestamp":"2026-06-28T14:28:47.914277Z","level":"info","event":"    52.52      13.42 2026-07-01 11:00:00+00:00            20.9   0.0      1.85","logger":"task.stdout"}
{"timestamp":"2026-06-28T14:28:47.915125Z","level":"info","event":"    52.52      13.42 2026-07-01 12:00:00+00:00            21.3   0.0      3.00","logger":"task.stdout"}
{"timestamp":"2026-06-28T14:28:47.915909Z","level":"info","event":"    52.52      13.42 2026-07-01 13:00:00+00:00            21.6   0.0      2.80","logger":"task.stdout"}
{"timestamp":"2026-06-28T14:28:47.916251Z","level":"info","event":"    52.52      13.42 2026-07-01 14:00:00+00:00            22.5   0.0      4.65","logger":"task.stdout"}
{"timestamp":"2026-06-28T14:28:47.916573Z","level":"info","event":"    52.52      13.42 2026-07-01 15:00:00+00:00            23.2   0.0      5.10","logger":"task.stdout"}
{"timestamp":"2026-06-28T14:28:47.917019Z","level":"info","event":"    52.52      13.42 2026-07-01 16:00:00+00:00            23.7   0.0      5.95","logger":"task.stdout"}
{"timestamp":"2026-06-28T14:28:47.917545Z","level":"info","event":"    52.52      13.42 2026-07-01 17:00:00+00:00            24.0   0.0      4.05","logger":"task.stdout"}
{"timestamp":"2026-06-28T14:28:47.917819Z","level":"info","event":"    52.52      13.42 2026-07-01 18:00:00+00:00            24.1   0.0      2.35","logger":"task.stdout"}
{"timestamp":"2026-06-28T14:28:47.918156Z","level":"info","event":"    52.52      13.42 2026-07-01 19:00:00+00:00            23.8   0.0      1.20","logger":"task.stdout"}
{"timestamp":"2026-06-28T14:28:47.918511Z","level":"info","event":"    52.52      13.42 2026-07-01 20:00:00+00:00            23.2   0.0      0.50","logger":"task.stdout"}
{"timestamp":"2026-06-28T14:28:47.918834Z","level":"info","event":"    52.52      13.42 2026-07-01 21:00:00+00:00            22.5   0.0      0.25","logger":"task.stdout"}
{"timestamp":"2026-06-28T14:28:47.919156Z","level":"info","event":"    52.52      13.42 2026-07-01 22:00:00+00:00            21.5   0.0      0.25","logger":"task.stdout"}
{"timestamp":"2026-06-28T14:28:47.919498Z","level":"info","event":"    52.52      13.42 2026-07-01 23:00:00+00:00            20.5   0.0      0.00","logger":"task.stdout"}
{"timestamp":"2026-06-28T14:28:47.919835Z","level":"info","event":"    52.52      13.42 2026-07-02 00:00:00+00:00            19.5   0.0      0.00","logger":"task.stdout"}
{"timestamp":"2026-06-28T14:28:47.920165Z","level":"info","event":"    52.52      13.42 2026-07-02 01:00:00+00:00            18.7   0.0      0.00","logger":"task.stdout"}
{"timestamp":"2026-06-28T14:28:47.920503Z","level":"info","event":"    52.52      13.42 2026-07-02 02:00:00+00:00            18.0   0.0      0.00","logger":"task.stdout"}
{"timestamp":"2026-06-28T14:28:47.921192Z","level":"info","event":"    52.52      13.42 2026-07-02 03:00:00+00:00            17.5   0.0      0.00","logger":"task.stdout"}
{"timestamp":"2026-06-28T14:28:47.921827Z","level":"info","event":"","logger":"task.stdout"}
{"timestamp":"2026-06-28T14:28:47.922595Z","level":"info","event":"============================================================","logger":"task.stdout"}
{"timestamp":"2026-06-28T14:28:47.923138Z","level":"info","event":"","logger":"task.stdout"}
{"timestamp":"2026-06-28T14:28:47.961847Z","level":"info","event":"Done. Returned value was: None","run_id":"scheduled__2026-06-28T14:20:00+00:00","dag_id":"dag01","try_number":1,"ti_id":"019f0ea1-f905-7b01-be3e-8845a759fbaa","map_index":-1,"task_id":"PRELOAD01","logger":"airflow.task.operators.airflow.providers.standard.operators.python.PythonOperator","filename":"python.py","lineno":233}
{"timestamp":"2026-06-28T14:28:47.962113Z","level":"info","event":"::group::Post Execute","run_id":"scheduled__2026-06-28T14:20:00+00:00","dag_id":"dag01","try_number":1,"ti_id":"019f0ea1-f905-7b01-be3e-8845a759fbaa","map_index":-1,"task_id":"PRELOAD01","logger":"task","filename":"task_runner.py","lineno":1288}
{"timestamp":"2026-06-28T14:28:47.993663Z","level":"info","event":"::endgroup::","run_id":"scheduled__2026-06-28T14:20:00+00:00","dag_id":"dag01","try_number":1,"ti_id":"019f0ea1-f905-7b01-be3e-8845a759fbaa","map_index":-1,"task_id":"PRELOAD01","logger":"task","filename":"task_runner.py","lineno":1896}
