{"timestamp":"2026-06-28T14:28:35.883734Z","level":"info","event":"::group::Pre Execute","logger":"task","filename":"task_runner.py","lineno":1926}
{"timestamp":"2026-06-28T14:28:35.924619Z","level":"info","event":"DAG bundles loaded: dags-folder","try_number":1,"ti_id":"019f0ea1-c5e7-7635-bbd6-987e88630ea0","dag_id":"dag01","task_id":"PRELOAD01","map_index":-1,"run_id":"manual__2026-06-28T14:28:30.803065+00:00","logger":"airflow.dag_processing.bundles.manager.DagBundlesManager","filename":"manager.py","lineno":209}
{"timestamp":"2026-06-28T14:28:35.927135Z","level":"info","event":"Filling up the DagBag from /opt/airflow/dags/dag01.py","try_number":1,"ti_id":"019f0ea1-c5e7-7635-bbd6-987e88630ea0","dag_id":"dag01","task_id":"PRELOAD01","map_index":-1,"run_id":"manual__2026-06-28T14:28:30.803065+00:00","logger":"airflow.dag_processing.dagbag.BundleDagBag","filename":"dagbag.py","lineno":469}
{"timestamp":"2026-06-28T14:28:36.764560Z","level":"info","event":"::endgroup::","try_number":1,"ti_id":"019f0ea1-c5e7-7635-bbd6-987e88630ea0","dag_id":"dag01","task_id":"PRELOAD01","map_index":-1,"run_id":"manual__2026-06-28T14:28:30.803065+00:00","logger":"task","filename":"task_runner.py","lineno":1727}
{"timestamp":"2026-06-28T14:28:36.833454Z","level":"info","event":"Database connection established successfully.","logger":"src.database.connection","try_number":1,"ti_id":"019f0ea1-c5e7-7635-bbd6-987e88630ea0","dag_id":"dag01","task_id":"PRELOAD01","map_index":-1,"run_id":"manual__2026-06-28T14:28:30.803065+00:00","filename":"connection.py","lineno":35}
{"timestamp":"2026-06-28T14:28:36.837396Z","level":"info","event":"Comparing 168 new rows against weather_forecasts for (lat=52.52000, lon=13.42000) from 2026-06-28 00:00:00+00:00 to 2026-07-04 23:00:00+00:00","logger":"src.etl.compare","try_number":1,"ti_id":"019f0ea1-c5e7-7635-bbd6-987e88630ea0","dag_id":"dag01","task_id":"PRELOAD01","map_index":-1,"run_id":"manual__2026-06-28T14:28:30.803065+00:00","filename":"compare.py","lineno":222}
{"timestamp":"2026-06-28T14:28:36.858406Z","level":"info","event":"No existing rows in DB for this window — all 168 rows are new.","logger":"src.etl.compare","try_number":1,"ti_id":"019f0ea1-c5e7-7635-bbd6-987e88630ea0","dag_id":"dag01","task_id":"PRELOAD01","map_index":-1,"run_id":"manual__2026-06-28T14:28:30.803065+00:00","filename":"compare.py","lineno":237}
{"timestamp":"2026-06-28T14:28:36.859266Z","level":"info","event":"","logger":"task.stdout"}
{"timestamp":"2026-06-28T14:28:36.859581Z","level":"info","event":"============================================================","logger":"task.stdout"}
{"timestamp":"2026-06-28T14:28:36.860211Z","level":"info","event":"  WEATHER_FORECASTS — COMPARE REPORT","logger":"task.stdout"}
{"timestamp":"2026-06-28T14:28:36.860703Z","level":"info","event":"============================================================","logger":"task.stdout"}
{"timestamp":"2026-06-28T14:28:36.861170Z","level":"info","event":"  New batch rows   :    168","logger":"task.stdout"}
{"timestamp":"2026-06-28T14:28:36.861751Z","level":"info","event":"  DB rows (window) :      0","logger":"task.stdout"}
{"timestamp":"2026-06-28T14:28:36.862284Z","level":"info","event":"============================================================","logger":"task.stdout"}
{"timestamp":"2026-06-28T14:28:36.862917Z","level":"info","event":"  🟢 New (to insert)  :    168","logger":"task.stdout"}
{"timestamp":"2026-06-28T14:28:36.863440Z","level":"info","event":"  ✅ Existing (match) :      0","logger":"task.stdout"}
{"timestamp":"2026-06-28T14:28:36.864044Z","level":"info","event":"  🟡 Changed (drift)  :      0","logger":"task.stdout"}
{"timestamp":"2026-06-28T14:28:36.864492Z","level":"info","event":"  🔴 Stale (DB only)  :      0","logger":"task.stdout"}
{"timestamp":"2026-06-28T14:28:36.864908Z","level":"info","event":"============================================================","logger":"task.stdout"}
{"timestamp":"2026-06-28T14:28:36.865461Z","level":"info","event":"","logger":"task.stdout"}
{"timestamp":"2026-06-28T14:28:36.865848Z","level":"info","event":"── New rows (first 100) ──","logger":"task.stdout"}
{"timestamp":"2026-06-28T14:28:36.876803Z","level":"info","event":" latitude  longitude             forecast_time  temperature_2m  rain  uv_index","logger":"task.stdout"}
{"timestamp":"2026-06-28T14:28:36.877183Z","level":"info","event":"    52.52      13.42 2026-06-28 00:00:00+00:00            29.2   0.0      0.00","logger":"task.stdout"}
{"timestamp":"2026-06-28T14:28:36.877604Z","level":"info","event":"    52.52      13.42 2026-06-28 01:00:00+00:00            29.9   0.0      0.00","logger":"task.stdout"}
{"timestamp":"2026-06-28T14:28:36.878124Z","level":"info","event":"    52.52      13.42 2026-06-28 02:00:00+00:00            29.7   0.0      0.00","logger":"task.stdout"}
{"timestamp":"2026-06-28T14:28:36.878705Z","level":"info","event":"    52.52      13.42 2026-06-28 03:00:00+00:00            29.4   0.0      0.00","logger":"task.stdout"}
{"timestamp":"2026-06-28T14:28:36.879275Z","level":"info","event":"    52.52      13.42 2026-06-28 04:00:00+00:00            28.4   0.0      0.00","logger":"task.stdout"}
{"timestamp":"2026-06-28T14:28:36.879761Z","level":"info","event":"    52.52      13.42 2026-06-28 05:00:00+00:00            27.9   0.0      0.00","logger":"task.stdout"}
{"timestamp":"2026-06-28T14:28:36.880132Z","level":"info","event":"    52.52      13.42 2026-06-28 06:00:00+00:00            27.0   0.0      0.00","logger":"task.stdout"}
{"timestamp":"2026-06-28T14:28:36.880567Z","level":"info","event":"    52.52      13.42 2026-06-28 07:00:00+00:00            26.6   0.0      0.20","logger":"task.stdout"}
{"timestamp":"2026-06-28T14:28:36.881340Z","level":"info","event":"    52.52      13.42 2026-06-28 08:00:00+00:00            27.1   0.0      0.80","logger":"task.stdout"}
{"timestamp":"2026-06-28T14:28:36.881734Z","level":"info","event":"    52.52      13.42 2026-06-28 09:00:00+00:00            28.1   0.0      1.75","logger":"task.stdout"}
{"timestamp":"2026-06-28T14:28:36.882135Z","level":"info","event":"    52.52      13.42 2026-06-28 10:00:00+00:00            29.8   0.0      2.75","logger":"task.stdout"}
{"timestamp":"2026-06-28T14:28:36.882525Z","level":"info","event":"    52.52      13.42 2026-06-28 11:00:00+00:00            30.8   0.0      3.75","logger":"task.stdout"}
{"timestamp":"2026-06-28T14:28:36.882902Z","level":"info","event":"    52.52      13.42 2026-06-28 12:00:00+00:00            32.7   0.0      5.20","logger":"task.stdout"}
{"timestamp":"2026-06-28T14:28:36.883290Z","level":"info","event":"    52.52      13.42 2026-06-28 13:00:00+00:00            34.4   0.0      5.00","logger":"task.stdout"}
{"timestamp":"2026-06-28T14:28:36.883667Z","level":"info","event":"    52.52      13.42 2026-06-28 14:00:00+00:00            36.0   0.0      3.90","logger":"task.stdout"}
{"timestamp":"2026-06-28T14:28:36.884051Z","level":"info","event":"    52.52      13.42 2026-06-28 15:00:00+00:00            37.2   0.0      6.50","logger":"task.stdout"}
{"timestamp":"2026-06-28T14:28:36.884411Z","level":"info","event":"    52.52      13.42 2026-06-28 16:00:00+00:00            38.1   0.0      6.20","logger":"task.stdout"}
{"timestamp":"2026-06-28T14:28:36.884760Z","level":"info","event":"    52.52      13.42 2026-06-28 17:00:00+00:00            38.4   0.0      5.75","logger":"task.stdout"}
{"timestamp":"2026-06-28T14:28:36.885119Z","level":"info","event":"    52.52      13.42 2026-06-28 18:00:00+00:00            37.9   0.0      4.65","logger":"task.stdout"}
{"timestamp":"2026-06-28T14:28:36.885455Z","level":"info","event":"    52.52      13.42 2026-06-28 19:00:00+00:00            37.5   0.0      3.35","logger":"task.stdout"}
{"timestamp":"2026-06-28T14:28:36.885804Z","level":"info","event":"    52.52      13.42 2026-06-28 20:00:00+00:00            36.3   0.0      2.10","logger":"task.stdout"}
{"timestamp":"2026-06-28T14:28:36.886118Z","level":"info","event":"    52.52      13.42 2026-06-28 21:00:00+00:00            35.1   0.0      1.00","logger":"task.stdout"}
{"timestamp":"2026-06-28T14:28:36.886437Z","level":"info","event":"    52.52      13.42 2026-06-28 22:00:00+00:00            33.3   0.0      0.35","logger":"task.stdout"}
{"timestamp":"2026-06-28T14:28:36.886756Z","level":"info","event":"    52.52      13.42 2026-06-28 23:00:00+00:00            30.1   0.0      0.00","logger":"task.stdout"}
{"timestamp":"2026-06-28T14:28:36.887072Z","level":"info","event":"    52.52      13.42 2026-06-29 00:00:00+00:00            28.3   0.0      0.00","logger":"task.stdout"}
{"timestamp":"2026-06-28T14:28:36.887429Z","level":"info","event":"    52.52      13.42 2026-06-29 01:00:00+00:00            26.7   0.0      0.00","logger":"task.stdout"}
{"timestamp":"2026-06-28T14:28:36.887849Z","level":"info","event":"    52.52      13.42 2026-06-29 02:00:00+00:00            25.3   0.0      0.00","logger":"task.stdout"}
{"timestamp":"2026-06-28T14:28:36.888267Z","level":"info","event":"    52.52      13.42 2026-06-29 03:00:00+00:00            24.5   0.0      0.00","logger":"task.stdout"}
{"timestamp":"2026-06-28T14:28:36.888742Z","level":"info","event":"    52.52      13.42 2026-06-29 04:00:00+00:00            24.1   0.0      0.00","logger":"task.stdout"}
{"timestamp":"2026-06-28T14:28:36.889120Z","level":"info","event":"    52.52      13.42 2026-06-29 05:00:00+00:00            24.1   0.0      0.00","logger":"task.stdout"}
{"timestamp":"2026-06-28T14:28:36.889647Z","level":"info","event":"    52.52      13.42 2026-06-29 06:00:00+00:00            24.2   0.0      0.00","logger":"task.stdout"}
{"timestamp":"2026-06-28T14:28:36.890163Z","level":"info","event":"    52.52      13.42 2026-06-29 07:00:00+00:00            24.3   0.0      0.20","logger":"task.stdout"}
{"timestamp":"2026-06-28T14:28:36.890547Z","level":"info","event":"    52.52      13.42 2026-06-29 08:00:00+00:00            24.7   0.0      0.80","logger":"task.stdout"}
{"timestamp":"2026-06-28T14:28:36.891109Z","level":"info","event":"    52.52      13.42 2026-06-29 09:00:00+00:00            25.5   0.0      1.05","logger":"task.stdout"}
{"timestamp":"2026-06-28T14:28:36.891567Z","level":"info","event":"    52.52      13.42 2026-06-29 10:00:00+00:00            26.7   0.0      2.30","logger":"task.stdout"}
{"timestamp":"2026-06-28T14:28:36.891948Z","level":"info","event":"    52.52      13.42 2026-06-29 11:00:00+00:00            28.0   0.0      3.70","logger":"task.stdout"}
{"timestamp":"2026-06-28T14:28:36.892380Z","level":"info","event":"    52.52      13.42 2026-06-29 12:00:00+00:00            28.8   0.0      3.25","logger":"task.stdout"}
{"timestamp":"2026-06-28T14:28:36.892768Z","level":"info","event":"    52.52      13.42 2026-06-29 13:00:00+00:00            29.3   0.0      1.30","logger":"task.stdout"}
{"timestamp":"2026-06-28T14:28:36.893087Z","level":"info","event":"    52.52      13.42 2026-06-29 14:00:00+00:00            29.9   0.0      3.75","logger":"task.stdout"}
{"timestamp":"2026-06-28T14:28:36.893551Z","level":"info","event":"    52.52      13.42 2026-06-29 15:00:00+00:00            25.7   0.0      2.85","logger":"task.stdout"}
{"timestamp":"2026-06-28T14:28:36.894049Z","level":"info","event":"    52.52      13.42 2026-06-29 16:00:00+00:00            25.9   0.0      1.00","logger":"task.stdout"}
{"timestamp":"2026-06-28T14:28:36.894459Z","level":"info","event":"    52.52      13.42 2026-06-29 17:00:00+00:00            25.1   0.0      0.55","logger":"task.stdout"}
{"timestamp":"2026-06-28T14:28:36.895028Z","level":"info","event":"    52.52      13.42 2026-06-29 18:00:00+00:00            23.7   0.0      0.50","logger":"task.stdout"}
{"timestamp":"2026-06-28T14:28:36.896119Z","level":"info","event":"    52.52      13.42 2026-06-29 19:00:00+00:00            21.6   0.1      0.30","logger":"task.stdout"}
{"timestamp":"2026-06-28T14:28:36.896511Z","level":"info","event":"    52.52      13.42 2026-06-29 20:00:00+00:00            21.3   0.0      0.55","logger":"task.stdout"}
{"timestamp":"2026-06-28T14:28:36.896975Z","level":"info","event":"    52.52      13.42 2026-06-29 21:00:00+00:00            20.9   0.0      0.80","logger":"task.stdout"}
{"timestamp":"2026-06-28T14:28:36.897434Z","level":"info","event":"    52.52      13.42 2026-06-29 22:00:00+00:00            20.4  10.6      0.20","logger":"task.stdout"}
{"timestamp":"2026-06-28T14:28:36.897846Z","level":"info","event":"    52.52      13.42 2026-06-29 23:00:00+00:00            20.5   1.1      0.00","logger":"task.stdout"}
{"timestamp":"2026-06-28T14:28:36.898380Z","level":"info","event":"    52.52      13.42 2026-06-30 00:00:00+00:00            20.3   0.7      0.00","logger":"task.stdout"}
{"timestamp":"2026-06-28T14:28:36.898756Z","level":"info","event":"    52.52      13.42 2026-06-30 01:00:00+00:00            19.9   0.0      0.00","logger":"task.stdout"}
{"timestamp":"2026-06-28T14:28:36.899261Z","level":"info","event":"    52.52      13.42 2026-06-30 02:00:00+00:00            19.8   0.0      0.00","logger":"task.stdout"}
{"timestamp":"2026-06-28T14:28:36.899629Z","level":"info","event":"    52.52      13.42 2026-06-30 03:00:00+00:00            19.6   0.0      0.00","logger":"task.stdout"}
{"timestamp":"2026-06-28T14:28:36.899962Z","level":"info","event":"    52.52      13.42 2026-06-30 04:00:00+00:00            19.5   0.0      0.00","logger":"task.stdout"}
{"timestamp":"2026-06-28T14:28:36.900310Z","level":"info","event":"    52.52      13.42 2026-06-30 05:00:00+00:00            19.6   0.0      0.00","logger":"task.stdout"}
{"timestamp":"2026-06-28T14:28:36.900799Z","level":"info","event":"    52.52      13.42 2026-06-30 06:00:00+00:00            19.5   0.0      0.00","logger":"task.stdout"}
{"timestamp":"2026-06-28T14:28:36.901422Z","level":"info","event":"    52.52      13.42 2026-06-30 07:00:00+00:00            19.4   0.0      0.10","logger":"task.stdout"}
{"timestamp":"2026-06-28T14:28:36.901896Z","level":"info","event":"    52.52      13.42 2026-06-30 08:00:00+00:00            19.4   0.0      0.65","logger":"task.stdout"}
{"timestamp":"2026-06-28T14:28:36.902307Z","level":"info","event":"    52.52      13.42 2026-06-30 09:00:00+00:00            19.9   0.0      1.55","logger":"task.stdout"}
{"timestamp":"2026-06-28T14:28:36.902722Z","level":"info","event":"    52.52      13.42 2026-06-30 10:00:00+00:00            20.4   0.0      2.60","logger":"task.stdout"}
{"timestamp":"2026-06-28T14:28:36.903673Z","level":"info","event":"    52.52      13.42 2026-06-30 11:00:00+00:00            21.4   0.0      3.30","logger":"task.stdout"}
{"timestamp":"2026-06-28T14:28:36.904086Z","level":"info","event":"    52.52      13.42 2026-06-30 12:00:00+00:00            22.6   0.0      4.40","logger":"task.stdout"}
{"timestamp":"2026-06-28T14:28:36.904750Z","level":"info","event":"    52.52      13.42 2026-06-30 13:00:00+00:00            24.2   0.0      5.30","logger":"task.stdout"}
{"timestamp":"2026-06-28T14:28:36.905302Z","level":"info","event":"    52.52      13.42 2026-06-30 14:00:00+00:00            25.6   0.0      2.55","logger":"task.stdout"}
{"timestamp":"2026-06-28T14:28:36.905741Z","level":"info","event":"    52.52      13.42 2026-06-30 15:00:00+00:00            26.9   0.0      4.80","logger":"task.stdout"}
{"timestamp":"2026-06-28T14:28:36.906121Z","level":"info","event":"    52.52      13.42 2026-06-30 16:00:00+00:00            27.6   0.0      3.20","logger":"task.stdout"}
{"timestamp":"2026-06-28T14:28:36.906469Z","level":"info","event":"    52.52      13.42 2026-06-30 17:00:00+00:00            27.8   0.0      0.70","logger":"task.stdout"}
{"timestamp":"2026-06-28T14:28:36.906875Z","level":"info","event":"    52.52      13.42 2026-06-30 18:00:00+00:00            27.3   0.0      1.90","logger":"task.stdout"}
{"timestamp":"2026-06-28T14:28:36.907285Z","level":"info","event":"    52.52      13.42 2026-06-30 19:00:00+00:00            26.9   0.0      1.25","logger":"task.stdout"}
{"timestamp":"2026-06-28T14:28:36.907607Z","level":"info","event":"    52.52      13.42 2026-06-30 20:00:00+00:00            26.5   0.0      0.30","logger":"task.stdout"}
{"timestamp":"2026-06-28T14:28:36.907936Z","level":"info","event":"    52.52      13.42 2026-06-30 21:00:00+00:00            25.9   0.0      0.30","logger":"task.stdout"}
{"timestamp":"2026-06-28T14:28:36.908272Z","level":"info","event":"    52.52      13.42 2026-06-30 22:00:00+00:00            24.7   0.0      0.05","logger":"task.stdout"}
{"timestamp":"2026-06-28T14:28:36.908671Z","level":"info","event":"    52.52      13.42 2026-06-30 23:00:00+00:00            23.5   0.0      0.00","logger":"task.stdout"}
{"timestamp":"2026-06-28T14:28:36.908990Z","level":"info","event":"    52.52      13.42 2026-07-01 00:00:00+00:00            22.7   0.0      0.00","logger":"task.stdout"}
{"timestamp":"2026-06-28T14:28:36.909359Z","level":"info","event":"    52.52      13.42 2026-07-01 01:00:00+00:00            22.2   0.0      0.00","logger":"task.stdout"}
{"timestamp":"2026-06-28T14:28:36.909843Z","level":"info","event":"    52.52      13.42 2026-07-01 02:00:00+00:00            21.8   0.0      0.00","logger":"task.stdout"}
{"timestamp":"2026-06-28T14:28:36.910294Z","level":"info","event":"    52.52      13.42 2026-07-01 03:00:00+00:00            21.1   0.0      0.00","logger":"task.stdout"}
{"timestamp":"2026-06-28T14:28:36.910691Z","level":"info","event":"    52.52      13.42 2026-07-01 04:00:00+00:00            20.8   0.0      0.00","logger":"task.stdout"}
{"timestamp":"2026-06-28T14:28:36.911017Z","level":"info","event":"    52.52      13.42 2026-07-01 05:00:00+00:00            20.7   0.0      0.00","logger":"task.stdout"}
{"timestamp":"2026-06-28T14:28:36.911530Z","level":"info","event":"    52.52      13.42 2026-07-01 06:00:00+00:00            20.5   0.0      0.00","logger":"task.stdout"}
{"timestamp":"2026-06-28T14:28:36.912093Z","level":"info","event":"    52.52      13.42 2026-07-01 07:00:00+00:00            20.3   0.0      0.05","logger":"task.stdout"}
{"timestamp":"2026-06-28T14:28:36.912683Z","level":"info","event":"    52.52      13.42 2026-07-01 08:00:00+00:00            19.0   0.0      0.15","logger":"task.stdout"}
{"timestamp":"2026-06-28T14:28:36.913397Z","level":"info","event":"    52.52      13.42 2026-07-01 09:00:00+00:00            19.3   0.0      0.70","logger":"task.stdout"}
{"timestamp":"2026-06-28T14:28:36.913797Z","level":"info","event":"    52.52      13.42 2026-07-01 10:00:00+00:00            20.2   0.0      1.00","logger":"task.stdout"}
{"timestamp":"2026-06-28T14:28:36.914123Z","level":"info","event":"    52.52      13.42 2026-07-01 11:00:00+00:00            20.9   0.0      1.85","logger":"task.stdout"}
{"timestamp":"2026-06-28T14:28:36.914453Z","level":"info","event":"    52.52      13.42 2026-07-01 12:00:00+00:00            21.3   0.0      3.00","logger":"task.stdout"}
{"timestamp":"2026-06-28T14:28:36.914801Z","level":"info","event":"    52.52      13.42 2026-07-01 13:00:00+00:00            21.6   0.0      2.80","logger":"task.stdout"}
{"timestamp":"2026-06-28T14:28:36.915132Z","level":"info","event":"    52.52      13.42 2026-07-01 14:00:00+00:00            22.5   0.0      4.65","logger":"task.stdout"}
{"timestamp":"2026-06-28T14:28:36.915468Z","level":"info","event":"    52.52      13.42 2026-07-01 15:00:00+00:00            23.2   0.0      5.10","logger":"task.stdout"}
{"timestamp":"2026-06-28T14:28:36.915767Z","level":"info","event":"    52.52      13.42 2026-07-01 16:00:00+00:00            23.7   0.0      5.95","logger":"task.stdout"}
{"timestamp":"2026-06-28T14:28:36.916093Z","level":"info","event":"    52.52      13.42 2026-07-01 17:00:00+00:00            24.0   0.0      4.05","logger":"task.stdout"}
{"timestamp":"2026-06-28T14:28:36.916424Z","level":"info","event":"    52.52      13.42 2026-07-01 18:00:00+00:00            24.1   0.0      2.35","logger":"task.stdout"}
{"timestamp":"2026-06-28T14:28:36.916751Z","level":"info","event":"    52.52      13.42 2026-07-01 19:00:00+00:00            23.8   0.0      1.20","logger":"task.stdout"}
{"timestamp":"2026-06-28T14:28:36.917080Z","level":"info","event":"    52.52      13.42 2026-07-01 20:00:00+00:00            23.2   0.0      0.50","logger":"task.stdout"}
{"timestamp":"2026-06-28T14:28:36.917444Z","level":"info","event":"    52.52      13.42 2026-07-01 21:00:00+00:00            22.5   0.0      0.25","logger":"task.stdout"}
{"timestamp":"2026-06-28T14:28:36.918123Z","level":"info","event":"    52.52      13.42 2026-07-01 22:00:00+00:00            21.5   0.0      0.25","logger":"task.stdout"}
{"timestamp":"2026-06-28T14:28:36.918426Z","level":"info","event":"    52.52      13.42 2026-07-01 23:00:00+00:00            20.5   0.0      0.00","logger":"task.stdout"}
{"timestamp":"2026-06-28T14:28:36.918763Z","level":"info","event":"    52.52      13.42 2026-07-02 00:00:00+00:00            19.5   0.0      0.00","logger":"task.stdout"}
{"timestamp":"2026-06-28T14:28:36.919217Z","level":"info","event":"    52.52      13.42 2026-07-02 01:00:00+00:00            18.7   0.0      0.00","logger":"task.stdout"}
{"timestamp":"2026-06-28T14:28:36.919557Z","level":"info","event":"    52.52      13.42 2026-07-02 02:00:00+00:00            18.0   0.0      0.00","logger":"task.stdout"}
{"timestamp":"2026-06-28T14:28:36.919882Z","level":"info","event":"    52.52      13.42 2026-07-02 03:00:00+00:00            17.5   0.0      0.00","logger":"task.stdout"}
{"timestamp":"2026-06-28T14:28:36.920209Z","level":"info","event":"","logger":"task.stdout"}
{"timestamp":"2026-06-28T14:28:36.920578Z","level":"info","event":"============================================================","logger":"task.stdout"}
{"timestamp":"2026-06-28T14:28:36.920886Z","level":"info","event":"","logger":"task.stdout"}
{"timestamp":"2026-06-28T14:28:36.993387Z","level":"info","event":"Done. Returned value was: None","try_number":1,"ti_id":"019f0ea1-c5e7-7635-bbd6-987e88630ea0","dag_id":"dag01","task_id":"PRELOAD01","map_index":-1,"run_id":"manual__2026-06-28T14:28:30.803065+00:00","logger":"airflow.task.operators.airflow.providers.standard.operators.python.PythonOperator","filename":"python.py","lineno":233}
{"timestamp":"2026-06-28T14:28:36.993686Z","level":"info","event":"::group::Post Execute","try_number":1,"ti_id":"019f0ea1-c5e7-7635-bbd6-987e88630ea0","dag_id":"dag01","task_id":"PRELOAD01","map_index":-1,"run_id":"manual__2026-06-28T14:28:30.803065+00:00","logger":"task","filename":"task_runner.py","lineno":1288}
{"timestamp":"2026-06-28T14:28:37.031774Z","level":"info","event":"::endgroup::","try_number":1,"ti_id":"019f0ea1-c5e7-7635-bbd6-987e88630ea0","dag_id":"dag01","task_id":"PRELOAD01","map_index":-1,"run_id":"manual__2026-06-28T14:28:30.803065+00:00","logger":"task","filename":"task_runner.py","lineno":1896}
