{"timestamp":"2026-06-29T22:25:27.991918Z","level":"info","event":"::group::Pre Execute","logger":"task","filename":"task_runner.py","lineno":1926}
{"timestamp":"2026-06-29T22:25:28.041452Z","level":"info","event":"DAG bundles loaded: dags-folder","task_id":"PRELOAD01","ti_id":"019f157c-b730-7de2-9aab-2e5098468638","try_number":1,"run_id":"manual__2026-06-29T22:25:22.698316+00:00","map_index":-1,"dag_id":"dag01","logger":"airflow.dag_processing.bundles.manager.DagBundlesManager","filename":"manager.py","lineno":209}
{"timestamp":"2026-06-29T22:25:28.045049Z","level":"info","event":"Filling up the DagBag from /opt/airflow/dags/dag01.py","task_id":"PRELOAD01","ti_id":"019f157c-b730-7de2-9aab-2e5098468638","try_number":1,"run_id":"manual__2026-06-29T22:25:22.698316+00:00","map_index":-1,"dag_id":"dag01","logger":"airflow.dag_processing.dagbag.BundleDagBag","filename":"dagbag.py","lineno":469}
{"timestamp":"2026-06-29T22:25:29.084829Z","level":"info","event":"::endgroup::","task_id":"PRELOAD01","ti_id":"019f157c-b730-7de2-9aab-2e5098468638","try_number":1,"run_id":"manual__2026-06-29T22:25:22.698316+00:00","map_index":-1,"dag_id":"dag01","logger":"task","filename":"task_runner.py","lineno":1727}
{"timestamp":"2026-06-29T22:25:29.165474Z","level":"info","event":"Database connection established successfully.","logger":"src.database.connection","task_id":"PRELOAD01","ti_id":"019f157c-b730-7de2-9aab-2e5098468638","try_number":1,"run_id":"manual__2026-06-29T22:25:22.698316+00:00","map_index":-1,"dag_id":"dag01","filename":"connection.py","lineno":35}
{"timestamp":"2026-06-29T22:25:29.169694Z","level":"info","event":"Comparing 168 new rows against weather_forecasts for (lat=52.52000, lon=13.42000) from 2026-06-30 00:00:00+00:00 to 2026-07-06 23:00:00+00:00","logger":"src.etl.compare","task_id":"PRELOAD01","ti_id":"019f157c-b730-7de2-9aab-2e5098468638","try_number":1,"run_id":"manual__2026-06-29T22:25:22.698316+00:00","map_index":-1,"dag_id":"dag01","filename":"compare.py","lineno":240}
{"timestamp":"2026-06-29T22:25:29.245688Z","level":"info","event":"Compare complete: 0 new | 159 existing | 9 changed | 0 stale","logger":"src.etl.compare","task_id":"PRELOAD01","ti_id":"019f157c-b730-7de2-9aab-2e5098468638","try_number":1,"run_id":"manual__2026-06-29T22:25:22.698316+00:00","map_index":-1,"dag_id":"dag01","filename":"compare.py","lineno":315}
{"timestamp":"2026-06-29T22:25:29.247143Z","level":"info","event":"","logger":"task.stdout"}
{"timestamp":"2026-06-29T22:25:29.247742Z","level":"info","event":"============================================================","logger":"task.stdout"}
{"timestamp":"2026-06-29T22:25:29.248324Z","level":"info","event":"  WEATHER_FORECASTS — COMPARE REPORT","logger":"task.stdout"}
{"timestamp":"2026-06-29T22:25:29.248814Z","level":"info","event":"============================================================","logger":"task.stdout"}
{"timestamp":"2026-06-29T22:25:29.249347Z","level":"info","event":"  New batch rows   :    168","logger":"task.stdout"}
{"timestamp":"2026-06-29T22:25:29.249848Z","level":"info","event":"  DB rows (window) :    168","logger":"task.stdout"}
{"timestamp":"2026-06-29T22:25:29.250298Z","level":"info","event":"============================================================","logger":"task.stdout"}
{"timestamp":"2026-06-29T22:25:29.250792Z","level":"info","event":"  🟢 New (to insert)  :      0","logger":"task.stdout"}
{"timestamp":"2026-06-29T22:25:29.251430Z","level":"info","event":"  ✅ Existing (match) :    159","logger":"task.stdout"}
{"timestamp":"2026-06-29T22:25:29.251886Z","level":"info","event":"  🟡 Changed (drift)  :      9","logger":"task.stdout"}
{"timestamp":"2026-06-29T22:25:29.252504Z","level":"info","event":"  🔴 Stale (DB only)  :      0","logger":"task.stdout"}
{"timestamp":"2026-06-29T22:25:29.253003Z","level":"info","event":"============================================================","logger":"task.stdout"}
{"timestamp":"2026-06-29T22:25:29.253504Z","level":"info","event":"","logger":"task.stdout"}
{"timestamp":"2026-06-29T22:25:29.253951Z","level":"info","event":"── Changed rows (first 5) ──","logger":"task.stdout"}
{"timestamp":"2026-06-29T22:25:29.265794Z","level":"info","event":" latitude  longitude             forecast_time  rain_new  is_day_new  uv_index_new  visibility_new  cloud_cover_new  dew_point_2m_new  temperature_2m_new  wind_gusts_10m_new  wind_speed_10m_new  surface_pressure_new  sunshine_duration_new  wind_direction_10m_new  apparent_temperature_new  relative_humidity_2m_new  precipitation_probability_new timezone_new  elevation_new model_used_new  rain_db  is_day_db  uv_index_db  visibility_db  cloud_cover_db  dew_point_2m_db  temperature_2m_db  wind_gusts_10m_db  wind_speed_10m_db  surface_pressure_db  sunshine_duration_db  wind_direction_10m_db  apparent_temperature_db  relative_humidity_2m_db  precipitation_probability_db  timezone_db  elevation_db model_used_db","logger":"task.stdout"}
{"timestamp":"2026-06-29T22:25:29.266334Z","level":"info","event":"    52.52      13.42 2026-07-04 13:00:00+00:00      0.08        True          5.20           29605               98              11.1                18.0                37.1                12.8                1016.1                1373.31                     253                      16.4                        64                              5 Africa/Cairo             38     best_match     0.08       True         5.20          29605              98             11.1               18.0               37.1               12.8               1016.1               1373.31                    241                     16.4                       64                             5 Africa/Cairo            38    best_match","logger":"task.stdout"}
{"timestamp":"2026-06-29T22:25:29.266740Z","level":"info","event":"    52.52      13.42 2026-07-04 14:00:00+00:00      0.05        True          4.55           37740               97              10.8                19.3                40.3                14.9                1016.3                1800.00                     270                      17.4                        59                              5 Africa/Cairo             38     best_match     0.05       True         4.55          37740              97             10.8               19.3               40.3               15.0               1016.3               1800.00                    244                     17.4                       59                             5 Africa/Cairo            38    best_match","logger":"task.stdout"}
{"timestamp":"2026-06-29T22:25:29.267240Z","level":"info","event":"    52.52      13.42 2026-07-04 15:00:00+00:00      0.03        True          4.95           42605               96               9.6                20.6                42.0                15.9                1016.9                2700.00                     282                      18.4                        50                              5 Africa/Cairo             38     best_match     0.03       True         4.95          42605              96              9.6               20.6               42.0               15.9               1016.9               2700.00                    246                     18.4                       50                             5 Africa/Cairo            38    best_match","logger":"task.stdout"}
{"timestamp":"2026-06-29T22:25:29.267631Z","level":"info","event":"    52.52      13.42 2026-07-04 16:00:00+00:00      0.00        True          4.60           44180               94               8.5                22.0                42.5                16.3                1017.6                3600.00                     295                      19.3                        42                              6 Africa/Cairo             38     best_match     0.00       True         4.60          44180              94              8.5               22.0               42.5               15.3               1017.6               3600.00                    255                     19.5                       42                             6 Africa/Cairo            38    best_match","logger":"task.stdout"}
{"timestamp":"2026-06-29T22:25:29.268298Z","level":"info","event":"    52.52      13.42 2026-07-04 17:00:00+00:00      0.00        True          4.20           44180               95               9.0                22.5                42.5                16.3                1017.2                3600.00                     295                      19.9                        42                              6 Africa/Cairo             38     best_match     0.00       True         4.20          44180              95              9.0               22.5               42.5               14.8               1017.2               3600.00                    269                     20.1                       42                             6 Africa/Cairo            38    best_match","logger":"task.stdout"}
{"timestamp":"2026-06-29T22:25:29.268754Z","level":"info","event":"","logger":"task.stdout"}
{"timestamp":"2026-06-29T22:25:29.269392Z","level":"info","event":"── Column drift summary ──","logger":"task.stdout"}
{"timestamp":"2026-06-29T22:25:29.269949Z","level":"info","event":"  apparent_temperature           rows=   6  mean_Δ=   0.15  max_Δ=    0.2","logger":"task.stdout"}
{"timestamp":"2026-06-29T22:25:29.270423Z","level":"info","event":"  wind_speed_10m                 rows=   7  mean_Δ= 0.9714  max_Δ=    1.5","logger":"task.stdout"}
{"timestamp":"2026-06-29T22:25:29.270999Z","level":"info","event":"  wind_direction_10m             rows=   9  mean_Δ=20.1111  max_Δ=   40.0","logger":"task.stdout"}
{"timestamp":"2026-06-29T22:25:29.271554Z","level":"info","event":"","logger":"task.stdout"}
{"timestamp":"2026-06-29T22:25:29.272013Z","level":"info","event":"============================================================","logger":"task.stdout"}
{"timestamp":"2026-06-29T22:25:29.272498Z","level":"info","event":"","logger":"task.stdout"}
{"timestamp":"2026-06-29T22:25:29.309881Z","level":"info","event":"Done. Returned value was: None","task_id":"PRELOAD01","ti_id":"019f157c-b730-7de2-9aab-2e5098468638","try_number":1,"run_id":"manual__2026-06-29T22:25:22.698316+00:00","map_index":-1,"dag_id":"dag01","logger":"airflow.task.operators.airflow.providers.standard.operators.python.PythonOperator","filename":"python.py","lineno":233}
{"timestamp":"2026-06-29T22:25:29.310197Z","level":"info","event":"::group::Post Execute","task_id":"PRELOAD01","ti_id":"019f157c-b730-7de2-9aab-2e5098468638","try_number":1,"run_id":"manual__2026-06-29T22:25:22.698316+00:00","map_index":-1,"dag_id":"dag01","logger":"task","filename":"task_runner.py","lineno":1288}
{"timestamp":"2026-06-29T22:25:29.369994Z","level":"info","event":"::endgroup::","task_id":"PRELOAD01","ti_id":"019f157c-b730-7de2-9aab-2e5098468638","try_number":1,"run_id":"manual__2026-06-29T22:25:22.698316+00:00","map_index":-1,"dag_id":"dag01","logger":"task","filename":"task_runner.py","lineno":1896}
