{"timestamp":"2026-06-28T15:14:52.800311Z","level":"info","event":"::group::Pre Execute","logger":"task","filename":"task_runner.py","lineno":1926}
{"timestamp":"2026-06-28T15:14:52.824924Z","level":"info","event":"DAG bundles loaded: dags-folder","dag_id":"dag01","task_id":"PRELOAD01","try_number":1,"run_id":"manual__2026-06-28T15:14:47.905605+00:00","map_index":-1,"ti_id":"019f0ecc-2607-7b14-b956-61b485cb3dcf","logger":"airflow.dag_processing.bundles.manager.DagBundlesManager","filename":"manager.py","lineno":209}
{"timestamp":"2026-06-28T15:14:52.827779Z","level":"info","event":"Filling up the DagBag from /opt/airflow/dags/dag01.py","dag_id":"dag01","task_id":"PRELOAD01","try_number":1,"run_id":"manual__2026-06-28T15:14:47.905605+00:00","map_index":-1,"ti_id":"019f0ecc-2607-7b14-b956-61b485cb3dcf","logger":"airflow.dag_processing.dagbag.BundleDagBag","filename":"dagbag.py","lineno":469}
{"timestamp":"2026-06-28T15:14:53.638785Z","level":"info","event":"::endgroup::","dag_id":"dag01","task_id":"PRELOAD01","try_number":1,"run_id":"manual__2026-06-28T15:14:47.905605+00:00","map_index":-1,"ti_id":"019f0ecc-2607-7b14-b956-61b485cb3dcf","logger":"task","filename":"task_runner.py","lineno":1727}
{"timestamp":"2026-06-28T15:14:53.731096Z","level":"info","event":"Database connection established successfully.","logger":"src.database.connection","dag_id":"dag01","task_id":"PRELOAD01","try_number":1,"run_id":"manual__2026-06-28T15:14:47.905605+00:00","map_index":-1,"ti_id":"019f0ecc-2607-7b14-b956-61b485cb3dcf","filename":"connection.py","lineno":35}
{"timestamp":"2026-06-28T15:14:53.735853Z","level":"info","event":"Comparing 168 new rows against weather_forecasts for (lat=52.52000, lon=13.42000) from 2026-06-28 00:00:00+00:00 to 2026-07-04 23:00:00+00:00","logger":"src.etl.compare","dag_id":"dag01","task_id":"PRELOAD01","try_number":1,"run_id":"manual__2026-06-28T15:14:47.905605+00:00","map_index":-1,"ti_id":"019f0ecc-2607-7b14-b956-61b485cb3dcf","filename":"compare.py","lineno":240}
{"timestamp":"2026-06-28T15:14:53.803263Z","level":"info","event":"Compare complete: 0 new | 168 existing | 0 changed | 0 stale","logger":"src.etl.compare","dag_id":"dag01","task_id":"PRELOAD01","try_number":1,"run_id":"manual__2026-06-28T15:14:47.905605+00:00","map_index":-1,"ti_id":"019f0ecc-2607-7b14-b956-61b485cb3dcf","filename":"compare.py","lineno":315}
{"timestamp":"2026-06-28T15:14:53.804481Z","level":"info","event":"","logger":"task.stdout"}
{"timestamp":"2026-06-28T15:14:53.806963Z","level":"info","event":"============================================================","logger":"task.stdout"}
{"timestamp":"2026-06-28T15:14:53.807514Z","level":"info","event":"  WEATHER_FORECASTS — COMPARE REPORT","logger":"task.stdout"}
{"timestamp":"2026-06-28T15:14:53.808386Z","level":"info","event":"============================================================","logger":"task.stdout"}
{"timestamp":"2026-06-28T15:14:53.808853Z","level":"info","event":"  New batch rows   :    168","logger":"task.stdout"}
{"timestamp":"2026-06-28T15:14:53.809428Z","level":"info","event":"  DB rows (window) :    168","logger":"task.stdout"}
{"timestamp":"2026-06-28T15:14:53.809934Z","level":"info","event":"============================================================","logger":"task.stdout"}
{"timestamp":"2026-06-28T15:14:53.810483Z","level":"info","event":"  🟢 New (to insert)  :      0","logger":"task.stdout"}
{"timestamp":"2026-06-28T15:14:53.811017Z","level":"info","event":"  ✅ Existing (match) :    168","logger":"task.stdout"}
{"timestamp":"2026-06-28T15:14:53.811542Z","level":"info","event":"  🟡 Changed (drift)  :      0","logger":"task.stdout"}
{"timestamp":"2026-06-28T15:14:53.812137Z","level":"info","event":"  🔴 Stale (DB only)  :      0","logger":"task.stdout"}
{"timestamp":"2026-06-28T15:14:53.812662Z","level":"info","event":"============================================================","logger":"task.stdout"}
{"timestamp":"2026-06-28T15:14:53.813201Z","level":"info","event":"","logger":"task.stdout"}
{"timestamp":"2026-06-28T15:14:53.813888Z","level":"info","event":"============================================================","logger":"task.stdout"}
{"timestamp":"2026-06-28T15:14:53.814422Z","level":"info","event":"","logger":"task.stdout"}
{"timestamp":"2026-06-28T15:14:53.851709Z","level":"info","event":"Done. Returned value was: None","dag_id":"dag01","task_id":"PRELOAD01","try_number":1,"run_id":"manual__2026-06-28T15:14:47.905605+00:00","map_index":-1,"ti_id":"019f0ecc-2607-7b14-b956-61b485cb3dcf","logger":"airflow.task.operators.airflow.providers.standard.operators.python.PythonOperator","filename":"python.py","lineno":233}
{"timestamp":"2026-06-28T15:14:53.852022Z","level":"info","event":"::group::Post Execute","dag_id":"dag01","task_id":"PRELOAD01","try_number":1,"run_id":"manual__2026-06-28T15:14:47.905605+00:00","map_index":-1,"ti_id":"019f0ecc-2607-7b14-b956-61b485cb3dcf","logger":"task","filename":"task_runner.py","lineno":1288}
{"timestamp":"2026-06-28T15:14:53.903776Z","level":"info","event":"::endgroup::","dag_id":"dag01","task_id":"PRELOAD01","try_number":1,"run_id":"manual__2026-06-28T15:14:47.905605+00:00","map_index":-1,"ti_id":"019f0ecc-2607-7b14-b956-61b485cb3dcf","logger":"task","filename":"task_runner.py","lineno":1896}
